2026-02-05 11:59:52,270 [INFO] main_window: Multithreading with maximum 32 threads
2026-02-05 11:59:52,375 [INFO] main: Application started
2026-02-05 12:00:55,279 [INFO] processor: Successfully split image: C:/Users/sky/Desktop/1770264037990_1770260187146319745_8791.png
2026-02-05 12:13:57,091 [INFO] main_window: Multithreading with maximum 32 threads
2026-02-05 12:13:57,185 [INFO] main: Application started
2026-02-05 12:14:39,470 [INFO] processor: Successfully split image: C:/Users/sky/Desktop/1770264037990_1770260187146319745_8791.png
2026-02-05 12:15:16,526 [ERROR] processor: Error stitching images: unknown file extension: 
2026-02-05 12:15:24,911 [ERROR] processor: Error stitching images: unknown file extension: 
2026-02-05 12:17:03,393 [INFO] main_window: Multithreading with maximum 32 threads
2026-02-05 12:17:03,482 [INFO] main: Application started
2026-02-05 12:17:14,938 [INFO] processor: Successfully stitched 4 images to C:/Users/sky/Desktop\stitched_1770264037990_1770260187146319745_8791_1.jpg
2026-02-05 12:31:26,878 [ERROR] widgets: Failed to generate thumbnail for perf_test_images\img_10.jpg: [Errno 2] No such file or directory: 'G:\\develop-G\\file\\perf_test_images\\img_10.jpg'
2026-02-05 12:31:28,412 [ERROR] widgets: Failed to generate thumbnail for perf_test_images\img_100.jpg: [Errno 2] No such file or directory: 'G:\\develop-G\\file\\perf_test_images\\img_100.jpg'
2026-02-05 12:31:28,437 [ERROR] widgets: Failed to generate thumbnail for perf_test_images\img_101.jpg: [Errno 2] No such file or directory: 'G:\\develop-G\\file\\perf_test_images\\img_101.jpg'
2026-02-05 12:31:28,461 [ERROR] widgets: Failed to generate thumbnail for perf_test_images\img_102.jpg: [Errno 2] No such file or directory: 'G:\\develop-G\\file\\perf_test_images\\img_102.jpg'
2026-02-05 12:31:28,476 [ERROR] widgets: Failed to generate thumbnail for perf_test_images\img_103.jpg: [Errno 2] No such file or directory: 'G:\\develop-G\\file\\perf_test_images\\img_103.jpg'
2026-02-05 12:31:28,487 [ERROR] widgets: Failed to generate thumbnail for perf_test_images\img_104.jpg: [Errno 2] No such file or directory: 'G:\\develop-G\\file\\perf_test_images\\img_104.jpg'
2026-02-05 12:31:28,504 [ERROR] widgets: Failed to generate thumbnail for perf_test_images\img_105.jpg: [Errno 2] No such file or directory: 'G:\\develop-G\\file\\perf_test_images\\img_105.jpg'
2026-02-05 12:31:28,518 [ERROR] widgets: Failed to generate thumbnail for perf_test_images\img_106.jpg: [Errno 2] No such file or directory: 'G:\\develop-G\\file\\perf_test_images\\img_106.jpg'
2026-02-05 12:31:28,534 [ERROR] widgets: Failed to generate thumbnail for perf_test_images\img_107.jpg: [Errno 2] No such file or directory: 'G:\\develop-G\\file\\perf_test_images\\img_107.jpg'
2026-02-05 12:31:28,551 [ERROR] widgets: Failed to generate thumbnail for perf_test_images\img_108.jpg: [Errno 2] No such file or directory: 'G:\\develop-G\\file\\perf_test_images\\img_108.jpg'
2026-02-05 12:31:28,565 [ERROR] widgets: Failed to generate thumbnail for perf_test_images\img_109.jpg: [Errno 2] No such file or directory: 'G:\\develop-G\\file\\perf_test_images\\img_109.jpg'
2026-02-05 12:31:28,581 [ERROR] widgets: Failed to generate thumbnail for perf_test_images\img_110.jpg: [Errno 2] No such file or directory: 'G:\\develop-G\\file\\perf_test_images\\img_110.jpg'
2026-02-05 12:31:28,597 [ERROR] widgets: Failed to generate thumbnail for perf_test_images\img_111.jpg: [Errno 2] No such file or directory: 'G:\\develop-G\\file\\perf_test_images\\img_111.jpg'
2026-02-05 12:31:28,614 [ERROR] widgets: Failed to generate thumbnail for perf_test_images\img_112.jpg: [Errno 2] No such file or directory: 'G:\\develop-G\\file\\perf_test_images\\img_112.jpg'
2026-02-05 12:31:28,630 [ERROR] widgets: Failed to generate thumbnail for perf_test_images\img_113.jpg: [Errno 2] No such file or directory: 'G:\\develop-G\\file\\perf_test_images\\img_113.jpg'
2026-02-05 12:31:28,647 [ERROR] widgets: Failed to generate thumbnail for perf_test_images\img_114.jpg: [Errno 2] No such file or directory: 'G:\\develop-G\\file\\perf_test_images\\img_114.jpg'
2026-02-05 12:31:28,662 [ERROR] widgets: Failed to generate thumbnail for perf_test_images\img_115.jpg: [Errno 2] No such file or directory: 'G:\\develop-G\\file\\perf_test_images\\img_115.jpg'
2026-02-05 12:31:28,679 [ERROR] widgets: Failed to generate thumbnail for perf_test_images\img_116.jpg: [Errno 2] No such file or directory: 'G:\\develop-G\\file\\perf_test_images\\img_116.jpg'
2026-02-05 12:31:28,694 [ERROR] widgets: Failed to generate thumbnail for perf_test_images\img_117.jpg: [Errno 2] No such file or directory: 'G:\\develop-G\\file\\perf_test_images\\img_117.jpg'
2026-02-05 12:31:28,721 [ERROR] widgets: Failed to generate thumbnail for perf_test_images\img_118.jpg: [Errno 2] No such file or directory: 'G:\\develop-G\\file\\perf_test_images\\img_118.jpg'
2026-02-05 12:31:28,734 [ERROR] widgets: Failed to generate thumbnail for perf_test_images\img_119.jpg: [Errno 2] No such file or directory: 'G:\\develop-G\\file\\perf_test_images\\img_119.jpg'
2026-02-05 12:31:28,750 [ERROR] widgets: Failed to generate thumbnail for perf_test_images\img_120.jpg: [Errno 2] No such file or directory: 'G:\\develop-G\\file\\perf_test_images\\img_120.jpg'
2026-02-05 12:31:28,765 [ERROR] widgets: Failed to generate thumbnail for perf_test_images\img_121.jpg: [Errno 2] No such file or directory: 'G:\\develop-G\\file\\perf_test_images\\img_121.jpg'
2026-02-05 12:31:28,782 [ERROR] widgets: Failed to generate thumbnail for perf_test_images\img_122.jpg: [Errno 2] No such file or directory: 'G:\\develop-G\\file\\perf_test_images\\img_122.jpg'
2026-02-05 12:31:28,797 [ERROR] widgets: Failed to generate thumbnail for perf_test_images\img_123.jpg: [Errno 2] No such file or directory: 'G:\\develop-G\\file\\perf_test_images\\img_123.jpg'
2026-02-05 12:31:28,812 [ERROR] widgets: Failed to generate thumbnail for perf_test_images\img_124.jpg: [Errno 2] No such file or directory: 'G:\\develop-G\\file\\perf_test_images\\img_124.jpg'
2026-02-05 12:31:28,829 [ERROR] widgets: Failed to generate thumbnail for perf_test_images\img_125.jpg: [Errno 2] No such file or directory: 'G:\\develop-G\\file\\perf_test_images\\img_125.jpg'
2026-02-05 12:31:28,854 [ERROR] widgets: Failed to generate thumbnail for perf_test_images\img_126.jpg: [Errno 2] No such file or directory: 'G:\\develop-G\\file\\perf_test_images\\img_126.jpg'
2026-02-05 12:31:28,870 [ERROR] widgets: Failed to generate thumbnail for perf_test_images\img_127.jpg: [Errno 2] No such file or directory: 'G:\\develop-G\\file\\perf_test_images\\img_127.jpg'
2026-02-05 12:31:28,886 [ERROR] widgets: Failed to generate thumbnail for perf_test_images\img_128.jpg: [Errno 2] No such file or directory: 'G:\\develop-G\\file\\perf_test_images\\img_128.jpg'
2026-02-05 12:31:28,902 [ERROR] widgets: Failed to generate thumbnail for perf_test_images\img_129.jpg: [Errno 2] No such file or directory: 'G:\\develop-G\\file\\perf_test_images\\img_129.jpg'
2026-02-05 12:31:28,919 [ERROR] widgets: Failed to generate thumbnail for perf_test_images\img_130.jpg: [Errno 2] No such file or directory: 'G:\\develop-G\\file\\perf_test_images\\img_130.jpg'
2026-02-05 12:31:28,934 [ERROR] widgets: Failed to generate thumbnail for perf_test_images\img_131.jpg: [Errno 2] No such file or directory: 'G:\\develop-G\\file\\perf_test_images\\img_131.jpg'
2026-02-05 12:31:28,949 [ERROR] widgets: Failed to generate thumbnail for perf_test_images\img_132.jpg: [Errno 2] No such file or directory: 'G:\\develop-G\\file\\perf_test_images\\img_132.jpg'
2026-02-05 12:31:28,965 [ERROR] widgets: Failed to generate thumbnail for perf_test_images\img_133.jpg: [Errno 2] No such file or directory: 'G:\\develop-G\\file\\perf_test_images\\img_133.jpg'
2026-02-05 12:31:28,980 [ERROR] widgets: Failed to generate thumbnail for perf_test_images\img_134.jpg: [Errno 2] No such file or directory: 'G:\\develop-G\\file\\perf_test_images\\img_134.jpg'
2026-02-05 12:31:28,997 [ERROR] widgets: Failed to generate thumbnail for perf_test_images\img_135.jpg: [Errno 2] No such file or directory: 'G:\\develop-G\\file\\perf_test_images\\img_135.jpg'
2026-02-05 12:31:29,013 [ERROR] widgets: Failed to generate thumbnail for perf_test_images\img_136.jpg: [Errno 2] No such file or directory: 'G:\\develop-G\\file\\perf_test_images\\img_136.jpg'
2026-02-05 12:31:29,030 [ERROR] widgets: Failed to generate thumbnail for perf_test_images\img_137.jpg: [Errno 2] No such file or directory: 'G:\\develop-G\\file\\perf_test_images\\img_137.jpg'
2026-02-05 12:31:29,045 [ERROR] widgets: Failed to generate thumbnail for perf_test_images\img_138.jpg: [Errno 2] No such file or directory: 'G:\\develop-G\\file\\perf_test_images\\img_138.jpg'
2026-02-05 12:31:29,061 [ERROR] widgets: Failed to generate thumbnail for perf_test_images\img_139.jpg: [Errno 2] No such file or directory: 'G:\\develop-G\\file\\perf_test_images\\img_139.jpg'
2026-02-05 12:31:29,078 [ERROR] widgets: Failed to generate thumbnail for perf_test_images\img_140.jpg: [Errno 2] No such file or directory: 'G:\\develop-G\\file\\perf_test_images\\img_140.jpg'
2026-02-05 12:31:29,094 [ERROR] widgets: Failed to generate thumbnail for perf_test_images\img_141.jpg: [Errno 2] No such file or directory: 'G:\\develop-G\\file\\perf_test_images\\img_141.jpg'
2026-02-05 12:31:29,110 [ERROR] widgets: Failed to generate thumbnail for perf_test_images\img_142.jpg: [Errno 2] No such file or directory: 'G:\\develop-G\\file\\perf_test_images\\img_142.jpg'
2026-02-05 12:31:29,127 [ERROR] widgets: Failed to generate thumbnail for perf_test_images\img_143.jpg: [Errno 2] No such file or directory: 'G:\\develop-G\\file\\perf_test_images\\img_143.jpg'
2026-02-05 12:31:29,142 [ERROR] widgets: Failed to generate thumbnail for perf_test_images\img_144.jpg: [Errno 2] No such file or directory: 'G:\\develop-G\\file\\perf_test_images\\img_144.jpg'
2026-02-05 12:31:29,159 [ERROR] widgets: Failed to generate thumbnail for perf_test_images\img_145.jpg: [Errno 2] No such file or directory: 'G:\\develop-G\\file\\perf_test_images\\img_145.jpg'
2026-02-05 12:31:29,175 [ERROR] widgets: Failed to generate thumbnail for perf_test_images\img_146.jpg: [Errno 2] No such file or directory: 'G:\\develop-G\\file\\perf_test_images\\img_146.jpg'
2026-02-05 12:31:29,188 [ERROR] widgets: Failed to generate thumbnail for perf_test_images\img_147.jpg: [Errno 2] No such file or directory: 'G:\\develop-G\\file\\perf_test_images\\img_147.jpg'
2026-02-05 12:31:29,203 [ERROR] widgets: Failed to generate thumbnail for perf_test_images\img_148.jpg: [Errno 2] No such file or directory: 'G:\\develop-G\\file\\perf_test_images\\img_148.jpg'
2026-02-05 12:31:29,218 [ERROR] widgets: Failed to generate thumbnail for perf_test_images\img_149.jpg: [Errno 2] No such file or directory: 'G:\\develop-G\\file\\perf_test_images\\img_149.jpg'
2026-02-05 12:31:29,233 [ERROR] widgets: Failed to generate thumbnail for perf_test_images\img_150.jpg: [Errno 2] No such file or directory: 'G:\\develop-G\\file\\perf_test_images\\img_150.jpg'
2026-02-05 12:31:29,248 [ERROR] widgets: Failed to generate thumbnail for perf_test_images\img_151.jpg: [Errno 2] No such file or directory: 'G:\\develop-G\\file\\perf_test_images\\img_151.jpg'
2026-02-05 12:31:29,264 [ERROR] widgets: Failed to generate thumbnail for perf_test_images\img_152.jpg: [Errno 2] No such file or directory: 'G:\\develop-G\\file\\perf_test_images\\img_152.jpg'
2026-02-05 12:31:29,287 [ERROR] widgets: Failed to generate thumbnail for perf_test_images\img_153.jpg: [Errno 2] No such file or directory: 'G:\\develop-G\\file\\perf_test_images\\img_153.jpg'
2026-02-05 12:31:29,298 [ERROR] widgets: Failed to generate thumbnail for perf_test_images\img_154.jpg: [Errno 2] No such file or directory: 'G:\\develop-G\\file\\perf_test_images\\img_154.jpg'
2026-02-05 12:31:29,314 [ERROR] widgets: Failed to generate thumbnail for perf_test_images\img_155.jpg: [Errno 2] No such file or directory: 'G:\\develop-G\\file\\perf_test_images\\img_155.jpg'
2026-02-05 12:31:29,330 [ERROR] widgets: Failed to generate thumbnail for perf_test_images\img_156.jpg: [Errno 2] No such file or directory: 'G:\\develop-G\\file\\perf_test_images\\img_156.jpg'
2026-02-05 12:31:29,353 [ERROR] widgets: Failed to generate thumbnail for perf_test_images\img_157.jpg: [Errno 2] No such file or directory: 'G:\\develop-G\\file\\perf_test_images\\img_157.jpg'
2026-02-05 12:31:29,366 [ERROR] widgets: Failed to generate thumbnail for perf_test_images\img_158.jpg: [Errno 2] No such file or directory: 'G:\\develop-G\\file\\perf_test_images\\img_158.jpg'
2026-02-05 12:31:29,382 [ERROR] widgets: Failed to generate thumbnail for perf_test_images\img_159.jpg: [Errno 2] No such file or directory: 'G:\\develop-G\\file\\perf_test_images\\img_159.jpg'
2026-02-05 12:31:29,399 [ERROR] widgets: Failed to generate thumbnail for perf_test_images\img_160.jpg: [Errno 2] No such file or directory: 'G:\\develop-G\\file\\perf_test_images\\img_160.jpg'
2026-02-05 12:31:29,414 [ERROR] widgets: Failed to generate thumbnail for perf_test_images\img_161.jpg: [Errno 2] No such file or directory: 'G:\\develop-G\\file\\perf_test_images\\img_161.jpg'
2026-02-05 12:31:29,429 [ERROR] widgets: Failed to generate thumbnail for perf_test_images\img_162.jpg: [Errno 2] No such file or directory: 'G:\\develop-G\\file\\perf_test_images\\img_162.jpg'
2026-02-05 12:31:29,454 [ERROR] widgets: Failed to generate thumbnail for perf_test_images\img_163.jpg: [Errno 2] No such file or directory: 'G:\\develop-G\\file\\perf_test_images\\img_163.jpg'
2026-02-05 12:31:29,471 [ERROR] widgets: Failed to generate thumbnail for perf_test_images\img_164.jpg: [Errno 2] No such file or directory: 'G:\\develop-G\\file\\perf_test_images\\img_164.jpg'
2026-02-05 12:31:29,485 [ERROR] widgets: Failed to generate thumbnail for perf_test_images\img_165.jpg: [Errno 2] No such file or directory: 'G:\\develop-G\\file\\perf_test_images\\img_165.jpg'
2026-02-05 12:31:29,501 [ERROR] widgets: Failed to generate thumbnail for perf_test_images\img_166.jpg: [Errno 2] No such file or directory: 'G:\\develop-G\\file\\perf_test_images\\img_166.jpg'
2026-02-05 12:31:29,517 [ERROR] widgets: Failed to generate thumbnail for perf_test_images\img_167.jpg: [Errno 2] No such file or directory: 'G:\\develop-G\\file\\perf_test_images\\img_167.jpg'
2026-02-05 12:31:29,533 [ERROR] widgets: Failed to generate thumbnail for perf_test_images\img_168.jpg: [Errno 2] No such file or directory: 'G:\\develop-G\\file\\perf_test_images\\img_168.jpg'
2026-02-05 12:31:29,549 [ERROR] widgets: Failed to generate thumbnail for perf_test_images\img_169.jpg: [Errno 2] No such file or directory: 'G:\\develop-G\\file\\perf_test_images\\img_169.jpg'
2026-02-05 12:31:29,563 [ERROR] widgets: Failed to generate thumbnail for perf_test_images\img_170.jpg: [Errno 2] No such file or directory: 'G:\\develop-G\\file\\perf_test_images\\img_170.jpg'
2026-02-05 12:31:29,580 [ERROR] widgets: Failed to generate thumbnail for perf_test_images\img_171.jpg: [Errno 2] No such file or directory: 'G:\\develop-G\\file\\perf_test_images\\img_171.jpg'
2026-02-05 12:31:29,596 [ERROR] widgets: Failed to generate thumbnail for perf_test_images\img_172.jpg: [Errno 2] No such file or directory: 'G:\\develop-G\\file\\perf_test_images\\img_172.jpg'
2026-02-05 12:31:29,612 [ERROR] widgets: Failed to generate thumbnail for perf_test_images\img_173.jpg: [Errno 2] No such file or directory: 'G:\\develop-G\\file\\perf_test_images\\img_173.jpg'
2026-02-05 12:31:29,628 [ERROR] widgets: Failed to generate thumbnail for perf_test_images\img_174.jpg: [Errno 2] No such file or directory: 'G:\\develop-G\\file\\perf_test_images\\img_174.jpg'
2026-02-05 12:31:29,644 [ERROR] widgets: Failed to generate thumbnail for perf_test_images\img_175.jpg: [Errno 2] No such file or directory: 'G:\\develop-G\\file\\perf_test_images\\img_175.jpg'
2026-02-05 12:31:29,660 [ERROR] widgets: Failed to generate thumbnail for perf_test_images\img_176.jpg: [Errno 2] No such file or directory: 'G:\\develop-G\\file\\perf_test_images\\img_176.jpg'
2026-02-05 12:31:29,675 [ERROR] widgets: Failed to generate thumbnail for perf_test_images\img_177.jpg: [Errno 2] No such file or directory: 'G:\\develop-G\\file\\perf_test_images\\img_177.jpg'
2026-02-05 12:31:29,692 [ERROR] widgets: Failed to generate thumbnail for perf_test_images\img_178.jpg: [Errno 2] No such file or directory: 'G:\\develop-G\\file\\perf_test_images\\img_178.jpg'
2026-02-05 12:31:29,707 [ERROR] widgets: Failed to generate thumbnail for perf_test_images\img_179.jpg: [Errno 2] No such file or directory: 'G:\\develop-G\\file\\perf_test_images\\img_179.jpg'
2026-02-05 12:31:29,721 [ERROR] widgets: Failed to generate thumbnail for perf_test_images\img_180.jpg: [Errno 2] No such file or directory: 'G:\\develop-G\\file\\perf_test_images\\img_180.jpg'
2026-02-05 12:31:29,736 [ERROR] widgets: Failed to generate thumbnail for perf_test_images\img_181.jpg: [Errno 2] No such file or directory: 'G:\\develop-G\\file\\perf_test_images\\img_181.jpg'
2026-02-05 12:31:29,752 [ERROR] widgets: Failed to generate thumbnail for perf_test_images\img_182.jpg: [Errno 2] No such file or directory: 'G:\\develop-G\\file\\perf_test_images\\img_182.jpg'
2026-02-05 12:31:29,767 [ERROR] widgets: Failed to generate thumbnail for perf_test_images\img_183.jpg: [Errno 2] No such file or directory: 'G:\\develop-G\\file\\perf_test_images\\img_183.jpg'
2026-02-05 12:31:29,782 [ERROR] widgets: Failed to generate thumbnail for perf_test_images\img_184.jpg: [Errno 2] No such file or directory: 'G:\\develop-G\\file\\perf_test_images\\img_184.jpg'
2026-02-05 12:31:29,799 [ERROR] widgets: Failed to generate thumbnail for perf_test_images\img_185.jpg: [Errno 2] No such file or directory: 'G:\\develop-G\\file\\perf_test_images\\img_185.jpg'
2026-02-05 12:31:29,814 [ERROR] widgets: Failed to generate thumbnail for perf_test_images\img_186.jpg: [Errno 2] No such file or directory: 'G:\\develop-G\\file\\perf_test_images\\img_186.jpg'
2026-02-05 12:31:29,831 [ERROR] widgets: Failed to generate thumbnail for perf_test_images\img_187.jpg: [Errno 2] No such file or directory: 'G:\\develop-G\\file\\perf_test_images\\img_187.jpg'
2026-02-05 12:31:29,847 [ERROR] widgets: Failed to generate thumbnail for perf_test_images\img_188.jpg: [Errno 2] No such file or directory: 'G:\\develop-G\\file\\perf_test_images\\img_188.jpg'
2026-02-05 12:31:29,863 [ERROR] widgets: Failed to generate thumbnail for perf_test_images\img_189.jpg: [Errno 2] No such file or directory: 'G:\\develop-G\\file\\perf_test_images\\img_189.jpg'
2026-02-05 12:31:29,880 [ERROR] widgets: Failed to generate thumbnail for perf_test_images\img_190.jpg: [Errno 2] No such file or directory: 'G:\\develop-G\\file\\perf_test_images\\img_190.jpg'
2026-02-05 12:31:29,899 [ERROR] widgets: Failed to generate thumbnail for perf_test_images\img_191.jpg: [Errno 2] No such file or directory: 'G:\\develop-G\\file\\perf_test_images\\img_191.jpg'
2026-02-05 12:31:29,914 [ERROR] widgets: Failed to generate thumbnail for perf_test_images\img_192.jpg: [Errno 2] No such file or directory: 'G:\\develop-G\\file\\perf_test_images\\img_192.jpg'
2026-02-05 12:31:29,930 [ERROR] widgets: Failed to generate thumbnail for perf_test_images\img_193.jpg: [Errno 2] No such file or directory: 'G:\\develop-G\\file\\perf_test_images\\img_193.jpg'
2026-02-05 12:31:29,946 [ERROR] widgets: Failed to generate thumbnail for perf_test_images\img_194.jpg: [Errno 2] No such file or directory: 'G:\\develop-G\\file\\perf_test_images\\img_194.jpg'
2026-02-05 12:31:29,962 [ERROR] widgets: Failed to generate thumbnail for perf_test_images\img_195.jpg: [Errno 2] No such file or directory: 'G:\\develop-G\\file\\perf_test_images\\img_195.jpg'
2026-02-05 12:31:29,979 [ERROR] widgets: Failed to generate thumbnail for perf_test_images\img_196.jpg: [Errno 2] No such file or directory: 'G:\\develop-G\\file\\perf_test_images\\img_196.jpg'
2026-02-05 12:31:29,995 [ERROR] widgets: Failed to generate thumbnail for perf_test_images\img_197.jpg: [Errno 2] No such file or directory: 'G:\\develop-G\\file\\perf_test_images\\img_197.jpg'
2026-02-05 12:31:30,011 [ERROR] widgets: Failed to generate thumbnail for perf_test_images\img_198.jpg: [Errno 2] No such file or directory: 'G:\\develop-G\\file\\perf_test_images\\img_198.jpg'
2026-02-05 12:31:30,027 [ERROR] widgets: Failed to generate thumbnail for perf_test_images\img_199.jpg: [Errno 2] No such file or directory: 'G:\\develop-G\\file\\perf_test_images\\img_199.jpg'
2026-02-05 12:31:30,038 [ERROR] widgets: Failed to generate thumbnail for perf_test_images\img_200.jpg: [Errno 2] No such file or directory: 'G:\\develop-G\\file\\perf_test_images\\img_200.jpg'
2026-02-05 12:31:30,054 [ERROR] widgets: Failed to generate thumbnail for perf_test_images\img_201.jpg: [Errno 2] No such file or directory: 'G:\\develop-G\\file\\perf_test_images\\img_201.jpg'
2026-02-05 12:31:30,069 [ERROR] widgets: Failed to generate thumbnail for perf_test_images\img_202.jpg: [Errno 2] No such file or directory: 'G:\\develop-G\\file\\perf_test_images\\img_202.jpg'
2026-02-05 12:31:30,084 [ERROR] widgets: Failed to generate thumbnail for perf_test_images\img_203.jpg: [Errno 2] No such file or directory: 'G:\\develop-G\\file\\perf_test_images\\img_203.jpg'
2026-02-05 12:31:30,101 [ERROR] widgets: Failed to generate thumbnail for perf_test_images\img_204.jpg: [Errno 2] No such file or directory: 'G:\\develop-G\\file\\perf_test_images\\img_204.jpg'
2026-02-05 12:31:30,116 [ERROR] widgets: Failed to generate thumbnail for perf_test_images\img_205.jpg: [Errno 2] No such file or directory: 'G:\\develop-G\\file\\perf_test_images\\img_205.jpg'
2026-02-05 12:31:30,131 [ERROR] widgets: Failed to generate thumbnail for perf_test_images\img_206.jpg: [Errno 2] No such file or directory: 'G:\\develop-G\\file\\perf_test_images\\img_206.jpg'
2026-02-05 12:31:30,147 [ERROR] widgets: Failed to generate thumbnail for perf_test_images\img_207.jpg: [Errno 2] No such file or directory: 'G:\\develop-G\\file\\perf_test_images\\img_207.jpg'
2026-02-05 12:31:30,164 [ERROR] widgets: Failed to generate thumbnail for perf_test_images\img_208.jpg: [Errno 2] No such file or directory: 'G:\\develop-G\\file\\perf_test_images\\img_208.jpg'
2026-02-05 12:31:30,179 [ERROR] widgets: Failed to generate thumbnail for perf_test_images\img_209.jpg: [Errno 2] No such file or directory: 'G:\\develop-G\\file\\perf_test_images\\img_209.jpg'
2026-02-05 12:31:30,195 [ERROR] widgets: Failed to generate thumbnail for perf_test_images\img_210.jpg: [Errno 2] No such file or directory: 'G:\\develop-G\\file\\perf_test_images\\img_210.jpg'
2026-02-05 12:31:30,210 [ERROR] widgets: Failed to generate thumbnail for perf_test_images\img_211.jpg: [Errno 2] No such file or directory: 'G:\\develop-G\\file\\perf_test_images\\img_211.jpg'
2026-02-05 12:31:30,226 [ERROR] widgets: Failed to generate thumbnail for perf_test_images\img_212.jpg: [Errno 2] No such file or directory: 'G:\\develop-G\\file\\perf_test_images\\img_212.jpg'
2026-02-05 12:31:30,242 [ERROR] widgets: Failed to generate thumbnail for perf_test_images\img_213.jpg: [Errno 2] No such file or directory: 'G:\\develop-G\\file\\perf_test_images\\img_213.jpg'
2026-02-05 12:31:30,258 [ERROR] widgets: Failed to generate thumbnail for perf_test_images\img_214.jpg: [Errno 2] No such file or directory: 'G:\\develop-G\\file\\perf_test_images\\img_214.jpg'
2026-02-05 12:31:30,274 [ERROR] widgets: Failed to generate thumbnail for perf_test_images\img_215.jpg: [Errno 2] No such file or directory: 'G:\\develop-G\\file\\perf_test_images\\img_215.jpg'
2026-02-05 12:31:30,291 [ERROR] widgets: Failed to generate thumbnail for perf_test_images\img_216.jpg: [Errno 2] No such file or directory: 'G:\\develop-G\\file\\perf_test_images\\img_216.jpg'
2026-02-05 12:31:30,307 [ERROR] widgets: Failed to generate thumbnail for perf_test_images\img_217.jpg: [Errno 2] No such file or directory: 'G:\\develop-G\\file\\perf_test_images\\img_217.jpg'
2026-02-05 12:31:30,323 [ERROR] widgets: Failed to generate thumbnail for perf_test_images\img_218.jpg: [Errno 2] No such file or directory: 'G:\\develop-G\\file\\perf_test_images\\img_218.jpg'
2026-02-05 12:31:30,337 [ERROR] widgets: Failed to generate thumbnail for perf_test_images\img_219.jpg: [Errno 2] No such file or directory: 'G:\\develop-G\\file\\perf_test_images\\img_219.jpg'
2026-02-05 12:31:30,354 [ERROR] widgets: Failed to generate thumbnail for perf_test_images\img_220.jpg: [Errno 2] No such file or directory: 'G:\\develop-G\\file\\perf_test_images\\img_220.jpg'
2026-02-05 12:31:30,369 [ERROR] widgets: Failed to generate thumbnail for perf_test_images\img_221.jpg: [Errno 2] No such file or directory: 'G:\\develop-G\\file\\perf_test_images\\img_221.jpg'
2026-02-05 12:31:30,384 [ERROR] widgets: Failed to generate thumbnail for perf_test_images\img_222.jpg: [Errno 2] No such file or directory: 'G:\\develop-G\\file\\perf_test_images\\img_222.jpg'
2026-02-05 12:31:30,399 [ERROR] widgets: Failed to generate thumbnail for perf_test_images\img_223.jpg: [Errno 2] No such file or directory: 'G:\\develop-G\\file\\perf_test_images\\img_223.jpg'
2026-02-05 12:31:30,416 [ERROR] widgets: Failed to generate thumbnail for perf_test_images\img_224.jpg: [Errno 2] No such file or directory: 'G:\\develop-G\\file\\perf_test_images\\img_224.jpg'
2026-02-05 12:31:30,440 [ERROR] widgets: Failed to generate thumbnail for perf_test_images\img_225.jpg: [Errno 2] No such file or directory: 'G:\\develop-G\\file\\perf_test_images\\img_225.jpg'
2026-02-05 12:31:30,456 [ERROR] widgets: Failed to generate thumbnail for perf_test_images\img_226.jpg: [Errno 2] No such file or directory: 'G:\\develop-G\\file\\perf_test_images\\img_226.jpg'
2026-02-05 12:31:30,473 [ERROR] widgets: Failed to generate thumbnail for perf_test_images\img_227.jpg: [Errno 2] No such file or directory: 'G:\\develop-G\\file\\perf_test_images\\img_227.jpg'
2026-02-05 12:31:30,487 [ERROR] widgets: Failed to generate thumbnail for perf_test_images\img_228.jpg: [Errno 2] No such file or directory: 'G:\\develop-G\\file\\perf_test_images\\img_228.jpg'
2026-02-05 12:31:30,503 [ERROR] widgets: Failed to generate thumbnail for perf_test_images\img_229.jpg: [Errno 2] No such file or directory: 'G:\\develop-G\\file\\perf_test_images\\img_229.jpg'
2026-02-05 12:31:30,518 [ERROR] widgets: Failed to generate thumbnail for perf_test_images\img_230.jpg: [Errno 2] No such file or directory: 'G:\\develop-G\\file\\perf_test_images\\img_230.jpg'
2026-02-05 12:31:30,533 [ERROR] widgets: Failed to generate thumbnail for perf_test_images\img_231.jpg: [Errno 2] No such file or directory: 'G:\\develop-G\\file\\perf_test_images\\img_231.jpg'
2026-02-05 12:31:30,549 [ERROR] widgets: Failed to generate thumbnail for perf_test_images\img_232.jpg: [Errno 2] No such file or directory: 'G:\\develop-G\\file\\perf_test_images\\img_232.jpg'
2026-02-05 12:31:30,565 [ERROR] widgets: Failed to generate thumbnail for perf_test_images\img_233.jpg: [Errno 2] No such file or directory: 'G:\\develop-G\\file\\perf_test_images\\img_233.jpg'
2026-02-05 12:31:30,580 [ERROR] widgets: Failed to generate thumbnail for perf_test_images\img_234.jpg: [Errno 2] No such file or directory: 'G:\\develop-G\\file\\perf_test_images\\img_234.jpg'
2026-02-05 12:31:30,597 [ERROR] widgets: Failed to generate thumbnail for perf_test_images\img_235.jpg: [Errno 2] No such file or directory: 'G:\\develop-G\\file\\perf_test_images\\img_235.jpg'
2026-02-05 12:31:30,613 [ERROR] widgets: Failed to generate thumbnail for perf_test_images\img_236.jpg: [Errno 2] No such file or directory: 'G:\\develop-G\\file\\perf_test_images\\img_236.jpg'
2026-02-05 12:31:30,628 [ERROR] widgets: Failed to generate thumbnail for perf_test_images\img_237.jpg: [Errno 2] No such file or directory: 'G:\\develop-G\\file\\perf_test_images\\img_237.jpg'
2026-02-05 12:31:30,644 [ERROR] widgets: Failed to generate thumbnail for perf_test_images\img_238.jpg: [Errno 2] No such file or directory: 'G:\\develop-G\\file\\perf_test_images\\img_238.jpg'
2026-02-05 12:31:30,660 [ERROR] widgets: Failed to generate thumbnail for perf_test_images\img_239.jpg: [Errno 2] No such file or directory: 'G:\\develop-G\\file\\perf_test_images\\img_239.jpg'
2026-02-05 12:31:30,676 [ERROR] widgets: Failed to generate thumbnail for perf_test_images\img_240.jpg: [Errno 2] No such file or directory: 'G:\\develop-G\\file\\perf_test_images\\img_240.jpg'
2026-02-05 12:31:30,688 [ERROR] widgets: Failed to generate thumbnail for perf_test_images\img_241.jpg: [Errno 2] No such file or directory: 'G:\\develop-G\\file\\perf_test_images\\img_241.jpg'
2026-02-05 12:31:30,703 [ERROR] widgets: Failed to generate thumbnail for perf_test_images\img_242.jpg: [Errno 2] No such file or directory: 'G:\\develop-G\\file\\perf_test_images\\img_242.jpg'
2026-02-05 12:31:30,718 [ERROR] widgets: Failed to generate thumbnail for perf_test_images\img_243.jpg: [Errno 2] No such file or directory: 'G:\\develop-G\\file\\perf_test_images\\img_243.jpg'
2026-02-05 12:31:30,734 [ERROR] widgets: Failed to generate thumbnail for perf_test_images\img_244.jpg: [Errno 2] No such file or directory: 'G:\\develop-G\\file\\perf_test_images\\img_244.jpg'
2026-02-05 12:31:30,749 [ERROR] widgets: Failed to generate thumbnail for perf_test_images\img_245.jpg: [Errno 2] No such file or directory: 'G:\\develop-G\\file\\perf_test_images\\img_245.jpg'
2026-02-05 12:31:30,766 [ERROR] widgets: Failed to generate thumbnail for perf_test_images\img_246.jpg: [Errno 2] No such file or directory: 'G:\\develop-G\\file\\perf_test_images\\img_246.jpg'
2026-02-05 12:31:30,781 [ERROR] widgets: Failed to generate thumbnail for perf_test_images\img_247.jpg: [Errno 2] No such file or directory: 'G:\\develop-G\\file\\perf_test_images\\img_247.jpg'
2026-02-05 12:31:30,797 [ERROR] widgets: Failed to generate thumbnail for perf_test_images\img_248.jpg: [Errno 2] No such file or directory: 'G:\\develop-G\\file\\perf_test_images\\img_248.jpg'
2026-02-05 12:31:30,822 [ERROR] widgets: Failed to generate thumbnail for perf_test_images\img_249.jpg: [Errno 2] No such file or directory: 'G:\\develop-G\\file\\perf_test_images\\img_249.jpg'
2026-02-05 12:31:30,837 [ERROR] widgets: Failed to generate thumbnail for perf_test_images\img_250.jpg: [Errno 2] No such file or directory: 'G:\\develop-G\\file\\perf_test_images\\img_250.jpg'
2026-02-05 12:31:30,854 [ERROR] widgets: Failed to generate thumbnail for perf_test_images\img_251.jpg: [Errno 2] No such file or directory: 'G:\\develop-G\\file\\perf_test_images\\img_251.jpg'
2026-02-05 12:31:30,870 [ERROR] widgets: Failed to generate thumbnail for perf_test_images\img_252.jpg: [Errno 2] No such file or directory: 'G:\\develop-G\\file\\perf_test_images\\img_252.jpg'
2026-02-05 12:31:30,886 [ERROR] widgets: Failed to generate thumbnail for perf_test_images\img_253.jpg: [Errno 2] No such file or directory: 'G:\\develop-G\\file\\perf_test_images\\img_253.jpg'
2026-02-05 12:31:30,902 [ERROR] widgets: Failed to generate thumbnail for perf_test_images\img_254.jpg: [Errno 2] No such file or directory: 'G:\\develop-G\\file\\perf_test_images\\img_254.jpg'
2026-02-05 12:31:30,918 [ERROR] widgets: Failed to generate thumbnail for perf_test_images\img_255.jpg: [Errno 2] No such file or directory: 'G:\\develop-G\\file\\perf_test_images\\img_255.jpg'
2026-02-05 12:31:30,933 [ERROR] widgets: Failed to generate thumbnail for perf_test_images\img_256.jpg: [Errno 2] No such file or directory: 'G:\\develop-G\\file\\perf_test_images\\img_256.jpg'
2026-02-05 12:31:30,948 [ERROR] widgets: Failed to generate thumbnail for perf_test_images\img_257.jpg: [Errno 2] No such file or directory: 'G:\\develop-G\\file\\perf_test_images\\img_257.jpg'
2026-02-05 12:31:30,964 [ERROR] widgets: Failed to generate thumbnail for perf_test_images\img_258.jpg: [Errno 2] No such file or directory: 'G:\\develop-G\\file\\perf_test_images\\img_258.jpg'
2026-02-05 12:31:30,987 [ERROR] widgets: Failed to generate thumbnail for perf_test_images\img_259.jpg: [Errno 2] No such file or directory: 'G:\\develop-G\\file\\perf_test_images\\img_259.jpg'
2026-02-05 12:31:30,999 [ERROR] widgets: Failed to generate thumbnail for perf_test_images\img_260.jpg: [Errno 2] No such file or directory: 'G:\\develop-G\\file\\perf_test_images\\img_260.jpg'
2026-02-05 12:31:31,014 [ERROR] widgets: Failed to generate thumbnail for perf_test_images\img_261.jpg: [Errno 2] No such file or directory: 'G:\\develop-G\\file\\perf_test_images\\img_261.jpg'
2026-02-05 12:31:31,031 [ERROR] widgets: Failed to generate thumbnail for perf_test_images\img_262.jpg: [Errno 2] No such file or directory: 'G:\\develop-G\\file\\perf_test_images\\img_262.jpg'
2026-02-05 12:31:31,047 [ERROR] widgets: Failed to generate thumbnail for perf_test_images\img_263.jpg: [Errno 2] No such file or directory: 'G:\\develop-G\\file\\perf_test_images\\img_263.jpg'
2026-02-05 12:31:31,062 [ERROR] widgets: Failed to generate thumbnail for perf_test_images\img_264.jpg: [Errno 2] No such file or directory: 'G:\\develop-G\\file\\perf_test_images\\img_264.jpg'
2026-02-05 12:31:31,078 [ERROR] widgets: Failed to generate thumbnail for perf_test_images\img_265.jpg: [Errno 2] No such file or directory: 'G:\\develop-G\\file\\perf_test_images\\img_265.jpg'
2026-02-05 12:31:31,104 [ERROR] widgets: Failed to generate thumbnail for perf_test_images\img_266.jpg: [Errno 2] No such file or directory: 'G:\\develop-G\\file\\perf_test_images\\img_266.jpg'
2026-02-05 12:31:31,120 [ERROR] widgets: Failed to generate thumbnail for perf_test_images\img_267.jpg: [Errno 2] No such file or directory: 'G:\\develop-G\\file\\perf_test_images\\img_267.jpg'
2026-02-05 12:31:31,136 [ERROR] widgets: Failed to generate thumbnail for perf_test_images\img_268.jpg: [Errno 2] No such file or directory: 'G:\\develop-G\\file\\perf_test_images\\img_268.jpg'
2026-02-05 12:31:31,152 [ERROR] widgets: Failed to generate thumbnail for perf_test_images\img_269.jpg: [Errno 2] No such file or directory: 'G:\\develop-G\\file\\perf_test_images\\img_269.jpg'
2026-02-05 12:31:31,168 [ERROR] widgets: Failed to generate thumbnail for perf_test_images\img_270.jpg: [Errno 2] No such file or directory: 'G:\\develop-G\\file\\perf_test_images\\img_270.jpg'
2026-02-05 12:31:31,184 [ERROR] widgets: Failed to generate thumbnail for perf_test_images\img_271.jpg: [Errno 2] No such file or directory: 'G:\\develop-G\\file\\perf_test_images\\img_271.jpg'
2026-02-05 12:31:31,200 [ERROR] widgets: Failed to generate thumbnail for perf_test_images\img_272.jpg: [Errno 2] No such file or directory: 'G:\\develop-G\\file\\perf_test_images\\img_272.jpg'
2026-02-05 12:31:31,215 [ERROR] widgets: Failed to generate thumbnail for perf_test_images\img_273.jpg: [Errno 2] No such file or directory: 'G:\\develop-G\\file\\perf_test_images\\img_273.jpg'
2026-02-05 12:31:31,231 [ERROR] widgets: Failed to generate thumbnail for perf_test_images\img_274.jpg: [Errno 2] No such file or directory: 'G:\\develop-G\\file\\perf_test_images\\img_274.jpg'
2026-02-05 12:31:31,247 [ERROR] widgets: Failed to generate thumbnail for perf_test_images\img_275.jpg: [Errno 2] No such file or directory: 'G:\\develop-G\\file\\perf_test_images\\img_275.jpg'
2026-02-05 12:31:31,263 [ERROR] widgets: Failed to generate thumbnail for perf_test_images\img_276.jpg: [Errno 2] No such file or directory: 'G:\\develop-G\\file\\perf_test_images\\img_276.jpg'
2026-02-05 12:31:31,287 [ERROR] widgets: Failed to generate thumbnail for perf_test_images\img_277.jpg: [Errno 2] No such file or directory: 'G:\\develop-G\\file\\perf_test_images\\img_277.jpg'
2026-02-05 12:31:31,302 [ERROR] widgets: Failed to generate thumbnail for perf_test_images\img_278.jpg: [Errno 2] No such file or directory: 'G:\\develop-G\\file\\perf_test_images\\img_278.jpg'
2026-02-05 12:31:31,318 [ERROR] widgets: Failed to generate thumbnail for perf_test_images\img_279.jpg: [Errno 2] No such file or directory: 'G:\\develop-G\\file\\perf_test_images\\img_279.jpg'
2026-02-05 12:31:31,334 [ERROR] widgets: Failed to generate thumbnail for perf_test_images\img_280.jpg: [Errno 2] No such file or directory: 'G:\\develop-G\\file\\perf_test_images\\img_280.jpg'
2026-02-05 12:31:31,350 [ERROR] widgets: Failed to generate thumbnail for perf_test_images\img_281.jpg: [Errno 2] No such file or directory: 'G:\\develop-G\\file\\perf_test_images\\img_281.jpg'
2026-02-05 12:31:31,373 [ERROR] widgets: Failed to generate thumbnail for perf_test_images\img_282.jpg: [Errno 2] No such file or directory: 'G:\\develop-G\\file\\perf_test_images\\img_282.jpg'
2026-02-05 12:31:31,398 [ERROR] widgets: Failed to generate thumbnail for perf_test_images\img_283.jpg: [Errno 2] No such file or directory: 'G:\\develop-G\\file\\perf_test_images\\img_283.jpg'
2026-02-05 12:31:31,413 [ERROR] widgets: Failed to generate thumbnail for perf_test_images\img_284.jpg: [Errno 2] No such file or directory: 'G:\\develop-G\\file\\perf_test_images\\img_284.jpg'
2026-02-05 12:31:31,430 [ERROR] widgets: Failed to generate thumbnail for perf_test_images\img_285.jpg: [Errno 2] No such file or directory: 'G:\\develop-G\\file\\perf_test_images\\img_285.jpg'
2026-02-05 12:31:31,454 [ERROR] widgets: Failed to generate thumbnail for perf_test_images\img_286.jpg: [Errno 2] No such file or directory: 'G:\\develop-G\\file\\perf_test_images\\img_286.jpg'
2026-02-05 12:31:31,466 [ERROR] widgets: Failed to generate thumbnail for perf_test_images\img_287.jpg: [Errno 2] No such file or directory: 'G:\\develop-G\\file\\perf_test_images\\img_287.jpg'
2026-02-05 12:31:31,482 [ERROR] widgets: Failed to generate thumbnail for perf_test_images\img_288.jpg: [Errno 2] No such file or directory: 'G:\\develop-G\\file\\perf_test_images\\img_288.jpg'
2026-02-05 12:31:31,498 [ERROR] widgets: Failed to generate thumbnail for perf_test_images\img_289.jpg: [Errno 2] No such file or directory: 'G:\\develop-G\\file\\perf_test_images\\img_289.jpg'
2026-02-05 12:31:31,515 [ERROR] widgets: Failed to generate thumbnail for perf_test_images\img_290.jpg: [Errno 2] No such file or directory: 'G:\\develop-G\\file\\perf_test_images\\img_290.jpg'
2026-02-05 12:31:31,530 [ERROR] widgets: Failed to generate thumbnail for perf_test_images\img_291.jpg: [Errno 2] No such file or directory: 'G:\\develop-G\\file\\perf_test_images\\img_291.jpg'
2026-02-05 12:31:31,546 [ERROR] widgets: Failed to generate thumbnail for perf_test_images\img_292.jpg: [Errno 2] No such file or directory: 'G:\\develop-G\\file\\perf_test_images\\img_292.jpg'
2026-02-05 12:31:31,562 [ERROR] widgets: Failed to generate thumbnail for perf_test_images\img_293.jpg: [Errno 2] No such file or directory: 'G:\\develop-G\\file\\perf_test_images\\img_293.jpg'
2026-02-05 12:31:31,579 [ERROR] widgets: Failed to generate thumbnail for perf_test_images\img_294.jpg: [Errno 2] No such file or directory: 'G:\\develop-G\\file\\perf_test_images\\img_294.jpg'
2026-02-05 12:31:31,595 [ERROR] widgets: Failed to generate thumbnail for perf_test_images\img_295.jpg: [Errno 2] No such file or directory: 'G:\\develop-G\\file\\perf_test_images\\img_295.jpg'
2026-02-05 12:31:31,611 [ERROR] widgets: Failed to generate thumbnail for perf_test_images\img_296.jpg: [Errno 2] No such file or directory: 'G:\\develop-G\\file\\perf_test_images\\img_296.jpg'
2026-02-05 12:31:31,627 [ERROR] widgets: Failed to generate thumbnail for perf_test_images\img_297.jpg: [Errno 2] No such file or directory: 'G:\\develop-G\\file\\perf_test_images\\img_297.jpg'
2026-02-05 12:31:31,638 [ERROR] widgets: Failed to generate thumbnail for perf_test_images\img_298.jpg: [Errno 2] No such file or directory: 'G:\\develop-G\\file\\perf_test_images\\img_298.jpg'
2026-02-05 12:31:31,655 [ERROR] widgets: Failed to generate thumbnail for perf_test_images\img_299.jpg: [Errno 2] No such file or directory: 'G:\\develop-G\\file\\perf_test_images\\img_299.jpg'
2026-02-05 12:31:31,671 [ERROR] widgets: Failed to generate thumbnail for perf_test_images\img_300.jpg: [Errno 2] No such file or directory: 'G:\\develop-G\\file\\perf_test_images\\img_300.jpg'
2026-02-05 12:31:31,687 [ERROR] widgets: Failed to generate thumbnail for perf_test_images\img_301.jpg: [Errno 2] No such file or directory: 'G:\\develop-G\\file\\perf_test_images\\img_301.jpg'
2026-02-05 12:31:31,703 [ERROR] widgets: Failed to generate thumbnail for perf_test_images\img_302.jpg: [Errno 2] No such file or directory: 'G:\\develop-G\\file\\perf_test_images\\img_302.jpg'
2026-02-05 12:31:31,719 [ERROR] widgets: Failed to generate thumbnail for perf_test_images\img_303.jpg: [Errno 2] No such file or directory: 'G:\\develop-G\\file\\perf_test_images\\img_303.jpg'
2026-02-05 12:31:31,734 [ERROR] widgets: Failed to generate thumbnail for perf_test_images\img_304.jpg: [Errno 2] No such file or directory: 'G:\\develop-G\\file\\perf_test_images\\img_304.jpg'
2026-02-05 12:31:31,751 [ERROR] widgets: Failed to generate thumbnail for perf_test_images\img_305.jpg: [Errno 2] No such file or directory: 'G:\\develop-G\\file\\perf_test_images\\img_305.jpg'
2026-02-05 12:31:31,765 [ERROR] widgets: Failed to generate thumbnail for perf_test_images\img_306.jpg: [Errno 2] No such file or directory: 'G:\\develop-G\\file\\perf_test_images\\img_306.jpg'
2026-02-05 12:31:31,781 [ERROR] widgets: Failed to generate thumbnail for perf_test_images\img_307.jpg: [Errno 2] No such file or directory: 'G:\\develop-G\\file\\perf_test_images\\img_307.jpg'
2026-02-05 12:31:31,798 [ERROR] widgets: Failed to generate thumbnail for perf_test_images\img_308.jpg: [Errno 2] No such file or directory: 'G:\\develop-G\\file\\perf_test_images\\img_308.jpg'
2026-02-05 12:31:31,813 [ERROR] widgets: Failed to generate thumbnail for perf_test_images\img_309.jpg: [Errno 2] No such file or directory: 'G:\\develop-G\\file\\perf_test_images\\img_309.jpg'
2026-02-05 12:31:31,830 [ERROR] widgets: Failed to generate thumbnail for perf_test_images\img_310.jpg: [Errno 2] No such file or directory: 'G:\\develop-G\\file\\perf_test_images\\img_310.jpg'
2026-02-05 12:31:31,854 [ERROR] widgets: Failed to generate thumbnail for perf_test_images\img_311.jpg: [Errno 2] No such file or directory: 'G:\\develop-G\\file\\perf_test_images\\img_311.jpg'
2026-02-05 12:31:31,866 [ERROR] widgets: Failed to generate thumbnail for perf_test_images\img_312.jpg: [Errno 2] No such file or directory: 'G:\\develop-G\\file\\perf_test_images\\img_312.jpg'
2026-02-05 12:31:31,882 [ERROR] widgets: Failed to generate thumbnail for perf_test_images\img_313.jpg: [Errno 2] No such file or directory: 'G:\\develop-G\\file\\perf_test_images\\img_313.jpg'
2026-02-05 12:31:31,898 [ERROR] widgets: Failed to generate thumbnail for perf_test_images\img_314.jpg: [Errno 2] No such file or directory: 'G:\\develop-G\\file\\perf_test_images\\img_314.jpg'
2026-02-05 12:31:31,913 [ERROR] widgets: Failed to generate thumbnail for perf_test_images\img_315.jpg: [Errno 2] No such file or directory: 'G:\\develop-G\\file\\perf_test_images\\img_315.jpg'
2026-02-05 12:31:31,930 [ERROR] widgets: Failed to generate thumbnail for perf_test_images\img_316.jpg: [Errno 2] No such file or directory: 'G:\\develop-G\\file\\perf_test_images\\img_316.jpg'
2026-02-05 12:31:31,947 [ERROR] widgets: Failed to generate thumbnail for perf_test_images\img_317.jpg: [Errno 2] No such file or directory: 'G:\\develop-G\\file\\perf_test_images\\img_317.jpg'
2026-02-05 12:31:31,962 [ERROR] widgets: Failed to generate thumbnail for perf_test_images\img_318.jpg: [Errno 2] No such file or directory: 'G:\\develop-G\\file\\perf_test_images\\img_318.jpg'
2026-02-05 12:31:31,978 [ERROR] widgets: Failed to generate thumbnail for perf_test_images\img_319.jpg: [Errno 2] No such file or directory: 'G:\\develop-G\\file\\perf_test_images\\img_319.jpg'
2026-02-05 12:31:32,005 [ERROR] widgets: Failed to generate thumbnail for perf_test_images\img_320.jpg: [Errno 2] No such file or directory: 'G:\\develop-G\\file\\perf_test_images\\img_320.jpg'
2026-02-05 12:31:32,019 [ERROR] widgets: Failed to generate thumbnail for perf_test_images\img_321.jpg: [Errno 2] No such file or directory: 'G:\\develop-G\\file\\perf_test_images\\img_321.jpg'
2026-02-05 12:31:32,035 [ERROR] widgets: Failed to generate thumbnail for perf_test_images\img_322.jpg: [Errno 2] No such file or directory: 'G:\\develop-G\\file\\perf_test_images\\img_322.jpg'
2026-02-05 12:31:32,051 [ERROR] widgets: Failed to generate thumbnail for perf_test_images\img_323.jpg: [Errno 2] No such file or directory: 'G:\\develop-G\\file\\perf_test_images\\img_323.jpg'
2026-02-05 12:31:32,067 [ERROR] widgets: Failed to generate thumbnail for perf_test_images\img_324.jpg: [Errno 2] No such file or directory: 'G:\\develop-G\\file\\perf_test_images\\img_324.jpg'
2026-02-05 12:31:32,082 [ERROR] widgets: Failed to generate thumbnail for perf_test_images\img_325.jpg: [Errno 2] No such file or directory: 'G:\\develop-G\\file\\perf_test_images\\img_325.jpg'
2026-02-05 12:31:32,098 [ERROR] widgets: Failed to generate thumbnail for perf_test_images\img_326.jpg: [Errno 2] No such file or directory: 'G:\\develop-G\\file\\perf_test_images\\img_326.jpg'
2026-02-05 12:31:32,115 [ERROR] widgets: Failed to generate thumbnail for perf_test_images\img_327.jpg: [Errno 2] No such file or directory: 'G:\\develop-G\\file\\perf_test_images\\img_327.jpg'
2026-02-05 12:31:32,131 [ERROR] widgets: Failed to generate thumbnail for perf_test_images\img_328.jpg: [Errno 2] No such file or directory: 'G:\\develop-G\\file\\perf_test_images\\img_328.jpg'
2026-02-05 12:31:32,146 [ERROR] widgets: Failed to generate thumbnail for perf_test_images\img_329.jpg: [Errno 2] No such file or directory: 'G:\\develop-G\\file\\perf_test_images\\img_329.jpg'
2026-02-05 12:31:32,162 [ERROR] widgets: Failed to generate thumbnail for perf_test_images\img_330.jpg: [Errno 2] No such file or directory: 'G:\\develop-G\\file\\perf_test_images\\img_330.jpg'
2026-02-05 12:31:32,178 [ERROR] widgets: Failed to generate thumbnail for perf_test_images\img_331.jpg: [Errno 2] No such file or directory: 'G:\\develop-G\\file\\perf_test_images\\img_331.jpg'
2026-02-05 12:31:32,194 [ERROR] widgets: Failed to generate thumbnail for perf_test_images\img_332.jpg: [Errno 2] No such file or directory: 'G:\\develop-G\\file\\perf_test_images\\img_332.jpg'
2026-02-05 12:31:32,209 [ERROR] widgets: Failed to generate thumbnail for perf_test_images\img_333.jpg: [Errno 2] No such file or directory: 'G:\\develop-G\\file\\perf_test_images\\img_333.jpg'
2026-02-05 12:31:32,224 [ERROR] widgets: Failed to generate thumbnail for perf_test_images\img_334.jpg: [Errno 2] No such file or directory: 'G:\\develop-G\\file\\perf_test_images\\img_334.jpg'
2026-02-05 12:31:32,240 [ERROR] widgets: Failed to generate thumbnail for perf_test_images\img_335.jpg: [Errno 2] No such file or directory: 'G:\\develop-G\\file\\perf_test_images\\img_335.jpg'
2026-02-05 12:31:32,256 [ERROR] widgets: Failed to generate thumbnail for perf_test_images\img_336.jpg: [Errno 2] No such file or directory: 'G:\\develop-G\\file\\perf_test_images\\img_336.jpg'
2026-02-05 12:31:32,271 [ERROR] widgets: Failed to generate thumbnail for perf_test_images\img_337.jpg: [Errno 2] No such file or directory: 'G:\\develop-G\\file\\perf_test_images\\img_337.jpg'
2026-02-05 12:31:32,287 [ERROR] widgets: Failed to generate thumbnail for perf_test_images\img_338.jpg: [Errno 2] No such file or directory: 'G:\\develop-G\\file\\perf_test_images\\img_338.jpg'
2026-02-05 12:31:32,302 [ERROR] widgets: Failed to generate thumbnail for perf_test_images\img_339.jpg: [Errno 2] No such file or directory: 'G:\\develop-G\\file\\perf_test_images\\img_339.jpg'
2026-02-05 12:31:32,318 [ERROR] widgets: Failed to generate thumbnail for perf_test_images\img_340.jpg: [Errno 2] No such file or directory: 'G:\\develop-G\\file\\perf_test_images\\img_340.jpg'
2026-02-05 12:31:32,334 [ERROR] widgets: Failed to generate thumbnail for perf_test_images\img_341.jpg: [Errno 2] No such file or directory: 'G:\\develop-G\\file\\perf_test_images\\img_341.jpg'
2026-02-05 12:31:32,350 [ERROR] widgets: Failed to generate thumbnail for perf_test_images\img_342.jpg: [Errno 2] No such file or directory: 'G:\\develop-G\\file\\perf_test_images\\img_342.jpg'
2026-02-05 12:31:32,365 [ERROR] widgets: Failed to generate thumbnail for perf_test_images\img_343.jpg: [Errno 2] No such file or directory: 'G:\\develop-G\\file\\perf_test_images\\img_343.jpg'
2026-02-05 12:31:32,381 [ERROR] widgets: Failed to generate thumbnail for perf_test_images\img_344.jpg: [Errno 2] No such file or directory: 'G:\\develop-G\\file\\perf_test_images\\img_344.jpg'
2026-02-05 12:31:32,398 [ERROR] widgets: Failed to generate thumbnail for perf_test_images\img_345.jpg: [Errno 2] No such file or directory: 'G:\\develop-G\\file\\perf_test_images\\img_345.jpg'
2026-02-05 12:31:32,413 [ERROR] widgets: Failed to generate thumbnail for perf_test_images\img_346.jpg: [Errno 2] No such file or directory: 'G:\\develop-G\\file\\perf_test_images\\img_346.jpg'
2026-02-05 12:31:32,426 [ERROR] widgets: Failed to generate thumbnail for perf_test_images\img_347.jpg: [Errno 2] No such file or directory: 'G:\\develop-G\\file\\perf_test_images\\img_347.jpg'
2026-02-05 12:31:32,442 [ERROR] widgets: Failed to generate thumbnail for perf_test_images\img_348.jpg: [Errno 2] No such file or directory: 'G:\\develop-G\\file\\perf_test_images\\img_348.jpg'
2026-02-05 12:31:32,457 [ERROR] widgets: Failed to generate thumbnail for perf_test_images\img_349.jpg: [Errno 2] No such file or directory: 'G:\\develop-G\\file\\perf_test_images\\img_349.jpg'
2026-02-05 12:31:32,475 [ERROR] widgets: Failed to generate thumbnail for perf_test_images\img_350.jpg: [Errno 2] No such file or directory: 'G:\\develop-G\\file\\perf_test_images\\img_350.jpg'
2026-02-05 12:31:32,487 [ERROR] widgets: Failed to generate thumbnail for perf_test_images\img_351.jpg: [Errno 2] No such file or directory: 'G:\\develop-G\\file\\perf_test_images\\img_351.jpg'
2026-02-05 12:31:32,502 [ERROR] widgets: Failed to generate thumbnail for perf_test_images\img_352.jpg: [Errno 2] No such file or directory: 'G:\\develop-G\\file\\perf_test_images\\img_352.jpg'
2026-02-05 12:31:32,518 [ERROR] widgets: Failed to generate thumbnail for perf_test_images\img_353.jpg: [Errno 2] No such file or directory: 'G:\\develop-G\\file\\perf_test_images\\img_353.jpg'
2026-02-05 12:31:32,531 [ERROR] widgets: Failed to generate thumbnail for perf_test_images\img_354.jpg: [Errno 2] No such file or directory: 'G:\\develop-G\\file\\perf_test_images\\img_354.jpg'
2026-02-05 12:31:32,553 [ERROR] widgets: Failed to generate thumbnail for perf_test_images\img_355.jpg: [Errno 2] No such file or directory: 'G:\\develop-G\\file\\perf_test_images\\img_355.jpg'
2026-02-05 12:31:32,565 [ERROR] widgets: Failed to generate thumbnail for perf_test_images\img_356.jpg: [Errno 2] No such file or directory: 'G:\\develop-G\\file\\perf_test_images\\img_356.jpg'
2026-02-05 12:31:32,581 [ERROR] widgets: Failed to generate thumbnail for perf_test_images\img_357.jpg: [Errno 2] No such file or directory: 'G:\\develop-G\\file\\perf_test_images\\img_357.jpg'
2026-02-05 12:31:32,597 [ERROR] widgets: Failed to generate thumbnail for perf_test_images\img_358.jpg: [Errno 2] No such file or directory: 'G:\\develop-G\\file\\perf_test_images\\img_358.jpg'
2026-02-05 12:31:32,620 [ERROR] widgets: Failed to generate thumbnail for perf_test_images\img_359.jpg: [Errno 2] No such file or directory: 'G:\\develop-G\\file\\perf_test_images\\img_359.jpg'
2026-02-05 12:31:32,647 [ERROR] widgets: Failed to generate thumbnail for perf_test_images\img_360.jpg: [Errno 2] No such file or directory: 'G:\\develop-G\\file\\perf_test_images\\img_360.jpg'
2026-02-05 12:31:32,671 [ERROR] widgets: Failed to generate thumbnail for perf_test_images\img_361.jpg: [Errno 2] No such file or directory: 'G:\\develop-G\\file\\perf_test_images\\img_361.jpg'
2026-02-05 12:31:32,697 [ERROR] widgets: Failed to generate thumbnail for perf_test_images\img_362.jpg: [Errno 2] No such file or directory: 'G:\\develop-G\\file\\perf_test_images\\img_362.jpg'
2026-02-05 12:31:32,720 [ERROR] widgets: Failed to generate thumbnail for perf_test_images\img_363.jpg: [Errno 2] No such file or directory: 'G:\\develop-G\\file\\perf_test_images\\img_363.jpg'
2026-02-05 12:31:32,747 [ERROR] widgets: Failed to generate thumbnail for perf_test_images\img_364.jpg: [Errno 2] No such file or directory: 'G:\\develop-G\\file\\perf_test_images\\img_364.jpg'
2026-02-05 12:31:32,769 [ERROR] widgets: Failed to generate thumbnail for perf_test_images\img_365.jpg: [Errno 2] No such file or directory: 'G:\\develop-G\\file\\perf_test_images\\img_365.jpg'
2026-02-05 12:31:32,781 [ERROR] widgets: Failed to generate thumbnail for perf_test_images\img_366.jpg: [Errno 2] No such file or directory: 'G:\\develop-G\\file\\perf_test_images\\img_366.jpg'
2026-02-05 12:31:32,796 [ERROR] widgets: Failed to generate thumbnail for perf_test_images\img_367.jpg: [Errno 2] No such file or directory: 'G:\\develop-G\\file\\perf_test_images\\img_367.jpg'
2026-02-05 12:31:32,820 [ERROR] widgets: Failed to generate thumbnail for perf_test_images\img_368.jpg: [Errno 2] No such file or directory: 'G:\\develop-G\\file\\perf_test_images\\img_368.jpg'
2026-02-05 12:31:32,832 [ERROR] widgets: Failed to generate thumbnail for perf_test_images\img_369.jpg: [Errno 2] No such file or directory: 'G:\\develop-G\\file\\perf_test_images\\img_369.jpg'
2026-02-05 12:31:32,848 [ERROR] widgets: Failed to generate thumbnail for perf_test_images\img_370.jpg: [Errno 2] No such file or directory: 'G:\\develop-G\\file\\perf_test_images\\img_370.jpg'
2026-02-05 12:31:32,864 [ERROR] widgets: Failed to generate thumbnail for perf_test_images\img_371.jpg: [Errno 2] No such file or directory: 'G:\\develop-G\\file\\perf_test_images\\img_371.jpg'
2026-02-05 12:31:32,879 [ERROR] widgets: Failed to generate thumbnail for perf_test_images\img_372.jpg: [Errno 2] No such file or directory: 'G:\\develop-G\\file\\perf_test_images\\img_372.jpg'
2026-02-05 12:31:32,895 [ERROR] widgets: Failed to generate thumbnail for perf_test_images\img_373.jpg: [Errno 2] No such file or directory: 'G:\\develop-G\\file\\perf_test_images\\img_373.jpg'
2026-02-05 12:31:32,912 [ERROR] widgets: Failed to generate thumbnail for perf_test_images\img_374.jpg: [Errno 2] No such file or directory: 'G:\\develop-G\\file\\perf_test_images\\img_374.jpg'
2026-02-05 12:31:32,927 [ERROR] widgets: Failed to generate thumbnail for perf_test_images\img_375.jpg: [Errno 2] No such file or directory: 'G:\\develop-G\\file\\perf_test_images\\img_375.jpg'
2026-02-05 12:31:32,953 [ERROR] widgets: Failed to generate thumbnail for perf_test_images\img_376.jpg: [Errno 2] No such file or directory: 'G:\\develop-G\\file\\perf_test_images\\img_376.jpg'
2026-02-05 12:31:32,971 [ERROR] widgets: Failed to generate thumbnail for perf_test_images\img_377.jpg: [Errno 2] No such file or directory: 'G:\\develop-G\\file\\perf_test_images\\img_377.jpg'
2026-02-05 12:31:32,986 [ERROR] widgets: Failed to generate thumbnail for perf_test_images\img_378.jpg: [Errno 2] No such file or directory: 'G:\\develop-G\\file\\perf_test_images\\img_378.jpg'
2026-02-05 12:31:33,002 [ERROR] widgets: Failed to generate thumbnail for perf_test_images\img_379.jpg: [Errno 2] No such file or directory: 'G:\\develop-G\\file\\perf_test_images\\img_379.jpg'
2026-02-05 12:31:33,019 [ERROR] widgets: Failed to generate thumbnail for perf_test_images\img_380.jpg: [Errno 2] No such file or directory: 'G:\\develop-G\\file\\perf_test_images\\img_380.jpg'
2026-02-05 12:31:33,035 [ERROR] widgets: Failed to generate thumbnail for perf_test_images\img_381.jpg: [Errno 2] No such file or directory: 'G:\\develop-G\\file\\perf_test_images\\img_381.jpg'
2026-02-05 12:31:33,052 [ERROR] widgets: Failed to generate thumbnail for perf_test_images\img_382.jpg: [Errno 2] No such file or directory: 'G:\\develop-G\\file\\perf_test_images\\img_382.jpg'
2026-02-05 12:31:33,068 [ERROR] widgets: Failed to generate thumbnail for perf_test_images\img_383.jpg: [Errno 2] No such file or directory: 'G:\\develop-G\\file\\perf_test_images\\img_383.jpg'
2026-02-05 12:31:33,080 [ERROR] widgets: Failed to generate thumbnail for perf_test_images\img_384.jpg: [Errno 2] No such file or directory: 'G:\\develop-G\\file\\perf_test_images\\img_384.jpg'
2026-02-05 12:31:33,097 [ERROR] widgets: Failed to generate thumbnail for perf_test_images\img_385.jpg: [Errno 2] No such file or directory: 'G:\\develop-G\\file\\perf_test_images\\img_385.jpg'
2026-02-05 12:31:33,113 [ERROR] widgets: Failed to generate thumbnail for perf_test_images\img_386.jpg: [Errno 2] No such file or directory: 'G:\\develop-G\\file\\perf_test_images\\img_386.jpg'
2026-02-05 12:31:33,137 [ERROR] widgets: Failed to generate thumbnail for perf_test_images\img_387.jpg: [Errno 2] No such file or directory: 'G:\\develop-G\\file\\perf_test_images\\img_387.jpg'
2026-02-05 12:31:33,155 [ERROR] widgets: Failed to generate thumbnail for perf_test_images\img_388.jpg: [Errno 2] No such file or directory: 'G:\\develop-G\\file\\perf_test_images\\img_388.jpg'
2026-02-05 12:31:33,170 [ERROR] widgets: Failed to generate thumbnail for perf_test_images\img_389.jpg: [Errno 2] No such file or directory: 'G:\\develop-G\\file\\perf_test_images\\img_389.jpg'
2026-02-05 12:31:33,186 [ERROR] widgets: Failed to generate thumbnail for perf_test_images\img_390.jpg: [Errno 2] No such file or directory: 'G:\\develop-G\\file\\perf_test_images\\img_390.jpg'
2026-02-05 12:31:33,203 [ERROR] widgets: Failed to generate thumbnail for perf_test_images\img_391.jpg: [Errno 2] No such file or directory: 'G:\\develop-G\\file\\perf_test_images\\img_391.jpg'
2026-02-05 12:31:33,218 [ERROR] widgets: Failed to generate thumbnail for perf_test_images\img_392.jpg: [Errno 2] No such file or directory: 'G:\\develop-G\\file\\perf_test_images\\img_392.jpg'
2026-02-05 12:31:33,234 [ERROR] widgets: Failed to generate thumbnail for perf_test_images\img_393.jpg: [Errno 2] No such file or directory: 'G:\\develop-G\\file\\perf_test_images\\img_393.jpg'
2026-02-05 12:31:33,250 [ERROR] widgets: Failed to generate thumbnail for perf_test_images\img_394.jpg: [Errno 2] No such file or directory: 'G:\\develop-G\\file\\perf_test_images\\img_394.jpg'
2026-02-05 12:31:33,266 [ERROR] widgets: Failed to generate thumbnail for perf_test_images\img_395.jpg: [Errno 2] No such file or directory: 'G:\\develop-G\\file\\perf_test_images\\img_395.jpg'
2026-02-05 12:31:33,280 [ERROR] widgets: Failed to generate thumbnail for perf_test_images\img_396.jpg: [Errno 2] No such file or directory: 'G:\\develop-G\\file\\perf_test_images\\img_396.jpg'
2026-02-05 12:31:33,297 [ERROR] widgets: Failed to generate thumbnail for perf_test_images\img_397.jpg: [Errno 2] No such file or directory: 'G:\\develop-G\\file\\perf_test_images\\img_397.jpg'
2026-02-05 12:31:33,313 [ERROR] widgets: Failed to generate thumbnail for perf_test_images\img_398.jpg: [Errno 2] No such file or directory: 'G:\\develop-G\\file\\perf_test_images\\img_398.jpg'
2026-02-05 12:31:33,329 [ERROR] widgets: Failed to generate thumbnail for perf_test_images\img_399.jpg: [Errno 2] No such file or directory: 'G:\\develop-G\\file\\perf_test_images\\img_399.jpg'
2026-02-05 12:31:33,342 [ERROR] widgets: Failed to generate thumbnail for perf_test_images\img_400.jpg: [Errno 2] No such file or directory: 'G:\\develop-G\\file\\perf_test_images\\img_400.jpg'
2026-02-05 12:31:33,354 [ERROR] widgets: Failed to generate thumbnail for perf_test_images\img_401.jpg: [Errno 2] No such file or directory: 'G:\\develop-G\\file\\perf_test_images\\img_401.jpg'
2026-02-05 12:31:33,370 [ERROR] widgets: Failed to generate thumbnail for perf_test_images\img_402.jpg: [Errno 2] No such file or directory: 'G:\\develop-G\\file\\perf_test_images\\img_402.jpg'
2026-02-05 12:31:33,387 [ERROR] widgets: Failed to generate thumbnail for perf_test_images\img_403.jpg: [Errno 2] No such file or directory: 'G:\\develop-G\\file\\perf_test_images\\img_403.jpg'
2026-02-05 12:31:33,403 [ERROR] widgets: Failed to generate thumbnail for perf_test_images\img_404.jpg: [Errno 2] No such file or directory: 'G:\\develop-G\\file\\perf_test_images\\img_404.jpg'
2026-02-05 12:31:33,419 [ERROR] widgets: Failed to generate thumbnail for perf_test_images\img_405.jpg: [Errno 2] No such file or directory: 'G:\\develop-G\\file\\perf_test_images\\img_405.jpg'
2026-02-05 12:31:33,435 [ERROR] widgets: Failed to generate thumbnail for perf_test_images\img_406.jpg: [Errno 2] No such file or directory: 'G:\\develop-G\\file\\perf_test_images\\img_406.jpg'
2026-02-05 12:31:33,450 [ERROR] widgets: Failed to generate thumbnail for perf_test_images\img_407.jpg: [Errno 2] No such file or directory: 'G:\\develop-G\\file\\perf_test_images\\img_407.jpg'
2026-02-05 12:31:33,466 [ERROR] widgets: Failed to generate thumbnail for perf_test_images\img_408.jpg: [Errno 2] No such file or directory: 'G:\\develop-G\\file\\perf_test_images\\img_408.jpg'
2026-02-05 12:31:33,480 [ERROR] widgets: Failed to generate thumbnail for perf_test_images\img_409.jpg: [Errno 2] No such file or directory: 'G:\\develop-G\\file\\perf_test_images\\img_409.jpg'
2026-02-05 12:31:33,497 [ERROR] widgets: Failed to generate thumbnail for perf_test_images\img_410.jpg: [Errno 2] No such file or directory: 'G:\\develop-G\\file\\perf_test_images\\img_410.jpg'
2026-02-05 12:31:33,514 [ERROR] widgets: Failed to generate thumbnail for perf_test_images\img_411.jpg: [Errno 2] No such file or directory: 'G:\\develop-G\\file\\perf_test_images\\img_411.jpg'
2026-02-05 12:31:33,530 [ERROR] widgets: Failed to generate thumbnail for perf_test_images\img_412.jpg: [Errno 2] No such file or directory: 'G:\\develop-G\\file\\perf_test_images\\img_412.jpg'
2026-02-05 12:31:33,549 [ERROR] widgets: Failed to generate thumbnail for perf_test_images\img_413.jpg: [Errno 2] No such file or directory: 'G:\\develop-G\\file\\perf_test_images\\img_413.jpg'
2026-02-05 12:31:33,565 [ERROR] widgets: Failed to generate thumbnail for perf_test_images\img_414.jpg: [Errno 2] No such file or directory: 'G:\\develop-G\\file\\perf_test_images\\img_414.jpg'
2026-02-05 12:31:33,581 [ERROR] widgets: Failed to generate thumbnail for perf_test_images\img_415.jpg: [Errno 2] No such file or directory: 'G:\\develop-G\\file\\perf_test_images\\img_415.jpg'
2026-02-05 12:31:33,604 [ERROR] widgets: Failed to generate thumbnail for perf_test_images\img_416.jpg: [Errno 2] No such file or directory: 'G:\\develop-G\\file\\perf_test_images\\img_416.jpg'
2026-02-05 12:31:33,629 [ERROR] widgets: Failed to generate thumbnail for perf_test_images\img_417.jpg: [Errno 2] No such file or directory: 'G:\\develop-G\\file\\perf_test_images\\img_417.jpg'
2026-02-05 12:31:33,654 [ERROR] widgets: Failed to generate thumbnail for perf_test_images\img_418.jpg: [Errno 2] No such file or directory: 'G:\\develop-G\\file\\perf_test_images\\img_418.jpg'
2026-02-05 12:31:33,680 [ERROR] widgets: Failed to generate thumbnail for perf_test_images\img_419.jpg: [Errno 2] No such file or directory: 'G:\\develop-G\\file\\perf_test_images\\img_419.jpg'
2026-02-05 12:31:33,703 [ERROR] widgets: Failed to generate thumbnail for perf_test_images\img_420.jpg: [Errno 2] No such file or directory: 'G:\\develop-G\\file\\perf_test_images\\img_420.jpg'
2026-02-05 12:31:33,730 [ERROR] widgets: Failed to generate thumbnail for perf_test_images\img_421.jpg: [Errno 2] No such file or directory: 'G:\\develop-G\\file\\perf_test_images\\img_421.jpg'
2026-02-05 12:31:33,754 [ERROR] widgets: Failed to generate thumbnail for perf_test_images\img_422.jpg: [Errno 2] No such file or directory: 'G:\\develop-G\\file\\perf_test_images\\img_422.jpg'
2026-02-05 12:31:33,779 [ERROR] widgets: Failed to generate thumbnail for perf_test_images\img_423.jpg: [Errno 2] No such file or directory: 'G:\\develop-G\\file\\perf_test_images\\img_423.jpg'
2026-02-05 12:31:33,804 [ERROR] widgets: Failed to generate thumbnail for perf_test_images\img_424.jpg: [Errno 2] No such file or directory: 'G:\\develop-G\\file\\perf_test_images\\img_424.jpg'
2026-02-05 12:31:33,815 [ERROR] widgets: Failed to generate thumbnail for perf_test_images\img_425.jpg: [Errno 2] No such file or directory: 'G:\\develop-G\\file\\perf_test_images\\img_425.jpg'
2026-02-05 12:31:33,832 [ERROR] widgets: Failed to generate thumbnail for perf_test_images\img_426.jpg: [Errno 2] No such file or directory: 'G:\\develop-G\\file\\perf_test_images\\img_426.jpg'
2026-02-05 12:31:33,847 [ERROR] widgets: Failed to generate thumbnail for perf_test_images\img_427.jpg: [Errno 2] No such file or directory: 'G:\\develop-G\\file\\perf_test_images\\img_427.jpg'
2026-02-05 12:31:33,862 [ERROR] widgets: Failed to generate thumbnail for perf_test_images\img_428.jpg: [Errno 2] No such file or directory: 'G:\\develop-G\\file\\perf_test_images\\img_428.jpg'
2026-02-05 12:31:33,879 [ERROR] widgets: Failed to generate thumbnail for perf_test_images\img_429.jpg: [Errno 2] No such file or directory: 'G:\\develop-G\\file\\perf_test_images\\img_429.jpg'
2026-02-05 12:31:33,895 [ERROR] widgets: Failed to generate thumbnail for perf_test_images\img_430.jpg: [Errno 2] No such file or directory: 'G:\\develop-G\\file\\perf_test_images\\img_430.jpg'
2026-02-05 12:31:33,911 [ERROR] widgets: Failed to generate thumbnail for perf_test_images\img_431.jpg: [Errno 2] No such file or directory: 'G:\\develop-G\\file\\perf_test_images\\img_431.jpg'
2026-02-05 12:31:33,926 [ERROR] widgets: Failed to generate thumbnail for perf_test_images\img_432.jpg: [Errno 2] No such file or directory: 'G:\\develop-G\\file\\perf_test_images\\img_432.jpg'
2026-02-05 12:31:33,953 [ERROR] widgets: Failed to generate thumbnail for perf_test_images\img_433.jpg: [Errno 2] No such file or directory: 'G:\\develop-G\\file\\perf_test_images\\img_433.jpg'
2026-02-05 12:31:33,969 [ERROR] widgets: Failed to generate thumbnail for perf_test_images\img_434.jpg: [Errno 2] No such file or directory: 'G:\\develop-G\\file\\perf_test_images\\img_434.jpg'
2026-02-05 12:31:33,985 [ERROR] widgets: Failed to generate thumbnail for perf_test_images\img_435.jpg: [Errno 2] No such file or directory: 'G:\\develop-G\\file\\perf_test_images\\img_435.jpg'
2026-02-05 12:31:34,000 [ERROR] widgets: Failed to generate thumbnail for perf_test_images\img_436.jpg: [Errno 2] No such file or directory: 'G:\\develop-G\\file\\perf_test_images\\img_436.jpg'
2026-02-05 12:31:34,015 [ERROR] widgets: Failed to generate thumbnail for perf_test_images\img_437.jpg: [Errno 2] No such file or directory: 'G:\\develop-G\\file\\perf_test_images\\img_437.jpg'
2026-02-05 12:31:34,030 [ERROR] widgets: Failed to generate thumbnail for perf_test_images\img_438.jpg: [Errno 2] No such file or directory: 'G:\\develop-G\\file\\perf_test_images\\img_438.jpg'
2026-02-05 12:31:34,046 [ERROR] widgets: Failed to generate thumbnail for perf_test_images\img_439.jpg: [Errno 2] No such file or directory: 'G:\\develop-G\\file\\perf_test_images\\img_439.jpg'
2026-02-05 12:31:34,070 [ERROR] widgets: Failed to generate thumbnail for perf_test_images\img_440.jpg: [Errno 2] No such file or directory: 'G:\\develop-G\\file\\perf_test_images\\img_440.jpg'
2026-02-05 12:31:34,087 [ERROR] widgets: Failed to generate thumbnail for perf_test_images\img_441.jpg: [Errno 2] No such file or directory: 'G:\\develop-G\\file\\perf_test_images\\img_441.jpg'
2026-02-05 12:31:34,103 [ERROR] widgets: Failed to generate thumbnail for perf_test_images\img_442.jpg: [Errno 2] No such file or directory: 'G:\\develop-G\\file\\perf_test_images\\img_442.jpg'
2026-02-05 12:31:34,119 [ERROR] widgets: Failed to generate thumbnail for perf_test_images\img_443.jpg: [Errno 2] No such file or directory: 'G:\\develop-G\\file\\perf_test_images\\img_443.jpg'
2026-02-05 12:31:34,135 [ERROR] widgets: Failed to generate thumbnail for perf_test_images\img_444.jpg: [Errno 2] No such file or directory: 'G:\\develop-G\\file\\perf_test_images\\img_444.jpg'
2026-02-05 12:31:34,151 [ERROR] widgets: Failed to generate thumbnail for perf_test_images\img_445.jpg: [Errno 2] No such file or directory: 'G:\\develop-G\\file\\perf_test_images\\img_445.jpg'
2026-02-05 12:31:34,166 [ERROR] widgets: Failed to generate thumbnail for perf_test_images\img_446.jpg: [Errno 2] No such file or directory: 'G:\\develop-G\\file\\perf_test_images\\img_446.jpg'
2026-02-05 12:31:34,183 [ERROR] widgets: Failed to generate thumbnail for perf_test_images\img_447.jpg: [Errno 2] No such file or directory: 'G:\\develop-G\\file\\perf_test_images\\img_447.jpg'
2026-02-05 12:31:34,198 [ERROR] widgets: Failed to generate thumbnail for perf_test_images\img_448.jpg: [Errno 2] No such file or directory: 'G:\\develop-G\\file\\perf_test_images\\img_448.jpg'
2026-02-05 12:31:34,214 [ERROR] widgets: Failed to generate thumbnail for perf_test_images\img_449.jpg: [Errno 2] No such file or directory: 'G:\\develop-G\\file\\perf_test_images\\img_449.jpg'
2026-02-05 12:31:34,230 [ERROR] widgets: Failed to generate thumbnail for perf_test_images\img_450.jpg: [Errno 2] No such file or directory: 'G:\\develop-G\\file\\perf_test_images\\img_450.jpg'
2026-02-05 12:31:34,247 [ERROR] widgets: Failed to generate thumbnail for perf_test_images\img_451.jpg: [Errno 2] No such file or directory: 'G:\\develop-G\\file\\perf_test_images\\img_451.jpg'
2026-02-05 12:31:34,271 [ERROR] widgets: Failed to generate thumbnail for perf_test_images\img_452.jpg: [Errno 2] No such file or directory: 'G:\\develop-G\\file\\perf_test_images\\img_452.jpg'
2026-02-05 12:31:34,297 [ERROR] widgets: Failed to generate thumbnail for perf_test_images\img_453.jpg: [Errno 2] No such file or directory: 'G:\\develop-G\\file\\perf_test_images\\img_453.jpg'
2026-02-05 12:31:34,320 [ERROR] widgets: Failed to generate thumbnail for perf_test_images\img_454.jpg: [Errno 2] No such file or directory: 'G:\\develop-G\\file\\perf_test_images\\img_454.jpg'
2026-02-05 12:31:34,338 [ERROR] widgets: Failed to generate thumbnail for perf_test_images\img_455.jpg: [Errno 2] No such file or directory: 'G:\\develop-G\\file\\perf_test_images\\img_455.jpg'
2026-02-05 12:31:34,354 [ERROR] widgets: Failed to generate thumbnail for perf_test_images\img_456.jpg: [Errno 2] No such file or directory: 'G:\\develop-G\\file\\perf_test_images\\img_456.jpg'
2026-02-05 12:31:34,371 [ERROR] widgets: Failed to generate thumbnail for perf_test_images\img_457.jpg: [Errno 2] No such file or directory: 'G:\\develop-G\\file\\perf_test_images\\img_457.jpg'
2026-02-05 12:31:34,386 [ERROR] widgets: Failed to generate thumbnail for perf_test_images\img_458.jpg: [Errno 2] No such file or directory: 'G:\\develop-G\\file\\perf_test_images\\img_458.jpg'
2026-02-05 12:31:34,402 [ERROR] widgets: Failed to generate thumbnail for perf_test_images\img_459.jpg: [Errno 2] No such file or directory: 'G:\\develop-G\\file\\perf_test_images\\img_459.jpg'
2026-02-05 12:31:34,417 [ERROR] widgets: Failed to generate thumbnail for perf_test_images\img_460.jpg: [Errno 2] No such file or directory: 'G:\\develop-G\\file\\perf_test_images\\img_460.jpg'
2026-02-05 12:31:34,434 [ERROR] widgets: Failed to generate thumbnail for perf_test_images\img_461.jpg: [Errno 2] No such file or directory: 'G:\\develop-G\\file\\perf_test_images\\img_461.jpg'
2026-02-05 12:31:34,450 [ERROR] widgets: Failed to generate thumbnail for perf_test_images\img_462.jpg: [Errno 2] No such file or directory: 'G:\\develop-G\\file\\perf_test_images\\img_462.jpg'
2026-02-05 12:31:34,465 [ERROR] widgets: Failed to generate thumbnail for perf_test_images\img_463.jpg: [Errno 2] No such file or directory: 'G:\\develop-G\\file\\perf_test_images\\img_463.jpg'
2026-02-05 12:31:34,480 [ERROR] widgets: Failed to generate thumbnail for perf_test_images\img_464.jpg: [Errno 2] No such file or directory: 'G:\\develop-G\\file\\perf_test_images\\img_464.jpg'
2026-02-05 12:31:34,496 [ERROR] widgets: Failed to generate thumbnail for perf_test_images\img_465.jpg: [Errno 2] No such file or directory: 'G:\\develop-G\\file\\perf_test_images\\img_465.jpg'
2026-02-05 12:31:34,511 [ERROR] widgets: Failed to generate thumbnail for perf_test_images\img_466.jpg: [Errno 2] No such file or directory: 'G:\\develop-G\\file\\perf_test_images\\img_466.jpg'
2026-02-05 12:31:34,535 [ERROR] widgets: Failed to generate thumbnail for perf_test_images\img_467.jpg: [Errno 2] No such file or directory: 'G:\\develop-G\\file\\perf_test_images\\img_467.jpg'
2026-02-05 12:31:34,548 [ERROR] widgets: Failed to generate thumbnail for perf_test_images\img_468.jpg: [Errno 2] No such file or directory: 'G:\\develop-G\\file\\perf_test_images\\img_468.jpg'
2026-02-05 12:31:34,564 [ERROR] widgets: Failed to generate thumbnail for perf_test_images\img_469.jpg: [Errno 2] No such file or directory: 'G:\\develop-G\\file\\perf_test_images\\img_469.jpg'
2026-02-05 12:31:34,586 [ERROR] widgets: Failed to generate thumbnail for perf_test_images\img_470.jpg: [Errno 2] No such file or directory: 'G:\\develop-G\\file\\perf_test_images\\img_470.jpg'
2026-02-05 12:31:34,598 [ERROR] widgets: Failed to generate thumbnail for perf_test_images\img_471.jpg: [Errno 2] No such file or directory: 'G:\\develop-G\\file\\perf_test_images\\img_471.jpg'
2026-02-05 12:31:34,614 [ERROR] widgets: Failed to generate thumbnail for perf_test_images\img_472.jpg: [Errno 2] No such file or directory: 'G:\\develop-G\\file\\perf_test_images\\img_472.jpg'
2026-02-05 12:31:34,630 [ERROR] widgets: Failed to generate thumbnail for perf_test_images\img_473.jpg: [Errno 2] No such file or directory: 'G:\\develop-G\\file\\perf_test_images\\img_473.jpg'
2026-02-05 12:31:34,655 [ERROR] widgets: Failed to generate thumbnail for perf_test_images\img_474.jpg: [Errno 2] No such file or directory: 'G:\\develop-G\\file\\perf_test_images\\img_474.jpg'
2026-02-05 12:31:34,669 [ERROR] widgets: Failed to generate thumbnail for perf_test_images\img_475.jpg: [Errno 2] No such file or directory: 'G:\\develop-G\\file\\perf_test_images\\img_475.jpg'
2026-02-05 12:31:34,686 [ERROR] widgets: Failed to generate thumbnail for perf_test_images\img_476.jpg: [Errno 2] No such file or directory: 'G:\\develop-G\\file\\perf_test_images\\img_476.jpg'
2026-02-05 12:31:34,702 [ERROR] widgets: Failed to generate thumbnail for perf_test_images\img_477.jpg: [Errno 2] No such file or directory: 'G:\\develop-G\\file\\perf_test_images\\img_477.jpg'
2026-02-05 12:31:34,718 [ERROR] widgets: Failed to generate thumbnail for perf_test_images\img_478.jpg: [Errno 2] No such file or directory: 'G:\\develop-G\\file\\perf_test_images\\img_478.jpg'
2026-02-05 12:31:34,733 [ERROR] widgets: Failed to generate thumbnail for perf_test_images\img_479.jpg: [Errno 2] No such file or directory: 'G:\\develop-G\\file\\perf_test_images\\img_479.jpg'
2026-02-05 12:31:34,748 [ERROR] widgets: Failed to generate thumbnail for perf_test_images\img_480.jpg: [Errno 2] No such file or directory: 'G:\\develop-G\\file\\perf_test_images\\img_480.jpg'
2026-02-05 12:31:34,764 [ERROR] widgets: Failed to generate thumbnail for perf_test_images\img_481.jpg: [Errno 2] No such file or directory: 'G:\\develop-G\\file\\perf_test_images\\img_481.jpg'
2026-02-05 12:31:34,779 [ERROR] widgets: Failed to generate thumbnail for perf_test_images\img_482.jpg: [Errno 2] No such file or directory: 'G:\\develop-G\\file\\perf_test_images\\img_482.jpg'
2026-02-05 12:31:34,794 [ERROR] widgets: Failed to generate thumbnail for perf_test_images\img_483.jpg: [Errno 2] No such file or directory: 'G:\\develop-G\\file\\perf_test_images\\img_483.jpg'
2026-02-05 12:31:34,809 [ERROR] widgets: Failed to generate thumbnail for perf_test_images\img_484.jpg: [Errno 2] No such file or directory: 'G:\\develop-G\\file\\perf_test_images\\img_484.jpg'
2026-02-05 12:31:34,824 [ERROR] widgets: Failed to generate thumbnail for perf_test_images\img_485.jpg: [Errno 2] No such file or directory: 'G:\\develop-G\\file\\perf_test_images\\img_485.jpg'
2026-02-05 12:31:34,841 [ERROR] widgets: Failed to generate thumbnail for perf_test_images\img_486.jpg: [Errno 2] No such file or directory: 'G:\\develop-G\\file\\perf_test_images\\img_486.jpg'
2026-02-05 12:31:34,854 [ERROR] widgets: Failed to generate thumbnail for perf_test_images\img_487.jpg: [Errno 2] No such file or directory: 'G:\\develop-G\\file\\perf_test_images\\img_487.jpg'
2026-02-05 12:31:34,871 [ERROR] widgets: Failed to generate thumbnail for perf_test_images\img_488.jpg: [Errno 2] No such file or directory: 'G:\\develop-G\\file\\perf_test_images\\img_488.jpg'
2026-02-05 12:31:34,886 [ERROR] widgets: Failed to generate thumbnail for perf_test_images\img_489.jpg: [Errno 2] No such file or directory: 'G:\\develop-G\\file\\perf_test_images\\img_489.jpg'
2026-02-05 12:31:34,901 [ERROR] widgets: Failed to generate thumbnail for perf_test_images\img_490.jpg: [Errno 2] No such file or directory: 'G:\\develop-G\\file\\perf_test_images\\img_490.jpg'
2026-02-05 12:31:34,918 [ERROR] widgets: Failed to generate thumbnail for perf_test_images\img_491.jpg: [Errno 2] No such file or directory: 'G:\\develop-G\\file\\perf_test_images\\img_491.jpg'
2026-02-05 12:31:34,934 [ERROR] widgets: Failed to generate thumbnail for perf_test_images\img_492.jpg: [Errno 2] No such file or directory: 'G:\\develop-G\\file\\perf_test_images\\img_492.jpg'
2026-02-05 12:31:34,949 [ERROR] widgets: Failed to generate thumbnail for perf_test_images\img_493.jpg: [Errno 2] No such file or directory: 'G:\\develop-G\\file\\perf_test_images\\img_493.jpg'
2026-02-05 12:31:34,964 [ERROR] widgets: Failed to generate thumbnail for perf_test_images\img_494.jpg: [Errno 2] No such file or directory: 'G:\\develop-G\\file\\perf_test_images\\img_494.jpg'
2026-02-05 12:31:34,980 [ERROR] widgets: Failed to generate thumbnail for perf_test_images\img_495.jpg: [Errno 2] No such file or directory: 'G:\\develop-G\\file\\perf_test_images\\img_495.jpg'
2026-02-05 12:31:34,997 [ERROR] widgets: Failed to generate thumbnail for perf_test_images\img_496.jpg: [Errno 2] No such file or directory: 'G:\\develop-G\\file\\perf_test_images\\img_496.jpg'
2026-02-05 12:31:35,020 [ERROR] widgets: Failed to generate thumbnail for perf_test_images\img_497.jpg: [Errno 2] No such file or directory: 'G:\\develop-G\\file\\perf_test_images\\img_497.jpg'
2026-02-05 12:31:35,046 [ERROR] widgets: Failed to generate thumbnail for perf_test_images\img_498.jpg: [Errno 2] No such file or directory: 'G:\\develop-G\\file\\perf_test_images\\img_498.jpg'
2026-02-05 12:31:35,070 [ERROR] widgets: Failed to generate thumbnail for perf_test_images\img_499.jpg: [Errno 2] No such file or directory: 'G:\\develop-G\\file\\perf_test_images\\img_499.jpg'
2026-02-05 12:31:35,088 [ERROR] widgets: Failed to generate thumbnail for perf_test_images\img_500.jpg: [Errno 2] No such file or directory: 'G:\\develop-G\\file\\perf_test_images\\img_500.jpg'
2026-02-05 12:31:35,103 [ERROR] widgets: Failed to generate thumbnail for perf_test_images\img_501.jpg: [Errno 2] No such file or directory: 'G:\\develop-G\\file\\perf_test_images\\img_501.jpg'
2026-02-05 12:31:35,126 [ERROR] widgets: Failed to generate thumbnail for perf_test_images\img_502.jpg: [Errno 2] No such file or directory: 'G:\\develop-G\\file\\perf_test_images\\img_502.jpg'
2026-02-05 12:31:35,142 [ERROR] widgets: Failed to generate thumbnail for perf_test_images\img_503.jpg: [Errno 2] No such file or directory: 'G:\\develop-G\\file\\perf_test_images\\img_503.jpg'
2026-02-05 12:31:35,157 [ERROR] widgets: Failed to generate thumbnail for perf_test_images\img_504.jpg: [Errno 2] No such file or directory: 'G:\\develop-G\\file\\perf_test_images\\img_504.jpg'
2026-02-05 12:31:35,173 [ERROR] widgets: Failed to generate thumbnail for perf_test_images\img_505.jpg: [Errno 2] No such file or directory: 'G:\\develop-G\\file\\perf_test_images\\img_505.jpg'
2026-02-05 12:31:35,188 [ERROR] widgets: Failed to generate thumbnail for perf_test_images\img_506.jpg: [Errno 2] No such file or directory: 'G:\\develop-G\\file\\perf_test_images\\img_506.jpg'
2026-02-05 12:31:35,202 [ERROR] widgets: Failed to generate thumbnail for perf_test_images\img_507.jpg: [Errno 2] No such file or directory: 'G:\\develop-G\\file\\perf_test_images\\img_507.jpg'
2026-02-05 12:31:35,219 [ERROR] widgets: Failed to generate thumbnail for perf_test_images\img_508.jpg: [Errno 2] No such file or directory: 'G:\\develop-G\\file\\perf_test_images\\img_508.jpg'
2026-02-05 12:31:35,235 [ERROR] widgets: Failed to generate thumbnail for perf_test_images\img_509.jpg: [Errno 2] No such file or directory: 'G:\\develop-G\\file\\perf_test_images\\img_509.jpg'
2026-02-05 12:31:35,251 [ERROR] widgets: Failed to generate thumbnail for perf_test_images\img_510.jpg: [Errno 2] No such file or directory: 'G:\\develop-G\\file\\perf_test_images\\img_510.jpg'
2026-02-05 12:31:35,268 [ERROR] widgets: Failed to generate thumbnail for perf_test_images\img_511.jpg: [Errno 2] No such file or directory: 'G:\\develop-G\\file\\perf_test_images\\img_511.jpg'
2026-02-05 12:31:35,282 [ERROR] widgets: Failed to generate thumbnail for perf_test_images\img_512.jpg: [Errno 2] No such file or directory: 'G:\\develop-G\\file\\perf_test_images\\img_512.jpg'
2026-02-05 12:31:35,297 [ERROR] widgets: Failed to generate thumbnail for perf_test_images\img_513.jpg: [Errno 2] No such file or directory: 'G:\\develop-G\\file\\perf_test_images\\img_513.jpg'
2026-02-05 12:31:35,314 [ERROR] widgets: Failed to generate thumbnail for perf_test_images\img_514.jpg: [Errno 2] No such file or directory: 'G:\\develop-G\\file\\perf_test_images\\img_514.jpg'
2026-02-05 12:31:35,330 [ERROR] widgets: Failed to generate thumbnail for perf_test_images\img_515.jpg: [Errno 2] No such file or directory: 'G:\\develop-G\\file\\perf_test_images\\img_515.jpg'
2026-02-05 12:31:35,345 [ERROR] widgets: Failed to generate thumbnail for perf_test_images\img_516.jpg: [Errno 2] No such file or directory: 'G:\\develop-G\\file\\perf_test_images\\img_516.jpg'
2026-02-05 12:31:35,362 [ERROR] widgets: Failed to generate thumbnail for perf_test_images\img_517.jpg: [Errno 2] No such file or directory: 'G:\\develop-G\\file\\perf_test_images\\img_517.jpg'
2026-02-05 12:31:35,378 [ERROR] widgets: Failed to generate thumbnail for perf_test_images\img_518.jpg: [Errno 2] No such file or directory: 'G:\\develop-G\\file\\perf_test_images\\img_518.jpg'
2026-02-05 12:31:35,394 [ERROR] widgets: Failed to generate thumbnail for perf_test_images\img_519.jpg: [Errno 2] No such file or directory: 'G:\\develop-G\\file\\perf_test_images\\img_519.jpg'
2026-02-05 12:31:35,420 [ERROR] widgets: Failed to generate thumbnail for perf_test_images\img_520.jpg: [Errno 2] No such file or directory: 'G:\\develop-G\\file\\perf_test_images\\img_520.jpg'
2026-02-05 12:31:35,436 [ERROR] widgets: Failed to generate thumbnail for perf_test_images\img_521.jpg: [Errno 2] No such file or directory: 'G:\\develop-G\\file\\perf_test_images\\img_521.jpg'
2026-02-05 12:31:35,451 [ERROR] widgets: Failed to generate thumbnail for perf_test_images\img_522.jpg: [Errno 2] No such file or directory: 'G:\\develop-G\\file\\perf_test_images\\img_522.jpg'
2026-02-05 12:31:35,467 [ERROR] widgets: Failed to generate thumbnail for perf_test_images\img_523.jpg: [Errno 2] No such file or directory: 'G:\\develop-G\\file\\perf_test_images\\img_523.jpg'
2026-02-05 12:31:35,483 [ERROR] widgets: Failed to generate thumbnail for perf_test_images\img_524.jpg: [Errno 2] No such file or directory: 'G:\\develop-G\\file\\perf_test_images\\img_524.jpg'
2026-02-05 12:31:35,499 [ERROR] widgets: Failed to generate thumbnail for perf_test_images\img_525.jpg: [Errno 2] No such file or directory: 'G:\\develop-G\\file\\perf_test_images\\img_525.jpg'
2026-02-05 12:31:35,513 [ERROR] widgets: Failed to generate thumbnail for perf_test_images\img_526.jpg: [Errno 2] No such file or directory: 'G:\\develop-G\\file\\perf_test_images\\img_526.jpg'
2026-02-05 12:31:35,529 [ERROR] widgets: Failed to generate thumbnail for perf_test_images\img_527.jpg: [Errno 2] No such file or directory: 'G:\\develop-G\\file\\perf_test_images\\img_527.jpg'
2026-02-05 12:31:35,544 [ERROR] widgets: Failed to generate thumbnail for perf_test_images\img_528.jpg: [Errno 2] No such file or directory: 'G:\\develop-G\\file\\perf_test_images\\img_528.jpg'
2026-02-05 12:31:35,559 [ERROR] widgets: Failed to generate thumbnail for perf_test_images\img_529.jpg: [Errno 2] No such file or directory: 'G:\\develop-G\\file\\perf_test_images\\img_529.jpg'
2026-02-05 12:31:35,576 [ERROR] widgets: Failed to generate thumbnail for perf_test_images\img_530.jpg: [Errno 2] No such file or directory: 'G:\\develop-G\\file\\perf_test_images\\img_530.jpg'
2026-02-05 12:31:35,591 [ERROR] widgets: Failed to generate thumbnail for perf_test_images\img_531.jpg: [Errno 2] No such file or directory: 'G:\\develop-G\\file\\perf_test_images\\img_531.jpg'
2026-02-05 12:31:35,605 [ERROR] widgets: Failed to generate thumbnail for perf_test_images\img_532.jpg: [Errno 2] No such file or directory: 'G:\\develop-G\\file\\perf_test_images\\img_532.jpg'
2026-02-05 12:31:35,620 [ERROR] widgets: Failed to generate thumbnail for perf_test_images\img_533.jpg: [Errno 2] No such file or directory: 'G:\\develop-G\\file\\perf_test_images\\img_533.jpg'
2026-02-05 12:31:35,638 [ERROR] widgets: Failed to generate thumbnail for perf_test_images\img_534.jpg: [Errno 2] No such file or directory: 'G:\\develop-G\\file\\perf_test_images\\img_534.jpg'
2026-02-05 12:31:35,654 [ERROR] widgets: Failed to generate thumbnail for perf_test_images\img_535.jpg: [Errno 2] No such file or directory: 'G:\\develop-G\\file\\perf_test_images\\img_535.jpg'
2026-02-05 12:31:35,670 [ERROR] widgets: Failed to generate thumbnail for perf_test_images\img_536.jpg: [Errno 2] No such file or directory: 'G:\\develop-G\\file\\perf_test_images\\img_536.jpg'
2026-02-05 12:31:35,685 [ERROR] widgets: Failed to generate thumbnail for perf_test_images\img_537.jpg: [Errno 2] No such file or directory: 'G:\\develop-G\\file\\perf_test_images\\img_537.jpg'
2026-02-05 12:31:35,702 [ERROR] widgets: Failed to generate thumbnail for perf_test_images\img_538.jpg: [Errno 2] No such file or directory: 'G:\\develop-G\\file\\perf_test_images\\img_538.jpg'
2026-02-05 12:31:35,717 [ERROR] widgets: Failed to generate thumbnail for perf_test_images\img_539.jpg: [Errno 2] No such file or directory: 'G:\\develop-G\\file\\perf_test_images\\img_539.jpg'
2026-02-05 12:31:35,733 [ERROR] widgets: Failed to generate thumbnail for perf_test_images\img_540.jpg: [Errno 2] No such file or directory: 'G:\\develop-G\\file\\perf_test_images\\img_540.jpg'
2026-02-05 12:31:35,749 [ERROR] widgets: Failed to generate thumbnail for perf_test_images\img_541.jpg: [Errno 2] No such file or directory: 'G:\\develop-G\\file\\perf_test_images\\img_541.jpg'
2026-02-05 12:31:35,764 [ERROR] widgets: Failed to generate thumbnail for perf_test_images\img_542.jpg: [Errno 2] No such file or directory: 'G:\\develop-G\\file\\perf_test_images\\img_542.jpg'
2026-02-05 12:31:35,779 [ERROR] widgets: Failed to generate thumbnail for perf_test_images\img_543.jpg: [Errno 2] No such file or directory: 'G:\\develop-G\\file\\perf_test_images\\img_543.jpg'
2026-02-05 12:31:35,804 [ERROR] widgets: Failed to generate thumbnail for perf_test_images\img_544.jpg: [Errno 2] No such file or directory: 'G:\\develop-G\\file\\perf_test_images\\img_544.jpg'
2026-02-05 12:31:35,831 [ERROR] widgets: Failed to generate thumbnail for perf_test_images\img_545.jpg: [Errno 2] No such file or directory: 'G:\\develop-G\\file\\perf_test_images\\img_545.jpg'
2026-02-05 12:31:35,855 [ERROR] widgets: Failed to generate thumbnail for perf_test_images\img_546.jpg: [Errno 2] No such file or directory: 'G:\\develop-G\\file\\perf_test_images\\img_546.jpg'
2026-02-05 12:31:35,880 [ERROR] widgets: Failed to generate thumbnail for perf_test_images\img_547.jpg: [Errno 2] No such file or directory: 'G:\\develop-G\\file\\perf_test_images\\img_547.jpg'
2026-02-05 12:31:35,896 [ERROR] widgets: Failed to generate thumbnail for perf_test_images\img_548.jpg: [Errno 2] No such file or directory: 'G:\\develop-G\\file\\perf_test_images\\img_548.jpg'
2026-02-05 12:31:35,921 [ERROR] widgets: Failed to generate thumbnail for perf_test_images\img_549.jpg: [Errno 2] No such file or directory: 'G:\\develop-G\\file\\perf_test_images\\img_549.jpg'
2026-02-05 12:31:35,936 [ERROR] widgets: Failed to generate thumbnail for perf_test_images\img_550.jpg: [Errno 2] No such file or directory: 'G:\\develop-G\\file\\perf_test_images\\img_550.jpg'
2026-02-05 12:31:35,952 [ERROR] widgets: Failed to generate thumbnail for perf_test_images\img_551.jpg: [Errno 2] No such file or directory: 'G:\\develop-G\\file\\perf_test_images\\img_551.jpg'
2026-02-05 12:31:35,968 [ERROR] widgets: Failed to generate thumbnail for perf_test_images\img_552.jpg: [Errno 2] No such file or directory: 'G:\\develop-G\\file\\perf_test_images\\img_552.jpg'
2026-02-05 12:31:35,984 [ERROR] widgets: Failed to generate thumbnail for perf_test_images\img_553.jpg: [Errno 2] No such file or directory: 'G:\\develop-G\\file\\perf_test_images\\img_553.jpg'
2026-02-05 12:31:36,001 [ERROR] widgets: Failed to generate thumbnail for perf_test_images\img_554.jpg: [Errno 2] No such file or directory: 'G:\\develop-G\\file\\perf_test_images\\img_554.jpg'
2026-02-05 12:31:36,016 [ERROR] widgets: Failed to generate thumbnail for perf_test_images\img_555.jpg: [Errno 2] No such file or directory: 'G:\\develop-G\\file\\perf_test_images\\img_555.jpg'
2026-02-05 12:31:36,031 [ERROR] widgets: Failed to generate thumbnail for perf_test_images\img_556.jpg: [Errno 2] No such file or directory: 'G:\\develop-G\\file\\perf_test_images\\img_556.jpg'
2026-02-05 12:31:36,047 [ERROR] widgets: Failed to generate thumbnail for perf_test_images\img_557.jpg: [Errno 2] No such file or directory: 'G:\\develop-G\\file\\perf_test_images\\img_557.jpg'
2026-02-05 12:31:36,063 [ERROR] widgets: Failed to generate thumbnail for perf_test_images\img_558.jpg: [Errno 2] No such file or directory: 'G:\\develop-G\\file\\perf_test_images\\img_558.jpg'
2026-02-05 12:31:36,079 [ERROR] widgets: Failed to generate thumbnail for perf_test_images\img_559.jpg: [Errno 2] No such file or directory: 'G:\\develop-G\\file\\perf_test_images\\img_559.jpg'
2026-02-05 12:31:36,104 [ERROR] widgets: Failed to generate thumbnail for perf_test_images\img_560.jpg: [Errno 2] No such file or directory: 'G:\\develop-G\\file\\perf_test_images\\img_560.jpg'
2026-02-05 12:31:36,119 [ERROR] widgets: Failed to generate thumbnail for perf_test_images\img_561.jpg: [Errno 2] No such file or directory: 'G:\\develop-G\\file\\perf_test_images\\img_561.jpg'
2026-02-05 12:31:36,134 [ERROR] widgets: Failed to generate thumbnail for perf_test_images\img_562.jpg: [Errno 2] No such file or directory: 'G:\\develop-G\\file\\perf_test_images\\img_562.jpg'
2026-02-05 12:31:36,152 [ERROR] widgets: Failed to generate thumbnail for perf_test_images\img_563.jpg: [Errno 2] No such file or directory: 'G:\\develop-G\\file\\perf_test_images\\img_563.jpg'
2026-02-05 12:31:36,167 [ERROR] widgets: Failed to generate thumbnail for perf_test_images\img_564.jpg: [Errno 2] No such file or directory: 'G:\\develop-G\\file\\perf_test_images\\img_564.jpg'
2026-02-05 12:31:36,182 [ERROR] widgets: Failed to generate thumbnail for perf_test_images\img_565.jpg: [Errno 2] No such file or directory: 'G:\\develop-G\\file\\perf_test_images\\img_565.jpg'
2026-02-05 12:31:36,197 [ERROR] widgets: Failed to generate thumbnail for perf_test_images\img_566.jpg: [Errno 2] No such file or directory: 'G:\\develop-G\\file\\perf_test_images\\img_566.jpg'
2026-02-05 12:31:36,213 [ERROR] widgets: Failed to generate thumbnail for perf_test_images\img_567.jpg: [Errno 2] No such file or directory: 'G:\\develop-G\\file\\perf_test_images\\img_567.jpg'
2026-02-05 12:31:36,229 [ERROR] widgets: Failed to generate thumbnail for perf_test_images\img_568.jpg: [Errno 2] No such file or directory: 'G:\\develop-G\\file\\perf_test_images\\img_568.jpg'
2026-02-05 12:31:36,245 [ERROR] widgets: Failed to generate thumbnail for perf_test_images\img_569.jpg: [Errno 2] No such file or directory: 'G:\\develop-G\\file\\perf_test_images\\img_569.jpg'
2026-02-05 12:31:36,260 [ERROR] widgets: Failed to generate thumbnail for perf_test_images\img_570.jpg: [Errno 2] No such file or directory: 'G:\\develop-G\\file\\perf_test_images\\img_570.jpg'
2026-02-05 12:31:36,277 [ERROR] widgets: Failed to generate thumbnail for perf_test_images\img_571.jpg: [Errno 2] No such file or directory: 'G:\\develop-G\\file\\perf_test_images\\img_571.jpg'
2026-02-05 12:31:36,288 [ERROR] widgets: Failed to generate thumbnail for perf_test_images\img_572.jpg: [Errno 2] No such file or directory: 'G:\\develop-G\\file\\perf_test_images\\img_572.jpg'
2026-02-05 12:31:36,304 [ERROR] widgets: Failed to generate thumbnail for perf_test_images\img_573.jpg: [Errno 2] No such file or directory: 'G:\\develop-G\\file\\perf_test_images\\img_573.jpg'
2026-02-05 12:31:36,319 [ERROR] widgets: Failed to generate thumbnail for perf_test_images\img_574.jpg: [Errno 2] No such file or directory: 'G:\\develop-G\\file\\perf_test_images\\img_574.jpg'
2026-02-05 12:31:36,335 [ERROR] widgets: Failed to generate thumbnail for perf_test_images\img_575.jpg: [Errno 2] No such file or directory: 'G:\\develop-G\\file\\perf_test_images\\img_575.jpg'
2026-02-05 12:31:36,350 [ERROR] widgets: Failed to generate thumbnail for perf_test_images\img_576.jpg: [Errno 2] No such file or directory: 'G:\\develop-G\\file\\perf_test_images\\img_576.jpg'
2026-02-05 12:31:36,366 [ERROR] widgets: Failed to generate thumbnail for perf_test_images\img_577.jpg: [Errno 2] No such file or directory: 'G:\\develop-G\\file\\perf_test_images\\img_577.jpg'
2026-02-05 12:31:36,381 [ERROR] widgets: Failed to generate thumbnail for perf_test_images\img_578.jpg: [Errno 2] No such file or directory: 'G:\\develop-G\\file\\perf_test_images\\img_578.jpg'
2026-02-05 12:31:36,396 [ERROR] widgets: Failed to generate thumbnail for perf_test_images\img_579.jpg: [Errno 2] No such file or directory: 'G:\\develop-G\\file\\perf_test_images\\img_579.jpg'
2026-02-05 12:31:36,419 [ERROR] widgets: Failed to generate thumbnail for perf_test_images\img_580.jpg: [Errno 2] No such file or directory: 'G:\\develop-G\\file\\perf_test_images\\img_580.jpg'
2026-02-05 12:31:36,431 [ERROR] widgets: Failed to generate thumbnail for perf_test_images\img_581.jpg: [Errno 2] No such file or directory: 'G:\\develop-G\\file\\perf_test_images\\img_581.jpg'
2026-02-05 12:31:36,447 [ERROR] widgets: Failed to generate thumbnail for perf_test_images\img_582.jpg: [Errno 2] No such file or directory: 'G:\\develop-G\\file\\perf_test_images\\img_582.jpg'
2026-02-05 12:31:36,462 [ERROR] widgets: Failed to generate thumbnail for perf_test_images\img_583.jpg: [Errno 2] No such file or directory: 'G:\\develop-G\\file\\perf_test_images\\img_583.jpg'
2026-02-05 12:31:36,487 [ERROR] widgets: Failed to generate thumbnail for perf_test_images\img_584.jpg: [Errno 2] No such file or directory: 'G:\\develop-G\\file\\perf_test_images\\img_584.jpg'
2026-02-05 12:31:36,503 [ERROR] widgets: Failed to generate thumbnail for perf_test_images\img_585.jpg: [Errno 2] No such file or directory: 'G:\\develop-G\\file\\perf_test_images\\img_585.jpg'
2026-02-05 12:31:36,519 [ERROR] widgets: Failed to generate thumbnail for perf_test_images\img_586.jpg: [Errno 2] No such file or directory: 'G:\\develop-G\\file\\perf_test_images\\img_586.jpg'
2026-02-05 12:31:36,535 [ERROR] widgets: Failed to generate thumbnail for perf_test_images\img_587.jpg: [Errno 2] No such file or directory: 'G:\\develop-G\\file\\perf_test_images\\img_587.jpg'
2026-02-05 12:31:36,550 [ERROR] widgets: Failed to generate thumbnail for perf_test_images\img_588.jpg: [Errno 2] No such file or directory: 'G:\\develop-G\\file\\perf_test_images\\img_588.jpg'
2026-02-05 12:31:36,566 [ERROR] widgets: Failed to generate thumbnail for perf_test_images\img_589.jpg: [Errno 2] No such file or directory: 'G:\\develop-G\\file\\perf_test_images\\img_589.jpg'
2026-02-05 12:31:36,586 [ERROR] widgets: Failed to generate thumbnail for perf_test_images\img_590.jpg: [Errno 2] No such file or directory: 'G:\\develop-G\\file\\perf_test_images\\img_590.jpg'
2026-02-05 12:31:36,598 [ERROR] widgets: Failed to generate thumbnail for perf_test_images\img_591.jpg: [Errno 2] No such file or directory: 'G:\\develop-G\\file\\perf_test_images\\img_591.jpg'
2026-02-05 12:31:36,614 [ERROR] widgets: Failed to generate thumbnail for perf_test_images\img_592.jpg: [Errno 2] No such file or directory: 'G:\\develop-G\\file\\perf_test_images\\img_592.jpg'
2026-02-05 12:31:36,630 [ERROR] widgets: Failed to generate thumbnail for perf_test_images\img_593.jpg: [Errno 2] No such file or directory: 'G:\\develop-G\\file\\perf_test_images\\img_593.jpg'
2026-02-05 12:31:36,646 [ERROR] widgets: Failed to generate thumbnail for perf_test_images\img_594.jpg: [Errno 2] No such file or directory: 'G:\\develop-G\\file\\perf_test_images\\img_594.jpg'
2026-02-05 12:31:36,661 [ERROR] widgets: Failed to generate thumbnail for perf_test_images\img_595.jpg: [Errno 2] No such file or directory: 'G:\\develop-G\\file\\perf_test_images\\img_595.jpg'
2026-02-05 12:31:36,687 [ERROR] widgets: Failed to generate thumbnail for perf_test_images\img_596.jpg: [Errno 2] No such file or directory: 'G:\\develop-G\\file\\perf_test_images\\img_596.jpg'
2026-02-05 12:31:36,703 [ERROR] widgets: Failed to generate thumbnail for perf_test_images\img_597.jpg: [Errno 2] No such file or directory: 'G:\\develop-G\\file\\perf_test_images\\img_597.jpg'
2026-02-05 12:31:36,719 [ERROR] widgets: Failed to generate thumbnail for perf_test_images\img_598.jpg: [Errno 2] No such file or directory: 'G:\\develop-G\\file\\perf_test_images\\img_598.jpg'
2026-02-05 12:31:36,735 [ERROR] widgets: Failed to generate thumbnail for perf_test_images\img_599.jpg: [Errno 2] No such file or directory: 'G:\\develop-G\\file\\perf_test_images\\img_599.jpg'
2026-02-05 12:31:36,750 [ERROR] widgets: Failed to generate thumbnail for perf_test_images\img_600.jpg: [Errno 2] No such file or directory: 'G:\\develop-G\\file\\perf_test_images\\img_600.jpg'
2026-02-05 12:31:36,766 [ERROR] widgets: Failed to generate thumbnail for perf_test_images\img_601.jpg: [Errno 2] No such file or directory: 'G:\\develop-G\\file\\perf_test_images\\img_601.jpg'
2026-02-05 12:31:36,782 [ERROR] widgets: Failed to generate thumbnail for perf_test_images\img_602.jpg: [Errno 2] No such file or directory: 'G:\\develop-G\\file\\perf_test_images\\img_602.jpg'
2026-02-05 12:31:36,797 [ERROR] widgets: Failed to generate thumbnail for perf_test_images\img_603.jpg: [Errno 2] No such file or directory: 'G:\\develop-G\\file\\perf_test_images\\img_603.jpg'
2026-02-05 12:31:36,820 [ERROR] widgets: Failed to generate thumbnail for perf_test_images\img_604.jpg: [Errno 2] No such file or directory: 'G:\\develop-G\\file\\perf_test_images\\img_604.jpg'
2026-02-05 12:31:36,831 [ERROR] widgets: Failed to generate thumbnail for perf_test_images\img_605.jpg: [Errno 2] No such file or directory: 'G:\\develop-G\\file\\perf_test_images\\img_605.jpg'
2026-02-05 12:31:36,848 [ERROR] widgets: Failed to generate thumbnail for perf_test_images\img_606.jpg: [Errno 2] No such file or directory: 'G:\\develop-G\\file\\perf_test_images\\img_606.jpg'
2026-02-05 12:32:02,649 [ERROR] widgets: Failed to generate thumbnail for perf_test_images\img_100.jpg: [Errno 2] No such file or directory: 'G:\\develop-G\\file\\perf_test_images\\img_100.jpg'
2026-02-05 12:32:02,663 [ERROR] widgets: Failed to generate thumbnail for perf_test_images\img_101.jpg: [Errno 2] No such file or directory: 'G:\\develop-G\\file\\perf_test_images\\img_101.jpg'
2026-02-05 12:32:02,679 [ERROR] widgets: Failed to generate thumbnail for perf_test_images\img_102.jpg: [Errno 2] No such file or directory: 'G:\\develop-G\\file\\perf_test_images\\img_102.jpg'
2026-02-05 12:32:02,695 [ERROR] widgets: Failed to generate thumbnail for perf_test_images\img_103.jpg: [Errno 2] No such file or directory: 'G:\\develop-G\\file\\perf_test_images\\img_103.jpg'
2026-02-05 12:32:02,707 [ERROR] widgets: Failed to generate thumbnail for perf_test_images\img_104.jpg: [Errno 2] No such file or directory: 'G:\\develop-G\\file\\perf_test_images\\img_104.jpg'
2026-02-05 12:32:02,721 [ERROR] widgets: Failed to generate thumbnail for perf_test_images\img_105.jpg: [Errno 2] No such file or directory: 'G:\\develop-G\\file\\perf_test_images\\img_105.jpg'
2026-02-05 12:32:02,737 [ERROR] widgets: Failed to generate thumbnail for perf_test_images\img_106.jpg: [Errno 2] No such file or directory: 'G:\\develop-G\\file\\perf_test_images\\img_106.jpg'
2026-02-05 12:32:02,753 [ERROR] widgets: Failed to generate thumbnail for perf_test_images\img_107.jpg: [Errno 2] No such file or directory: 'G:\\develop-G\\file\\perf_test_images\\img_107.jpg'
2026-02-05 12:32:02,768 [ERROR] widgets: Failed to generate thumbnail for perf_test_images\img_108.jpg: [Errno 2] No such file or directory: 'G:\\develop-G\\file\\perf_test_images\\img_108.jpg'
2026-02-05 12:32:02,783 [ERROR] widgets: Failed to generate thumbnail for perf_test_images\img_109.jpg: [Errno 2] No such file or directory: 'G:\\develop-G\\file\\perf_test_images\\img_109.jpg'
2026-02-05 12:32:02,799 [ERROR] widgets: Failed to generate thumbnail for perf_test_images\img_110.jpg: [Errno 2] No such file or directory: 'G:\\develop-G\\file\\perf_test_images\\img_110.jpg'
2026-02-05 12:32:02,814 [ERROR] widgets: Failed to generate thumbnail for perf_test_images\img_111.jpg: [Errno 2] No such file or directory: 'G:\\develop-G\\file\\perf_test_images\\img_111.jpg'
2026-02-05 12:32:02,830 [ERROR] widgets: Failed to generate thumbnail for perf_test_images\img_112.jpg: [Errno 2] No such file or directory: 'G:\\develop-G\\file\\perf_test_images\\img_112.jpg'
2026-02-05 12:32:02,845 [ERROR] widgets: Failed to generate thumbnail for perf_test_images\img_113.jpg: [Errno 2] No such file or directory: 'G:\\develop-G\\file\\perf_test_images\\img_113.jpg'
2026-02-05 12:32:02,861 [ERROR] widgets: Failed to generate thumbnail for perf_test_images\img_114.jpg: [Errno 2] No such file or directory: 'G:\\develop-G\\file\\perf_test_images\\img_114.jpg'
2026-02-05 12:32:02,876 [ERROR] widgets: Failed to generate thumbnail for perf_test_images\img_115.jpg: [Errno 2] No such file or directory: 'G:\\develop-G\\file\\perf_test_images\\img_115.jpg'
2026-02-05 12:32:02,892 [ERROR] widgets: Failed to generate thumbnail for perf_test_images\img_116.jpg: [Errno 2] No such file or directory: 'G:\\develop-G\\file\\perf_test_images\\img_116.jpg'
2026-02-05 12:32:02,907 [ERROR] widgets: Failed to generate thumbnail for perf_test_images\img_117.jpg: [Errno 2] No such file or directory: 'G:\\develop-G\\file\\perf_test_images\\img_117.jpg'
2026-02-05 12:32:02,932 [ERROR] widgets: Failed to generate thumbnail for perf_test_images\img_118.jpg: [Errno 2] No such file or directory: 'G:\\develop-G\\file\\perf_test_images\\img_118.jpg'
2026-02-05 12:32:02,946 [ERROR] widgets: Failed to generate thumbnail for perf_test_images\img_119.jpg: [Errno 2] No such file or directory: 'G:\\develop-G\\file\\perf_test_images\\img_119.jpg'
2026-02-05 12:32:02,962 [ERROR] widgets: Failed to generate thumbnail for perf_test_images\img_120.jpg: [Errno 2] No such file or directory: 'G:\\develop-G\\file\\perf_test_images\\img_120.jpg'
2026-02-05 12:32:02,978 [ERROR] widgets: Failed to generate thumbnail for perf_test_images\img_121.jpg: [Errno 2] No such file or directory: 'G:\\develop-G\\file\\perf_test_images\\img_121.jpg'
2026-02-05 12:32:03,004 [ERROR] widgets: Failed to generate thumbnail for perf_test_images\img_122.jpg: [Errno 2] No such file or directory: 'G:\\develop-G\\file\\perf_test_images\\img_122.jpg'
2026-02-05 12:32:03,019 [ERROR] widgets: Failed to generate thumbnail for perf_test_images\img_123.jpg: [Errno 2] No such file or directory: 'G:\\develop-G\\file\\perf_test_images\\img_123.jpg'
2026-02-05 12:32:03,036 [ERROR] widgets: Failed to generate thumbnail for perf_test_images\img_124.jpg: [Errno 2] No such file or directory: 'G:\\develop-G\\file\\perf_test_images\\img_124.jpg'
2026-02-05 12:32:03,052 [ERROR] widgets: Failed to generate thumbnail for perf_test_images\img_125.jpg: [Errno 2] No such file or directory: 'G:\\develop-G\\file\\perf_test_images\\img_125.jpg'
2026-02-05 12:32:03,067 [ERROR] widgets: Failed to generate thumbnail for perf_test_images\img_126.jpg: [Errno 2] No such file or directory: 'G:\\develop-G\\file\\perf_test_images\\img_126.jpg'
2026-02-05 12:32:03,083 [ERROR] widgets: Failed to generate thumbnail for perf_test_images\img_127.jpg: [Errno 2] No such file or directory: 'G:\\develop-G\\file\\perf_test_images\\img_127.jpg'
2026-02-05 12:32:03,099 [ERROR] widgets: Failed to generate thumbnail for perf_test_images\img_128.jpg: [Errno 2] No such file or directory: 'G:\\develop-G\\file\\perf_test_images\\img_128.jpg'
2026-02-05 12:32:03,115 [ERROR] widgets: Failed to generate thumbnail for perf_test_images\img_129.jpg: [Errno 2] No such file or directory: 'G:\\develop-G\\file\\perf_test_images\\img_129.jpg'
2026-02-05 12:32:03,132 [ERROR] widgets: Failed to generate thumbnail for perf_test_images\img_130.jpg: [Errno 2] No such file or directory: 'G:\\develop-G\\file\\perf_test_images\\img_130.jpg'
2026-02-05 12:32:03,147 [ERROR] widgets: Failed to generate thumbnail for perf_test_images\img_131.jpg: [Errno 2] No such file or directory: 'G:\\develop-G\\file\\perf_test_images\\img_131.jpg'
2026-02-05 12:32:03,162 [ERROR] widgets: Failed to generate thumbnail for perf_test_images\img_132.jpg: [Errno 2] No such file or directory: 'G:\\develop-G\\file\\perf_test_images\\img_132.jpg'
2026-02-05 12:32:03,178 [ERROR] widgets: Failed to generate thumbnail for perf_test_images\img_133.jpg: [Errno 2] No such file or directory: 'G:\\develop-G\\file\\perf_test_images\\img_133.jpg'
2026-02-05 12:32:03,191 [ERROR] widgets: Failed to generate thumbnail for perf_test_images\img_134.jpg: [Errno 2] No such file or directory: 'G:\\develop-G\\file\\perf_test_images\\img_134.jpg'
2026-02-05 12:32:03,207 [ERROR] widgets: Failed to generate thumbnail for perf_test_images\img_135.jpg: [Errno 2] No such file or directory: 'G:\\develop-G\\file\\perf_test_images\\img_135.jpg'
2026-02-05 12:32:03,224 [ERROR] widgets: Failed to generate thumbnail for perf_test_images\img_136.jpg: [Errno 2] No such file or directory: 'G:\\develop-G\\file\\perf_test_images\\img_136.jpg'
2026-02-05 12:32:03,240 [ERROR] widgets: Failed to generate thumbnail for perf_test_images\img_137.jpg: [Errno 2] No such file or directory: 'G:\\develop-G\\file\\perf_test_images\\img_137.jpg'
2026-02-05 12:32:03,256 [ERROR] widgets: Failed to generate thumbnail for perf_test_images\img_138.jpg: [Errno 2] No such file or directory: 'G:\\develop-G\\file\\perf_test_images\\img_138.jpg'
2026-02-05 12:32:03,267 [ERROR] widgets: Failed to generate thumbnail for perf_test_images\img_139.jpg: [Errno 2] No such file or directory: 'G:\\develop-G\\file\\perf_test_images\\img_139.jpg'
2026-02-05 12:32:03,283 [ERROR] widgets: Failed to generate thumbnail for perf_test_images\img_140.jpg: [Errno 2] No such file or directory: 'G:\\develop-G\\file\\perf_test_images\\img_140.jpg'
2026-02-05 12:32:03,295 [ERROR] widgets: Failed to generate thumbnail for perf_test_images\img_141.jpg: [Errno 2] No such file or directory: 'G:\\develop-G\\file\\perf_test_images\\img_141.jpg'
2026-02-05 12:32:03,311 [ERROR] widgets: Failed to generate thumbnail for perf_test_images\img_142.jpg: [Errno 2] No such file or directory: 'G:\\develop-G\\file\\perf_test_images\\img_142.jpg'
2026-02-05 12:32:03,324 [ERROR] widgets: Failed to generate thumbnail for perf_test_images\img_143.jpg: [Errno 2] No such file or directory: 'G:\\develop-G\\file\\perf_test_images\\img_143.jpg'
2026-02-05 12:32:03,340 [ERROR] widgets: Failed to generate thumbnail for perf_test_images\img_144.jpg: [Errno 2] No such file or directory: 'G:\\develop-G\\file\\perf_test_images\\img_144.jpg'
2026-02-05 12:32:03,355 [ERROR] widgets: Failed to generate thumbnail for perf_test_images\img_145.jpg: [Errno 2] No such file or directory: 'G:\\develop-G\\file\\perf_test_images\\img_145.jpg'
2026-02-05 12:32:03,372 [ERROR] widgets: Failed to generate thumbnail for perf_test_images\img_146.jpg: [Errno 2] No such file or directory: 'G:\\develop-G\\file\\perf_test_images\\img_146.jpg'
2026-02-05 12:32:03,387 [ERROR] widgets: Failed to generate thumbnail for perf_test_images\img_147.jpg: [Errno 2] No such file or directory: 'G:\\develop-G\\file\\perf_test_images\\img_147.jpg'
2026-02-05 12:32:03,403 [ERROR] widgets: Failed to generate thumbnail for perf_test_images\img_148.jpg: [Errno 2] No such file or directory: 'G:\\develop-G\\file\\perf_test_images\\img_148.jpg'
2026-02-05 12:32:03,418 [ERROR] widgets: Failed to generate thumbnail for perf_test_images\img_149.jpg: [Errno 2] No such file or directory: 'G:\\develop-G\\file\\perf_test_images\\img_149.jpg'
2026-02-05 12:32:03,442 [ERROR] widgets: Failed to generate thumbnail for perf_test_images\img_150.jpg: [Errno 2] No such file or directory: 'G:\\develop-G\\file\\perf_test_images\\img_150.jpg'
2026-02-05 12:32:03,457 [ERROR] widgets: Failed to generate thumbnail for perf_test_images\img_151.jpg: [Errno 2] No such file or directory: 'G:\\develop-G\\file\\perf_test_images\\img_151.jpg'
2026-02-05 12:32:03,472 [ERROR] widgets: Failed to generate thumbnail for perf_test_images\img_152.jpg: [Errno 2] No such file or directory: 'G:\\develop-G\\file\\perf_test_images\\img_152.jpg'
2026-02-05 12:32:03,489 [ERROR] widgets: Failed to generate thumbnail for perf_test_images\img_153.jpg: [Errno 2] No such file or directory: 'G:\\develop-G\\file\\perf_test_images\\img_153.jpg'
2026-02-05 12:32:03,504 [ERROR] widgets: Failed to generate thumbnail for perf_test_images\img_154.jpg: [Errno 2] No such file or directory: 'G:\\develop-G\\file\\perf_test_images\\img_154.jpg'
2026-02-05 12:32:03,520 [ERROR] widgets: Failed to generate thumbnail for perf_test_images\img_155.jpg: [Errno 2] No such file or directory: 'G:\\develop-G\\file\\perf_test_images\\img_155.jpg'
2026-02-05 12:32:03,536 [ERROR] widgets: Failed to generate thumbnail for perf_test_images\img_156.jpg: [Errno 2] No such file or directory: 'G:\\develop-G\\file\\perf_test_images\\img_156.jpg'
2026-02-05 12:32:03,552 [ERROR] widgets: Failed to generate thumbnail for perf_test_images\img_157.jpg: [Errno 2] No such file or directory: 'G:\\develop-G\\file\\perf_test_images\\img_157.jpg'
2026-02-05 12:32:03,569 [ERROR] widgets: Failed to generate thumbnail for perf_test_images\img_158.jpg: [Errno 2] No such file or directory: 'G:\\develop-G\\file\\perf_test_images\\img_158.jpg'
2026-02-05 12:32:03,584 [ERROR] widgets: Failed to generate thumbnail for perf_test_images\img_159.jpg: [Errno 2] No such file or directory: 'G:\\develop-G\\file\\perf_test_images\\img_159.jpg'
2026-02-05 12:32:03,596 [ERROR] widgets: Failed to generate thumbnail for perf_test_images\img_160.jpg: [Errno 2] No such file or directory: 'G:\\develop-G\\file\\perf_test_images\\img_160.jpg'
2026-02-05 12:32:03,612 [ERROR] widgets: Failed to generate thumbnail for perf_test_images\img_161.jpg: [Errno 2] No such file or directory: 'G:\\develop-G\\file\\perf_test_images\\img_161.jpg'
2026-02-05 12:32:03,627 [ERROR] widgets: Failed to generate thumbnail for perf_test_images\img_162.jpg: [Errno 2] No such file or directory: 'G:\\develop-G\\file\\perf_test_images\\img_162.jpg'
2026-02-05 12:32:03,643 [ERROR] widgets: Failed to generate thumbnail for perf_test_images\img_163.jpg: [Errno 2] No such file or directory: 'G:\\develop-G\\file\\perf_test_images\\img_163.jpg'
2026-02-05 12:32:03,659 [ERROR] widgets: Failed to generate thumbnail for perf_test_images\img_164.jpg: [Errno 2] No such file or directory: 'G:\\develop-G\\file\\perf_test_images\\img_164.jpg'
2026-02-05 12:32:03,675 [ERROR] widgets: Failed to generate thumbnail for perf_test_images\img_165.jpg: [Errno 2] No such file or directory: 'G:\\develop-G\\file\\perf_test_images\\img_165.jpg'
2026-02-05 12:32:03,691 [ERROR] widgets: Failed to generate thumbnail for perf_test_images\img_166.jpg: [Errno 2] No such file or directory: 'G:\\develop-G\\file\\perf_test_images\\img_166.jpg'
2026-02-05 12:32:03,714 [ERROR] widgets: Failed to generate thumbnail for perf_test_images\img_167.jpg: [Errno 2] No such file or directory: 'G:\\develop-G\\file\\perf_test_images\\img_167.jpg'
2026-02-05 12:32:03,730 [ERROR] widgets: Failed to generate thumbnail for perf_test_images\img_168.jpg: [Errno 2] No such file or directory: 'G:\\develop-G\\file\\perf_test_images\\img_168.jpg'
2026-02-05 12:32:03,746 [ERROR] widgets: Failed to generate thumbnail for perf_test_images\img_169.jpg: [Errno 2] No such file or directory: 'G:\\develop-G\\file\\perf_test_images\\img_169.jpg'
2026-02-05 12:32:03,770 [ERROR] widgets: Failed to generate thumbnail for perf_test_images\img_170.jpg: [Errno 2] No such file or directory: 'G:\\develop-G\\file\\perf_test_images\\img_170.jpg'
2026-02-05 12:32:03,787 [ERROR] widgets: Failed to generate thumbnail for perf_test_images\img_171.jpg: [Errno 2] No such file or directory: 'G:\\develop-G\\file\\perf_test_images\\img_171.jpg'
2026-02-05 12:32:03,813 [ERROR] widgets: Failed to generate thumbnail for perf_test_images\img_172.jpg: [Errno 2] No such file or directory: 'G:\\develop-G\\file\\perf_test_images\\img_172.jpg'
2026-02-05 12:32:03,829 [ERROR] widgets: Failed to generate thumbnail for perf_test_images\img_173.jpg: [Errno 2] No such file or directory: 'G:\\develop-G\\file\\perf_test_images\\img_173.jpg'
2026-02-05 12:32:03,844 [ERROR] widgets: Failed to generate thumbnail for perf_test_images\img_174.jpg: [Errno 2] No such file or directory: 'G:\\develop-G\\file\\perf_test_images\\img_174.jpg'
2026-02-05 12:32:03,869 [ERROR] widgets: Failed to generate thumbnail for perf_test_images\img_175.jpg: [Errno 2] No such file or directory: 'G:\\develop-G\\file\\perf_test_images\\img_175.jpg'
2026-02-05 12:32:03,881 [ERROR] widgets: Failed to generate thumbnail for perf_test_images\img_176.jpg: [Errno 2] No such file or directory: 'G:\\develop-G\\file\\perf_test_images\\img_176.jpg'
2026-02-05 12:32:03,897 [ERROR] widgets: Failed to generate thumbnail for perf_test_images\img_177.jpg: [Errno 2] No such file or directory: 'G:\\develop-G\\file\\perf_test_images\\img_177.jpg'
2026-02-05 12:32:03,920 [ERROR] widgets: Failed to generate thumbnail for perf_test_images\img_178.jpg: [Errno 2] No such file or directory: 'G:\\develop-G\\file\\perf_test_images\\img_178.jpg'
2026-02-05 12:32:03,946 [ERROR] widgets: Failed to generate thumbnail for perf_test_images\img_179.jpg: [Errno 2] No such file or directory: 'G:\\develop-G\\file\\perf_test_images\\img_179.jpg'
2026-02-05 12:32:03,963 [ERROR] widgets: Failed to generate thumbnail for perf_test_images\img_180.jpg: [Errno 2] No such file or directory: 'G:\\develop-G\\file\\perf_test_images\\img_180.jpg'
2026-02-05 12:32:03,978 [ERROR] widgets: Failed to generate thumbnail for perf_test_images\img_181.jpg: [Errno 2] No such file or directory: 'G:\\develop-G\\file\\perf_test_images\\img_181.jpg'
2026-02-05 12:32:03,994 [ERROR] widgets: Failed to generate thumbnail for perf_test_images\img_182.jpg: [Errno 2] No such file or directory: 'G:\\develop-G\\file\\perf_test_images\\img_182.jpg'
2026-02-05 12:32:04,020 [ERROR] widgets: Failed to generate thumbnail for perf_test_images\img_183.jpg: [Errno 2] No such file or directory: 'G:\\develop-G\\file\\perf_test_images\\img_183.jpg'
2026-02-05 12:32:04,036 [ERROR] widgets: Failed to generate thumbnail for perf_test_images\img_184.jpg: [Errno 2] No such file or directory: 'G:\\develop-G\\file\\perf_test_images\\img_184.jpg'
2026-02-05 12:32:04,054 [ERROR] widgets: Failed to generate thumbnail for perf_test_images\img_185.jpg: [Errno 2] No such file or directory: 'G:\\develop-G\\file\\perf_test_images\\img_185.jpg'
2026-02-05 12:32:04,070 [ERROR] widgets: Failed to generate thumbnail for perf_test_images\img_186.jpg: [Errno 2] No such file or directory: 'G:\\develop-G\\file\\perf_test_images\\img_186.jpg'
2026-02-05 12:32:04,096 [ERROR] widgets: Failed to generate thumbnail for perf_test_images\img_187.jpg: [Errno 2] No such file or directory: 'G:\\develop-G\\file\\perf_test_images\\img_187.jpg'
2026-02-05 12:32:04,120 [ERROR] widgets: Failed to generate thumbnail for perf_test_images\img_188.jpg: [Errno 2] No such file or directory: 'G:\\develop-G\\file\\perf_test_images\\img_188.jpg'
2026-02-05 12:32:04,133 [ERROR] widgets: Failed to generate thumbnail for perf_test_images\img_189.jpg: [Errno 2] No such file or directory: 'G:\\develop-G\\file\\perf_test_images\\img_189.jpg'
2026-02-05 12:32:04,148 [ERROR] widgets: Failed to generate thumbnail for perf_test_images\img_190.jpg: [Errno 2] No such file or directory: 'G:\\develop-G\\file\\perf_test_images\\img_190.jpg'
2026-02-05 12:32:04,172 [ERROR] widgets: Failed to generate thumbnail for perf_test_images\img_191.jpg: [Errno 2] No such file or directory: 'G:\\develop-G\\file\\perf_test_images\\img_191.jpg'
2026-02-05 12:32:04,186 [ERROR] widgets: Failed to generate thumbnail for perf_test_images\img_192.jpg: [Errno 2] No such file or directory: 'G:\\develop-G\\file\\perf_test_images\\img_192.jpg'
2026-02-05 12:32:04,202 [ERROR] widgets: Failed to generate thumbnail for perf_test_images\img_193.jpg: [Errno 2] No such file or directory: 'G:\\develop-G\\file\\perf_test_images\\img_193.jpg'
2026-02-05 12:32:04,217 [ERROR] widgets: Failed to generate thumbnail for perf_test_images\img_194.jpg: [Errno 2] No such file or directory: 'G:\\develop-G\\file\\perf_test_images\\img_194.jpg'
2026-02-05 12:32:04,233 [ERROR] widgets: Failed to generate thumbnail for perf_test_images\img_195.jpg: [Errno 2] No such file or directory: 'G:\\develop-G\\file\\perf_test_images\\img_195.jpg'
2026-02-05 12:32:04,248 [ERROR] widgets: Failed to generate thumbnail for perf_test_images\img_196.jpg: [Errno 2] No such file or directory: 'G:\\develop-G\\file\\perf_test_images\\img_196.jpg'
2026-02-05 12:32:04,270 [ERROR] widgets: Failed to generate thumbnail for perf_test_images\img_197.jpg: [Errno 2] No such file or directory: 'G:\\develop-G\\file\\perf_test_images\\img_197.jpg'
2026-02-05 12:32:04,287 [ERROR] widgets: Failed to generate thumbnail for perf_test_images\img_198.jpg: [Errno 2] No such file or directory: 'G:\\develop-G\\file\\perf_test_images\\img_198.jpg'
2026-02-05 12:32:04,301 [ERROR] widgets: Failed to generate thumbnail for perf_test_images\img_199.jpg: [Errno 2] No such file or directory: 'G:\\develop-G\\file\\perf_test_images\\img_199.jpg'
2026-02-05 12:32:04,317 [ERROR] widgets: Failed to generate thumbnail for perf_test_images\img_200.jpg: [Errno 2] No such file or directory: 'G:\\develop-G\\file\\perf_test_images\\img_200.jpg'
2026-02-05 12:32:04,334 [ERROR] widgets: Failed to generate thumbnail for perf_test_images\img_201.jpg: [Errno 2] No such file or directory: 'G:\\develop-G\\file\\perf_test_images\\img_201.jpg'
2026-02-05 12:32:04,354 [ERROR] widgets: Failed to generate thumbnail for perf_test_images\img_202.jpg: [Errno 2] No such file or directory: 'G:\\develop-G\\file\\perf_test_images\\img_202.jpg'
2026-02-05 12:32:04,381 [ERROR] widgets: Failed to generate thumbnail for perf_test_images\img_203.jpg: [Errno 2] No such file or directory: 'G:\\develop-G\\file\\perf_test_images\\img_203.jpg'
2026-02-05 12:32:04,393 [ERROR] widgets: Failed to generate thumbnail for perf_test_images\img_204.jpg: [Errno 2] No such file or directory: 'G:\\develop-G\\file\\perf_test_images\\img_204.jpg'
2026-02-05 12:32:04,408 [ERROR] widgets: Failed to generate thumbnail for perf_test_images\img_205.jpg: [Errno 2] No such file or directory: 'G:\\develop-G\\file\\perf_test_images\\img_205.jpg'
2026-02-05 12:32:04,425 [ERROR] widgets: Failed to generate thumbnail for perf_test_images\img_206.jpg: [Errno 2] No such file or directory: 'G:\\develop-G\\file\\perf_test_images\\img_206.jpg'
2026-02-05 12:32:04,440 [ERROR] widgets: Failed to generate thumbnail for perf_test_images\img_207.jpg: [Errno 2] No such file or directory: 'G:\\develop-G\\file\\perf_test_images\\img_207.jpg'
2026-02-05 12:32:04,457 [ERROR] widgets: Failed to generate thumbnail for perf_test_images\img_208.jpg: [Errno 2] No such file or directory: 'G:\\develop-G\\file\\perf_test_images\\img_208.jpg'
2026-02-05 12:32:04,473 [ERROR] widgets: Failed to generate thumbnail for perf_test_images\img_209.jpg: [Errno 2] No such file or directory: 'G:\\develop-G\\file\\perf_test_images\\img_209.jpg'
2026-02-05 12:32:04,488 [ERROR] widgets: Failed to generate thumbnail for perf_test_images\img_210.jpg: [Errno 2] No such file or directory: 'G:\\develop-G\\file\\perf_test_images\\img_210.jpg'
2026-02-05 12:32:04,504 [ERROR] widgets: Failed to generate thumbnail for perf_test_images\img_211.jpg: [Errno 2] No such file or directory: 'G:\\develop-G\\file\\perf_test_images\\img_211.jpg'
2026-02-05 12:32:04,520 [ERROR] widgets: Failed to generate thumbnail for perf_test_images\img_212.jpg: [Errno 2] No such file or directory: 'G:\\develop-G\\file\\perf_test_images\\img_212.jpg'
2026-02-05 12:32:04,537 [ERROR] widgets: Failed to generate thumbnail for perf_test_images\img_213.jpg: [Errno 2] No such file or directory: 'G:\\develop-G\\file\\perf_test_images\\img_213.jpg'
2026-02-05 12:32:04,552 [ERROR] widgets: Failed to generate thumbnail for perf_test_images\img_214.jpg: [Errno 2] No such file or directory: 'G:\\develop-G\\file\\perf_test_images\\img_214.jpg'
2026-02-05 12:32:04,569 [ERROR] widgets: Failed to generate thumbnail for perf_test_images\img_215.jpg: [Errno 2] No such file or directory: 'G:\\develop-G\\file\\perf_test_images\\img_215.jpg'
2026-02-05 12:32:04,583 [ERROR] widgets: Failed to generate thumbnail for perf_test_images\img_216.jpg: [Errno 2] No such file or directory: 'G:\\develop-G\\file\\perf_test_images\\img_216.jpg'
2026-02-05 12:32:04,605 [ERROR] widgets: Failed to generate thumbnail for perf_test_images\img_217.jpg: [Errno 2] No such file or directory: 'G:\\develop-G\\file\\perf_test_images\\img_217.jpg'
2026-02-05 12:32:04,631 [ERROR] widgets: Failed to generate thumbnail for perf_test_images\img_218.jpg: [Errno 2] No such file or directory: 'G:\\develop-G\\file\\perf_test_images\\img_218.jpg'
2026-02-05 12:32:04,646 [ERROR] widgets: Failed to generate thumbnail for perf_test_images\img_219.jpg: [Errno 2] No such file or directory: 'G:\\develop-G\\file\\perf_test_images\\img_219.jpg'
2026-02-05 12:32:04,662 [ERROR] widgets: Failed to generate thumbnail for perf_test_images\img_220.jpg: [Errno 2] No such file or directory: 'G:\\develop-G\\file\\perf_test_images\\img_220.jpg'
2026-02-05 12:32:04,686 [ERROR] widgets: Failed to generate thumbnail for perf_test_images\img_221.jpg: [Errno 2] No such file or directory: 'G:\\develop-G\\file\\perf_test_images\\img_221.jpg'
2026-02-05 12:32:04,701 [ERROR] widgets: Failed to generate thumbnail for perf_test_images\img_222.jpg: [Errno 2] No such file or directory: 'G:\\develop-G\\file\\perf_test_images\\img_222.jpg'
2026-02-05 12:32:04,718 [ERROR] widgets: Failed to generate thumbnail for perf_test_images\img_223.jpg: [Errno 2] No such file or directory: 'G:\\develop-G\\file\\perf_test_images\\img_223.jpg'
2026-02-05 12:32:04,733 [ERROR] widgets: Failed to generate thumbnail for perf_test_images\img_224.jpg: [Errno 2] No such file or directory: 'G:\\develop-G\\file\\perf_test_images\\img_224.jpg'
2026-02-05 12:32:04,749 [ERROR] widgets: Failed to generate thumbnail for perf_test_images\img_225.jpg: [Errno 2] No such file or directory: 'G:\\develop-G\\file\\perf_test_images\\img_225.jpg'
2026-02-05 12:32:04,766 [ERROR] widgets: Failed to generate thumbnail for perf_test_images\img_226.jpg: [Errno 2] No such file or directory: 'G:\\develop-G\\file\\perf_test_images\\img_226.jpg'
2026-02-05 12:32:04,782 [ERROR] widgets: Failed to generate thumbnail for perf_test_images\img_227.jpg: [Errno 2] No such file or directory: 'G:\\develop-G\\file\\perf_test_images\\img_227.jpg'
2026-02-05 12:32:04,797 [ERROR] widgets: Failed to generate thumbnail for perf_test_images\img_228.jpg: [Errno 2] No such file or directory: 'G:\\develop-G\\file\\perf_test_images\\img_228.jpg'
2026-02-05 12:32:04,813 [ERROR] widgets: Failed to generate thumbnail for perf_test_images\img_229.jpg: [Errno 2] No such file or directory: 'G:\\develop-G\\file\\perf_test_images\\img_229.jpg'
2026-02-05 12:32:04,838 [ERROR] widgets: Failed to generate thumbnail for perf_test_images\img_230.jpg: [Errno 2] No such file or directory: 'G:\\develop-G\\file\\perf_test_images\\img_230.jpg'
2026-02-05 12:32:04,853 [ERROR] widgets: Failed to generate thumbnail for perf_test_images\img_231.jpg: [Errno 2] No such file or directory: 'G:\\develop-G\\file\\perf_test_images\\img_231.jpg'
2026-02-05 12:32:04,868 [ERROR] widgets: Failed to generate thumbnail for perf_test_images\img_232.jpg: [Errno 2] No such file or directory: 'G:\\develop-G\\file\\perf_test_images\\img_232.jpg'
2026-02-05 12:32:04,885 [ERROR] widgets: Failed to generate thumbnail for perf_test_images\img_233.jpg: [Errno 2] No such file or directory: 'G:\\develop-G\\file\\perf_test_images\\img_233.jpg'
2026-02-05 12:32:04,901 [ERROR] widgets: Failed to generate thumbnail for perf_test_images\img_234.jpg: [Errno 2] No such file or directory: 'G:\\develop-G\\file\\perf_test_images\\img_234.jpg'
2026-02-05 12:32:04,917 [ERROR] widgets: Failed to generate thumbnail for perf_test_images\img_235.jpg: [Errno 2] No such file or directory: 'G:\\develop-G\\file\\perf_test_images\\img_235.jpg'
2026-02-05 12:32:04,932 [ERROR] widgets: Failed to generate thumbnail for perf_test_images\img_236.jpg: [Errno 2] No such file or directory: 'G:\\develop-G\\file\\perf_test_images\\img_236.jpg'
2026-02-05 12:32:04,949 [ERROR] widgets: Failed to generate thumbnail for perf_test_images\img_237.jpg: [Errno 2] No such file or directory: 'G:\\develop-G\\file\\perf_test_images\\img_237.jpg'
2026-02-05 12:32:04,965 [ERROR] widgets: Failed to generate thumbnail for perf_test_images\img_238.jpg: [Errno 2] No such file or directory: 'G:\\develop-G\\file\\perf_test_images\\img_238.jpg'
2026-02-05 12:32:04,988 [ERROR] widgets: Failed to generate thumbnail for perf_test_images\img_239.jpg: [Errno 2] No such file or directory: 'G:\\develop-G\\file\\perf_test_images\\img_239.jpg'
2026-02-05 12:32:05,014 [ERROR] widgets: Failed to generate thumbnail for perf_test_images\img_240.jpg: [Errno 2] No such file or directory: 'G:\\develop-G\\file\\perf_test_images\\img_240.jpg'
2026-02-05 12:32:05,036 [ERROR] widgets: Failed to generate thumbnail for perf_test_images\img_241.jpg: [Errno 2] No such file or directory: 'G:\\develop-G\\file\\perf_test_images\\img_241.jpg'
2026-02-05 12:32:05,054 [ERROR] widgets: Failed to generate thumbnail for perf_test_images\img_242.jpg: [Errno 2] No such file or directory: 'G:\\develop-G\\file\\perf_test_images\\img_242.jpg'
2026-02-05 12:32:05,071 [ERROR] widgets: Failed to generate thumbnail for perf_test_images\img_243.jpg: [Errno 2] No such file or directory: 'G:\\develop-G\\file\\perf_test_images\\img_243.jpg'
2026-02-05 12:32:05,087 [ERROR] widgets: Failed to generate thumbnail for perf_test_images\img_244.jpg: [Errno 2] No such file or directory: 'G:\\develop-G\\file\\perf_test_images\\img_244.jpg'
2026-02-05 12:32:05,103 [ERROR] widgets: Failed to generate thumbnail for perf_test_images\img_245.jpg: [Errno 2] No such file or directory: 'G:\\develop-G\\file\\perf_test_images\\img_245.jpg'
2026-02-05 12:32:05,118 [ERROR] widgets: Failed to generate thumbnail for perf_test_images\img_246.jpg: [Errno 2] No such file or directory: 'G:\\develop-G\\file\\perf_test_images\\img_246.jpg'
2026-02-05 12:32:05,134 [ERROR] widgets: Failed to generate thumbnail for perf_test_images\img_247.jpg: [Errno 2] No such file or directory: 'G:\\develop-G\\file\\perf_test_images\\img_247.jpg'
2026-02-05 12:32:05,151 [ERROR] widgets: Failed to generate thumbnail for perf_test_images\img_248.jpg: [Errno 2] No such file or directory: 'G:\\develop-G\\file\\perf_test_images\\img_248.jpg'
2026-02-05 12:32:05,167 [ERROR] widgets: Failed to generate thumbnail for perf_test_images\img_249.jpg: [Errno 2] No such file or directory: 'G:\\develop-G\\file\\perf_test_images\\img_249.jpg'
2026-02-05 12:32:05,183 [ERROR] widgets: Failed to generate thumbnail for perf_test_images\img_250.jpg: [Errno 2] No such file or directory: 'G:\\develop-G\\file\\perf_test_images\\img_250.jpg'
2026-02-05 12:32:05,199 [ERROR] widgets: Failed to generate thumbnail for perf_test_images\img_251.jpg: [Errno 2] No such file or directory: 'G:\\develop-G\\file\\perf_test_images\\img_251.jpg'
2026-02-05 12:32:05,215 [ERROR] widgets: Failed to generate thumbnail for perf_test_images\img_252.jpg: [Errno 2] No such file or directory: 'G:\\develop-G\\file\\perf_test_images\\img_252.jpg'
2026-02-05 12:32:05,230 [ERROR] widgets: Failed to generate thumbnail for perf_test_images\img_253.jpg: [Errno 2] No such file or directory: 'G:\\develop-G\\file\\perf_test_images\\img_253.jpg'
2026-02-05 12:32:05,246 [ERROR] widgets: Failed to generate thumbnail for perf_test_images\img_254.jpg: [Errno 2] No such file or directory: 'G:\\develop-G\\file\\perf_test_images\\img_254.jpg'
2026-02-05 12:32:05,262 [ERROR] widgets: Failed to generate thumbnail for perf_test_images\img_255.jpg: [Errno 2] No such file or directory: 'G:\\develop-G\\file\\perf_test_images\\img_255.jpg'
2026-02-05 12:32:05,278 [ERROR] widgets: Failed to generate thumbnail for perf_test_images\img_256.jpg: [Errno 2] No such file or directory: 'G:\\develop-G\\file\\perf_test_images\\img_256.jpg'
2026-02-05 12:32:05,303 [ERROR] widgets: Failed to generate thumbnail for perf_test_images\img_257.jpg: [Errno 2] No such file or directory: 'G:\\develop-G\\file\\perf_test_images\\img_257.jpg'
2026-02-05 12:32:05,320 [ERROR] widgets: Failed to generate thumbnail for perf_test_images\img_258.jpg: [Errno 2] No such file or directory: 'G:\\develop-G\\file\\perf_test_images\\img_258.jpg'
2026-02-05 12:32:05,337 [ERROR] widgets: Failed to generate thumbnail for perf_test_images\img_259.jpg: [Errno 2] No such file or directory: 'G:\\develop-G\\file\\perf_test_images\\img_259.jpg'
2026-02-05 12:32:05,353 [ERROR] widgets: Failed to generate thumbnail for perf_test_images\img_260.jpg: [Errno 2] No such file or directory: 'G:\\develop-G\\file\\perf_test_images\\img_260.jpg'
2026-02-05 12:32:05,368 [ERROR] widgets: Failed to generate thumbnail for perf_test_images\img_261.jpg: [Errno 2] No such file or directory: 'G:\\develop-G\\file\\perf_test_images\\img_261.jpg'
2026-02-05 12:32:05,384 [ERROR] widgets: Failed to generate thumbnail for perf_test_images\img_262.jpg: [Errno 2] No such file or directory: 'G:\\develop-G\\file\\perf_test_images\\img_262.jpg'
2026-02-05 12:32:05,401 [ERROR] widgets: Failed to generate thumbnail for perf_test_images\img_263.jpg: [Errno 2] No such file or directory: 'G:\\develop-G\\file\\perf_test_images\\img_263.jpg'
2026-02-05 12:32:05,418 [ERROR] widgets: Failed to generate thumbnail for perf_test_images\img_264.jpg: [Errno 2] No such file or directory: 'G:\\develop-G\\file\\perf_test_images\\img_264.jpg'
2026-02-05 12:32:05,433 [ERROR] widgets: Failed to generate thumbnail for perf_test_images\img_265.jpg: [Errno 2] No such file or directory: 'G:\\develop-G\\file\\perf_test_images\\img_265.jpg'
2026-02-05 12:32:05,448 [ERROR] widgets: Failed to generate thumbnail for perf_test_images\img_266.jpg: [Errno 2] No such file or directory: 'G:\\develop-G\\file\\perf_test_images\\img_266.jpg'
2026-02-05 12:32:05,463 [ERROR] widgets: Failed to generate thumbnail for perf_test_images\img_267.jpg: [Errno 2] No such file or directory: 'G:\\develop-G\\file\\perf_test_images\\img_267.jpg'
2026-02-05 12:32:05,479 [ERROR] widgets: Failed to generate thumbnail for perf_test_images\img_268.jpg: [Errno 2] No such file or directory: 'G:\\develop-G\\file\\perf_test_images\\img_268.jpg'
2026-02-05 12:32:05,503 [ERROR] widgets: Failed to generate thumbnail for perf_test_images\img_269.jpg: [Errno 2] No such file or directory: 'G:\\develop-G\\file\\perf_test_images\\img_269.jpg'
2026-02-05 12:32:05,530 [ERROR] widgets: Failed to generate thumbnail for perf_test_images\img_270.jpg: [Errno 2] No such file or directory: 'G:\\develop-G\\file\\perf_test_images\\img_270.jpg'
2026-02-05 12:32:05,547 [ERROR] widgets: Failed to generate thumbnail for perf_test_images\img_271.jpg: [Errno 2] No such file or directory: 'G:\\develop-G\\file\\perf_test_images\\img_271.jpg'
2026-02-05 12:32:05,562 [ERROR] widgets: Failed to generate thumbnail for perf_test_images\img_272.jpg: [Errno 2] No such file or directory: 'G:\\develop-G\\file\\perf_test_images\\img_272.jpg'
2026-02-05 12:32:05,578 [ERROR] widgets: Failed to generate thumbnail for perf_test_images\img_273.jpg: [Errno 2] No such file or directory: 'G:\\develop-G\\file\\perf_test_images\\img_273.jpg'
2026-02-05 12:32:05,603 [ERROR] widgets: Failed to generate thumbnail for perf_test_images\img_274.jpg: [Errno 2] No such file or directory: 'G:\\develop-G\\file\\perf_test_images\\img_274.jpg'
2026-02-05 12:32:05,630 [ERROR] widgets: Failed to generate thumbnail for perf_test_images\img_275.jpg: [Errno 2] No such file or directory: 'G:\\develop-G\\file\\perf_test_images\\img_275.jpg'
2026-02-05 12:32:05,653 [ERROR] widgets: Failed to generate thumbnail for perf_test_images\img_276.jpg: [Errno 2] No such file or directory: 'G:\\develop-G\\file\\perf_test_images\\img_276.jpg'
2026-02-05 12:32:05,666 [ERROR] widgets: Failed to generate thumbnail for perf_test_images\img_277.jpg: [Errno 2] No such file or directory: 'G:\\develop-G\\file\\perf_test_images\\img_277.jpg'
2026-02-05 12:32:05,681 [ERROR] widgets: Failed to generate thumbnail for perf_test_images\img_278.jpg: [Errno 2] No such file or directory: 'G:\\develop-G\\file\\perf_test_images\\img_278.jpg'
2026-02-05 12:32:05,696 [ERROR] widgets: Failed to generate thumbnail for perf_test_images\img_279.jpg: [Errno 2] No such file or directory: 'G:\\develop-G\\file\\perf_test_images\\img_279.jpg'
2026-02-05 12:32:05,713 [ERROR] widgets: Failed to generate thumbnail for perf_test_images\img_280.jpg: [Errno 2] No such file or directory: 'G:\\develop-G\\file\\perf_test_images\\img_280.jpg'
2026-02-05 12:32:05,730 [ERROR] widgets: Failed to generate thumbnail for perf_test_images\img_281.jpg: [Errno 2] No such file or directory: 'G:\\develop-G\\file\\perf_test_images\\img_281.jpg'
2026-02-05 12:32:05,745 [ERROR] widgets: Failed to generate thumbnail for perf_test_images\img_282.jpg: [Errno 2] No such file or directory: 'G:\\develop-G\\file\\perf_test_images\\img_282.jpg'
2026-02-05 12:32:05,770 [ERROR] widgets: Failed to generate thumbnail for perf_test_images\img_283.jpg: [Errno 2] No such file or directory: 'G:\\develop-G\\file\\perf_test_images\\img_283.jpg'
2026-02-05 12:32:05,797 [ERROR] widgets: Failed to generate thumbnail for perf_test_images\img_284.jpg: [Errno 2] No such file or directory: 'G:\\develop-G\\file\\perf_test_images\\img_284.jpg'
2026-02-05 12:32:05,812 [ERROR] widgets: Failed to generate thumbnail for perf_test_images\img_285.jpg: [Errno 2] No such file or directory: 'G:\\develop-G\\file\\perf_test_images\\img_285.jpg'
2026-02-05 12:32:05,837 [ERROR] widgets: Failed to generate thumbnail for perf_test_images\img_286.jpg: [Errno 2] No such file or directory: 'G:\\develop-G\\file\\perf_test_images\\img_286.jpg'
2026-02-05 12:32:05,852 [ERROR] widgets: Failed to generate thumbnail for perf_test_images\img_287.jpg: [Errno 2] No such file or directory: 'G:\\develop-G\\file\\perf_test_images\\img_287.jpg'
2026-02-05 12:32:05,867 [ERROR] widgets: Failed to generate thumbnail for perf_test_images\img_288.jpg: [Errno 2] No such file or directory: 'G:\\develop-G\\file\\perf_test_images\\img_288.jpg'
2026-02-05 12:32:05,883 [ERROR] widgets: Failed to generate thumbnail for perf_test_images\img_289.jpg: [Errno 2] No such file or directory: 'G:\\develop-G\\file\\perf_test_images\\img_289.jpg'
2026-02-05 12:32:05,898 [ERROR] widgets: Failed to generate thumbnail for perf_test_images\img_290.jpg: [Errno 2] No such file or directory: 'G:\\develop-G\\file\\perf_test_images\\img_290.jpg'
2026-02-05 12:32:05,913 [ERROR] widgets: Failed to generate thumbnail for perf_test_images\img_291.jpg: [Errno 2] No such file or directory: 'G:\\develop-G\\file\\perf_test_images\\img_291.jpg'
2026-02-05 12:32:05,929 [ERROR] widgets: Failed to generate thumbnail for perf_test_images\img_292.jpg: [Errno 2] No such file or directory: 'G:\\develop-G\\file\\perf_test_images\\img_292.jpg'
2026-02-05 12:32:05,945 [ERROR] widgets: Failed to generate thumbnail for perf_test_images\img_293.jpg: [Errno 2] No such file or directory: 'G:\\develop-G\\file\\perf_test_images\\img_293.jpg'
2026-02-05 12:32:05,970 [ERROR] widgets: Failed to generate thumbnail for perf_test_images\img_294.jpg: [Errno 2] No such file or directory: 'G:\\develop-G\\file\\perf_test_images\\img_294.jpg'
2026-02-05 12:32:05,985 [ERROR] widgets: Failed to generate thumbnail for perf_test_images\img_295.jpg: [Errno 2] No such file or directory: 'G:\\develop-G\\file\\perf_test_images\\img_295.jpg'
2026-02-05 12:32:06,002 [ERROR] widgets: Failed to generate thumbnail for perf_test_images\img_296.jpg: [Errno 2] No such file or directory: 'G:\\develop-G\\file\\perf_test_images\\img_296.jpg'
2026-02-05 12:32:06,019 [ERROR] widgets: Failed to generate thumbnail for perf_test_images\img_297.jpg: [Errno 2] No such file or directory: 'G:\\develop-G\\file\\perf_test_images\\img_297.jpg'
2026-02-05 12:32:06,034 [ERROR] widgets: Failed to generate thumbnail for perf_test_images\img_298.jpg: [Errno 2] No such file or directory: 'G:\\develop-G\\file\\perf_test_images\\img_298.jpg'
2026-02-05 12:32:06,050 [ERROR] widgets: Failed to generate thumbnail for perf_test_images\img_299.jpg: [Errno 2] No such file or directory: 'G:\\develop-G\\file\\perf_test_images\\img_299.jpg'
2026-02-05 12:32:06,065 [ERROR] widgets: Failed to generate thumbnail for perf_test_images\img_300.jpg: [Errno 2] No such file or directory: 'G:\\develop-G\\file\\perf_test_images\\img_300.jpg'
2026-02-05 12:32:06,080 [ERROR] widgets: Failed to generate thumbnail for perf_test_images\img_301.jpg: [Errno 2] No such file or directory: 'G:\\develop-G\\file\\perf_test_images\\img_301.jpg'
2026-02-05 12:32:06,096 [ERROR] widgets: Failed to generate thumbnail for perf_test_images\img_302.jpg: [Errno 2] No such file or directory: 'G:\\develop-G\\file\\perf_test_images\\img_302.jpg'
2026-02-05 12:32:06,112 [ERROR] widgets: Failed to generate thumbnail for perf_test_images\img_303.jpg: [Errno 2] No such file or directory: 'G:\\develop-G\\file\\perf_test_images\\img_303.jpg'
2026-02-05 12:32:06,127 [ERROR] widgets: Failed to generate thumbnail for perf_test_images\img_304.jpg: [Errno 2] No such file or directory: 'G:\\develop-G\\file\\perf_test_images\\img_304.jpg'
2026-02-05 12:32:06,143 [ERROR] widgets: Failed to generate thumbnail for perf_test_images\img_305.jpg: [Errno 2] No such file or directory: 'G:\\develop-G\\file\\perf_test_images\\img_305.jpg'
2026-02-05 12:32:06,160 [ERROR] widgets: Failed to generate thumbnail for perf_test_images\img_306.jpg: [Errno 2] No such file or directory: 'G:\\develop-G\\file\\perf_test_images\\img_306.jpg'
2026-02-05 12:32:06,177 [ERROR] widgets: Failed to generate thumbnail for perf_test_images\img_307.jpg: [Errno 2] No such file or directory: 'G:\\develop-G\\file\\perf_test_images\\img_307.jpg'
2026-02-05 12:32:06,192 [ERROR] widgets: Failed to generate thumbnail for perf_test_images\img_308.jpg: [Errno 2] No such file or directory: 'G:\\develop-G\\file\\perf_test_images\\img_308.jpg'
2026-02-05 12:32:06,208 [ERROR] widgets: Failed to generate thumbnail for perf_test_images\img_309.jpg: [Errno 2] No such file or directory: 'G:\\develop-G\\file\\perf_test_images\\img_309.jpg'
2026-02-05 12:32:06,224 [ERROR] widgets: Failed to generate thumbnail for perf_test_images\img_310.jpg: [Errno 2] No such file or directory: 'G:\\develop-G\\file\\perf_test_images\\img_310.jpg'
2026-02-05 12:32:06,240 [ERROR] widgets: Failed to generate thumbnail for perf_test_images\img_311.jpg: [Errno 2] No such file or directory: 'G:\\develop-G\\file\\perf_test_images\\img_311.jpg'
2026-02-05 12:32:06,257 [ERROR] widgets: Failed to generate thumbnail for perf_test_images\img_312.jpg: [Errno 2] No such file or directory: 'G:\\develop-G\\file\\perf_test_images\\img_312.jpg'
2026-02-05 12:32:06,271 [ERROR] widgets: Failed to generate thumbnail for perf_test_images\img_313.jpg: [Errno 2] No such file or directory: 'G:\\develop-G\\file\\perf_test_images\\img_313.jpg'
2026-02-05 12:32:06,287 [ERROR] widgets: Failed to generate thumbnail for perf_test_images\img_314.jpg: [Errno 2] No such file or directory: 'G:\\develop-G\\file\\perf_test_images\\img_314.jpg'
2026-02-05 12:32:06,302 [ERROR] widgets: Failed to generate thumbnail for perf_test_images\img_315.jpg: [Errno 2] No such file or directory: 'G:\\develop-G\\file\\perf_test_images\\img_315.jpg'
2026-02-05 12:32:06,317 [ERROR] widgets: Failed to generate thumbnail for perf_test_images\img_316.jpg: [Errno 2] No such file or directory: 'G:\\develop-G\\file\\perf_test_images\\img_316.jpg'
2026-02-05 12:32:06,334 [ERROR] widgets: Failed to generate thumbnail for perf_test_images\img_317.jpg: [Errno 2] No such file or directory: 'G:\\develop-G\\file\\perf_test_images\\img_317.jpg'
2026-02-05 12:32:06,349 [ERROR] widgets: Failed to generate thumbnail for perf_test_images\img_318.jpg: [Errno 2] No such file or directory: 'G:\\develop-G\\file\\perf_test_images\\img_318.jpg'
2026-02-05 12:32:06,364 [ERROR] widgets: Failed to generate thumbnail for perf_test_images\img_319.jpg: [Errno 2] No such file or directory: 'G:\\develop-G\\file\\perf_test_images\\img_319.jpg'
2026-02-05 12:32:06,386 [ERROR] widgets: Failed to generate thumbnail for perf_test_images\img_320.jpg: [Errno 2] No such file or directory: 'G:\\develop-G\\file\\perf_test_images\\img_320.jpg'
2026-02-05 12:32:06,397 [ERROR] widgets: Failed to generate thumbnail for perf_test_images\img_321.jpg: [Errno 2] No such file or directory: 'G:\\develop-G\\file\\perf_test_images\\img_321.jpg'
2026-02-05 12:32:06,414 [ERROR] widgets: Failed to generate thumbnail for perf_test_images\img_322.jpg: [Errno 2] No such file or directory: 'G:\\develop-G\\file\\perf_test_images\\img_322.jpg'
2026-02-05 12:32:06,429 [ERROR] widgets: Failed to generate thumbnail for perf_test_images\img_323.jpg: [Errno 2] No such file or directory: 'G:\\develop-G\\file\\perf_test_images\\img_323.jpg'
2026-02-05 12:32:06,452 [ERROR] widgets: Failed to generate thumbnail for perf_test_images\img_324.jpg: [Errno 2] No such file or directory: 'G:\\develop-G\\file\\perf_test_images\\img_324.jpg'
2026-02-05 12:32:06,468 [ERROR] widgets: Failed to generate thumbnail for perf_test_images\img_325.jpg: [Errno 2] No such file or directory: 'G:\\develop-G\\file\\perf_test_images\\img_325.jpg'
2026-02-05 12:32:06,484 [ERROR] widgets: Failed to generate thumbnail for perf_test_images\img_326.jpg: [Errno 2] No such file or directory: 'G:\\develop-G\\file\\perf_test_images\\img_326.jpg'
2026-02-05 12:32:06,500 [ERROR] widgets: Failed to generate thumbnail for perf_test_images\img_327.jpg: [Errno 2] No such file or directory: 'G:\\develop-G\\file\\perf_test_images\\img_327.jpg'
2026-02-05 12:32:06,515 [ERROR] widgets: Failed to generate thumbnail for perf_test_images\img_328.jpg: [Errno 2] No such file or directory: 'G:\\develop-G\\file\\perf_test_images\\img_328.jpg'
2026-02-05 12:32:06,531 [ERROR] widgets: Failed to generate thumbnail for perf_test_images\img_329.jpg: [Errno 2] No such file or directory: 'G:\\develop-G\\file\\perf_test_images\\img_329.jpg'
2026-02-05 12:32:06,547 [ERROR] widgets: Failed to generate thumbnail for perf_test_images\img_330.jpg: [Errno 2] No such file or directory: 'G:\\develop-G\\file\\perf_test_images\\img_330.jpg'
2026-02-05 12:32:06,562 [ERROR] widgets: Failed to generate thumbnail for perf_test_images\img_331.jpg: [Errno 2] No such file or directory: 'G:\\develop-G\\file\\perf_test_images\\img_331.jpg'
2026-02-05 12:32:06,577 [ERROR] widgets: Failed to generate thumbnail for perf_test_images\img_332.jpg: [Errno 2] No such file or directory: 'G:\\develop-G\\file\\perf_test_images\\img_332.jpg'
2026-02-05 12:32:06,594 [ERROR] widgets: Failed to generate thumbnail for perf_test_images\img_333.jpg: [Errno 2] No such file or directory: 'G:\\develop-G\\file\\perf_test_images\\img_333.jpg'
2026-02-05 12:32:06,620 [ERROR] widgets: Failed to generate thumbnail for perf_test_images\img_334.jpg: [Errno 2] No such file or directory: 'G:\\develop-G\\file\\perf_test_images\\img_334.jpg'
2026-02-05 12:32:06,636 [ERROR] widgets: Failed to generate thumbnail for perf_test_images\img_335.jpg: [Errno 2] No such file or directory: 'G:\\develop-G\\file\\perf_test_images\\img_335.jpg'
2026-02-05 12:32:06,652 [ERROR] widgets: Failed to generate thumbnail for perf_test_images\img_336.jpg: [Errno 2] No such file or directory: 'G:\\develop-G\\file\\perf_test_images\\img_336.jpg'
2026-02-05 12:32:06,668 [ERROR] widgets: Failed to generate thumbnail for perf_test_images\img_337.jpg: [Errno 2] No such file or directory: 'G:\\develop-G\\file\\perf_test_images\\img_337.jpg'
2026-02-05 12:32:06,683 [ERROR] widgets: Failed to generate thumbnail for perf_test_images\img_338.jpg: [Errno 2] No such file or directory: 'G:\\develop-G\\file\\perf_test_images\\img_338.jpg'
2026-02-05 12:32:06,700 [ERROR] widgets: Failed to generate thumbnail for perf_test_images\img_339.jpg: [Errno 2] No such file or directory: 'G:\\develop-G\\file\\perf_test_images\\img_339.jpg'
2026-02-05 12:32:06,715 [ERROR] widgets: Failed to generate thumbnail for perf_test_images\img_340.jpg: [Errno 2] No such file or directory: 'G:\\develop-G\\file\\perf_test_images\\img_340.jpg'
2026-02-05 12:32:06,731 [ERROR] widgets: Failed to generate thumbnail for perf_test_images\img_341.jpg: [Errno 2] No such file or directory: 'G:\\develop-G\\file\\perf_test_images\\img_341.jpg'
2026-02-05 12:32:06,746 [ERROR] widgets: Failed to generate thumbnail for perf_test_images\img_342.jpg: [Errno 2] No such file or directory: 'G:\\develop-G\\file\\perf_test_images\\img_342.jpg'
2026-02-05 12:32:06,763 [ERROR] widgets: Failed to generate thumbnail for perf_test_images\img_343.jpg: [Errno 2] No such file or directory: 'G:\\develop-G\\file\\perf_test_images\\img_343.jpg'
2026-02-05 12:32:06,778 [ERROR] widgets: Failed to generate thumbnail for perf_test_images\img_344.jpg: [Errno 2] No such file or directory: 'G:\\develop-G\\file\\perf_test_images\\img_344.jpg'
2026-02-05 12:32:06,795 [ERROR] widgets: Failed to generate thumbnail for perf_test_images\img_345.jpg: [Errno 2] No such file or directory: 'G:\\develop-G\\file\\perf_test_images\\img_345.jpg'
2026-02-05 12:32:06,810 [ERROR] widgets: Failed to generate thumbnail for perf_test_images\img_346.jpg: [Errno 2] No such file or directory: 'G:\\develop-G\\file\\perf_test_images\\img_346.jpg'
2026-02-05 12:32:06,835 [ERROR] widgets: Failed to generate thumbnail for perf_test_images\img_347.jpg: [Errno 2] No such file or directory: 'G:\\develop-G\\file\\perf_test_images\\img_347.jpg'
2026-02-05 12:32:06,851 [ERROR] widgets: Failed to generate thumbnail for perf_test_images\img_348.jpg: [Errno 2] No such file or directory: 'G:\\develop-G\\file\\perf_test_images\\img_348.jpg'
2026-02-05 12:32:06,868 [ERROR] widgets: Failed to generate thumbnail for perf_test_images\img_349.jpg: [Errno 2] No such file or directory: 'G:\\develop-G\\file\\perf_test_images\\img_349.jpg'
2026-02-05 12:32:06,883 [ERROR] widgets: Failed to generate thumbnail for perf_test_images\img_350.jpg: [Errno 2] No such file or directory: 'G:\\develop-G\\file\\perf_test_images\\img_350.jpg'
2026-02-05 12:32:06,899 [ERROR] widgets: Failed to generate thumbnail for perf_test_images\img_351.jpg: [Errno 2] No such file or directory: 'G:\\develop-G\\file\\perf_test_images\\img_351.jpg'
2026-02-05 12:32:06,922 [ERROR] widgets: Failed to generate thumbnail for perf_test_images\img_352.jpg: [Errno 2] No such file or directory: 'G:\\develop-G\\file\\perf_test_images\\img_352.jpg'
2026-02-05 12:32:06,947 [ERROR] widgets: Failed to generate thumbnail for perf_test_images\img_353.jpg: [Errno 2] No such file or directory: 'G:\\develop-G\\file\\perf_test_images\\img_353.jpg'
2026-02-05 12:32:06,963 [ERROR] widgets: Failed to generate thumbnail for perf_test_images\img_354.jpg: [Errno 2] No such file or directory: 'G:\\develop-G\\file\\perf_test_images\\img_354.jpg'
2026-02-05 12:32:06,987 [ERROR] widgets: Failed to generate thumbnail for perf_test_images\img_355.jpg: [Errno 2] No such file or directory: 'G:\\develop-G\\file\\perf_test_images\\img_355.jpg'
2026-02-05 12:32:07,003 [ERROR] widgets: Failed to generate thumbnail for perf_test_images\img_356.jpg: [Errno 2] No such file or directory: 'G:\\develop-G\\file\\perf_test_images\\img_356.jpg'
2026-02-05 12:32:07,019 [ERROR] widgets: Failed to generate thumbnail for perf_test_images\img_357.jpg: [Errno 2] No such file or directory: 'G:\\develop-G\\file\\perf_test_images\\img_357.jpg'
2026-02-05 12:32:07,036 [ERROR] widgets: Failed to generate thumbnail for perf_test_images\img_358.jpg: [Errno 2] No such file or directory: 'G:\\develop-G\\file\\perf_test_images\\img_358.jpg'
2026-02-05 12:32:07,052 [ERROR] widgets: Failed to generate thumbnail for perf_test_images\img_359.jpg: [Errno 2] No such file or directory: 'G:\\develop-G\\file\\perf_test_images\\img_359.jpg'
2026-02-05 12:32:07,067 [ERROR] widgets: Failed to generate thumbnail for perf_test_images\img_360.jpg: [Errno 2] No such file or directory: 'G:\\develop-G\\file\\perf_test_images\\img_360.jpg'
2026-02-05 12:32:07,084 [ERROR] widgets: Failed to generate thumbnail for perf_test_images\img_361.jpg: [Errno 2] No such file or directory: 'G:\\develop-G\\file\\perf_test_images\\img_361.jpg'
2026-02-05 12:32:07,100 [ERROR] widgets: Failed to generate thumbnail for perf_test_images\img_362.jpg: [Errno 2] No such file or directory: 'G:\\develop-G\\file\\perf_test_images\\img_362.jpg'
2026-02-05 12:32:07,117 [ERROR] widgets: Failed to generate thumbnail for perf_test_images\img_363.jpg: [Errno 2] No such file or directory: 'G:\\develop-G\\file\\perf_test_images\\img_363.jpg'
2026-02-05 12:32:07,133 [ERROR] widgets: Failed to generate thumbnail for perf_test_images\img_364.jpg: [Errno 2] No such file or directory: 'G:\\develop-G\\file\\perf_test_images\\img_364.jpg'
2026-02-05 12:32:07,148 [ERROR] widgets: Failed to generate thumbnail for perf_test_images\img_365.jpg: [Errno 2] No such file or directory: 'G:\\develop-G\\file\\perf_test_images\\img_365.jpg'
2026-02-05 12:32:07,165 [ERROR] widgets: Failed to generate thumbnail for perf_test_images\img_366.jpg: [Errno 2] No such file or directory: 'G:\\develop-G\\file\\perf_test_images\\img_366.jpg'
2026-02-05 12:32:07,181 [ERROR] widgets: Failed to generate thumbnail for perf_test_images\img_367.jpg: [Errno 2] No such file or directory: 'G:\\develop-G\\file\\perf_test_images\\img_367.jpg'
2026-02-05 12:32:07,197 [ERROR] widgets: Failed to generate thumbnail for perf_test_images\img_368.jpg: [Errno 2] No such file or directory: 'G:\\develop-G\\file\\perf_test_images\\img_368.jpg'
2026-02-05 12:32:07,213 [ERROR] widgets: Failed to generate thumbnail for perf_test_images\img_369.jpg: [Errno 2] No such file or directory: 'G:\\develop-G\\file\\perf_test_images\\img_369.jpg'
2026-02-05 12:32:07,225 [ERROR] widgets: Failed to generate thumbnail for perf_test_images\img_370.jpg: [Errno 2] No such file or directory: 'G:\\develop-G\\file\\perf_test_images\\img_370.jpg'
2026-02-05 12:32:07,240 [ERROR] widgets: Failed to generate thumbnail for perf_test_images\img_371.jpg: [Errno 2] No such file or directory: 'G:\\develop-G\\file\\perf_test_images\\img_371.jpg'
2026-02-05 12:32:07,255 [ERROR] widgets: Failed to generate thumbnail for perf_test_images\img_372.jpg: [Errno 2] No such file or directory: 'G:\\develop-G\\file\\perf_test_images\\img_372.jpg'
2026-02-05 12:32:07,271 [ERROR] widgets: Failed to generate thumbnail for perf_test_images\img_373.jpg: [Errno 2] No such file or directory: 'G:\\develop-G\\file\\perf_test_images\\img_373.jpg'
2026-02-05 12:32:07,286 [ERROR] widgets: Failed to generate thumbnail for perf_test_images\img_374.jpg: [Errno 2] No such file or directory: 'G:\\develop-G\\file\\perf_test_images\\img_374.jpg'
2026-02-05 12:32:07,302 [ERROR] widgets: Failed to generate thumbnail for perf_test_images\img_375.jpg: [Errno 2] No such file or directory: 'G:\\develop-G\\file\\perf_test_images\\img_375.jpg'
2026-02-05 12:32:07,318 [ERROR] widgets: Failed to generate thumbnail for perf_test_images\img_376.jpg: [Errno 2] No such file or directory: 'G:\\develop-G\\file\\perf_test_images\\img_376.jpg'
2026-02-05 12:32:07,333 [ERROR] widgets: Failed to generate thumbnail for perf_test_images\img_377.jpg: [Errno 2] No such file or directory: 'G:\\develop-G\\file\\perf_test_images\\img_377.jpg'
2026-02-05 12:32:07,349 [ERROR] widgets: Failed to generate thumbnail for perf_test_images\img_378.jpg: [Errno 2] No such file or directory: 'G:\\develop-G\\file\\perf_test_images\\img_378.jpg'
2026-02-05 12:32:07,365 [ERROR] widgets: Failed to generate thumbnail for perf_test_images\img_379.jpg: [Errno 2] No such file or directory: 'G:\\develop-G\\file\\perf_test_images\\img_379.jpg'
2026-02-05 12:32:07,380 [ERROR] widgets: Failed to generate thumbnail for perf_test_images\img_380.jpg: [Errno 2] No such file or directory: 'G:\\develop-G\\file\\perf_test_images\\img_380.jpg'
2026-02-05 12:32:07,404 [ERROR] widgets: Failed to generate thumbnail for perf_test_images\img_381.jpg: [Errno 2] No such file or directory: 'G:\\develop-G\\file\\perf_test_images\\img_381.jpg'
2026-02-05 12:32:07,415 [ERROR] widgets: Failed to generate thumbnail for perf_test_images\img_382.jpg: [Errno 2] No such file or directory: 'G:\\develop-G\\file\\perf_test_images\\img_382.jpg'
2026-02-05 12:32:07,431 [ERROR] widgets: Failed to generate thumbnail for perf_test_images\img_383.jpg: [Errno 2] No such file or directory: 'G:\\develop-G\\file\\perf_test_images\\img_383.jpg'
2026-02-05 12:32:07,446 [ERROR] widgets: Failed to generate thumbnail for perf_test_images\img_384.jpg: [Errno 2] No such file or directory: 'G:\\develop-G\\file\\perf_test_images\\img_384.jpg'
2026-02-05 12:32:07,470 [ERROR] widgets: Failed to generate thumbnail for perf_test_images\img_385.jpg: [Errno 2] No such file or directory: 'G:\\develop-G\\file\\perf_test_images\\img_385.jpg'
2026-02-05 12:32:07,487 [ERROR] widgets: Failed to generate thumbnail for perf_test_images\img_386.jpg: [Errno 2] No such file or directory: 'G:\\develop-G\\file\\perf_test_images\\img_386.jpg'
2026-02-05 12:32:07,502 [ERROR] widgets: Failed to generate thumbnail for perf_test_images\img_387.jpg: [Errno 2] No such file or directory: 'G:\\develop-G\\file\\perf_test_images\\img_387.jpg'
2026-02-05 12:32:07,518 [ERROR] widgets: Failed to generate thumbnail for perf_test_images\img_388.jpg: [Errno 2] No such file or directory: 'G:\\develop-G\\file\\perf_test_images\\img_388.jpg'
2026-02-05 12:32:07,534 [ERROR] widgets: Failed to generate thumbnail for perf_test_images\img_389.jpg: [Errno 2] No such file or directory: 'G:\\develop-G\\file\\perf_test_images\\img_389.jpg'
2026-02-05 12:32:07,551 [ERROR] widgets: Failed to generate thumbnail for perf_test_images\img_390.jpg: [Errno 2] No such file or directory: 'G:\\develop-G\\file\\perf_test_images\\img_390.jpg'
2026-02-05 12:32:07,566 [ERROR] widgets: Failed to generate thumbnail for perf_test_images\img_391.jpg: [Errno 2] No such file or directory: 'G:\\develop-G\\file\\perf_test_images\\img_391.jpg'
2026-02-05 12:32:07,589 [ERROR] widgets: Failed to generate thumbnail for perf_test_images\img_392.jpg: [Errno 2] No such file or directory: 'G:\\develop-G\\file\\perf_test_images\\img_392.jpg'
2026-02-05 12:32:07,614 [ERROR] widgets: Failed to generate thumbnail for perf_test_images\img_393.jpg: [Errno 2] No such file or directory: 'G:\\develop-G\\file\\perf_test_images\\img_393.jpg'
2026-02-05 12:32:07,630 [ERROR] widgets: Failed to generate thumbnail for perf_test_images\img_394.jpg: [Errno 2] No such file or directory: 'G:\\develop-G\\file\\perf_test_images\\img_394.jpg'
2026-02-05 12:32:07,645 [ERROR] widgets: Failed to generate thumbnail for perf_test_images\img_395.jpg: [Errno 2] No such file or directory: 'G:\\develop-G\\file\\perf_test_images\\img_395.jpg'
2026-02-05 12:32:07,670 [ERROR] widgets: Failed to generate thumbnail for perf_test_images\img_396.jpg: [Errno 2] No such file or directory: 'G:\\develop-G\\file\\perf_test_images\\img_396.jpg'
2026-02-05 12:32:07,686 [ERROR] widgets: Failed to generate thumbnail for perf_test_images\img_397.jpg: [Errno 2] No such file or directory: 'G:\\develop-G\\file\\perf_test_images\\img_397.jpg'
2026-02-05 12:32:07,701 [ERROR] widgets: Failed to generate thumbnail for perf_test_images\img_398.jpg: [Errno 2] No such file or directory: 'G:\\develop-G\\file\\perf_test_images\\img_398.jpg'
2026-02-05 12:32:07,717 [ERROR] widgets: Failed to generate thumbnail for perf_test_images\img_399.jpg: [Errno 2] No such file or directory: 'G:\\develop-G\\file\\perf_test_images\\img_399.jpg'
2026-02-05 12:32:07,733 [ERROR] widgets: Failed to generate thumbnail for perf_test_images\img_400.jpg: [Errno 2] No such file or directory: 'G:\\develop-G\\file\\perf_test_images\\img_400.jpg'
2026-02-05 12:32:07,748 [ERROR] widgets: Failed to generate thumbnail for perf_test_images\img_401.jpg: [Errno 2] No such file or directory: 'G:\\develop-G\\file\\perf_test_images\\img_401.jpg'
2026-02-05 12:32:07,764 [ERROR] widgets: Failed to generate thumbnail for perf_test_images\img_402.jpg: [Errno 2] No such file or directory: 'G:\\develop-G\\file\\perf_test_images\\img_402.jpg'
2026-02-05 12:32:07,779 [ERROR] widgets: Failed to generate thumbnail for perf_test_images\img_403.jpg: [Errno 2] No such file or directory: 'G:\\develop-G\\file\\perf_test_images\\img_403.jpg'
2026-02-05 12:32:07,803 [ERROR] widgets: Failed to generate thumbnail for perf_test_images\img_404.jpg: [Errno 2] No such file or directory: 'G:\\develop-G\\file\\perf_test_images\\img_404.jpg'
2026-02-05 12:32:07,819 [ERROR] widgets: Failed to generate thumbnail for perf_test_images\img_405.jpg: [Errno 2] No such file or directory: 'G:\\develop-G\\file\\perf_test_images\\img_405.jpg'
2026-02-05 12:32:07,833 [ERROR] widgets: Failed to generate thumbnail for perf_test_images\img_406.jpg: [Errno 2] No such file or directory: 'G:\\develop-G\\file\\perf_test_images\\img_406.jpg'
2026-02-05 12:32:07,850 [ERROR] widgets: Failed to generate thumbnail for perf_test_images\img_407.jpg: [Errno 2] No such file or directory: 'G:\\develop-G\\file\\perf_test_images\\img_407.jpg'
2026-02-05 12:32:07,865 [ERROR] widgets: Failed to generate thumbnail for perf_test_images\img_408.jpg: [Errno 2] No such file or directory: 'G:\\develop-G\\file\\perf_test_images\\img_408.jpg'
2026-02-05 12:32:07,880 [ERROR] widgets: Failed to generate thumbnail for perf_test_images\img_409.jpg: [Errno 2] No such file or directory: 'G:\\develop-G\\file\\perf_test_images\\img_409.jpg'
2026-02-05 12:32:07,896 [ERROR] widgets: Failed to generate thumbnail for perf_test_images\img_410.jpg: [Errno 2] No such file or directory: 'G:\\develop-G\\file\\perf_test_images\\img_410.jpg'
2026-02-05 12:32:07,912 [ERROR] widgets: Failed to generate thumbnail for perf_test_images\img_411.jpg: [Errno 2] No such file or directory: 'G:\\develop-G\\file\\perf_test_images\\img_411.jpg'
2026-02-05 12:32:07,927 [ERROR] widgets: Failed to generate thumbnail for perf_test_images\img_412.jpg: [Errno 2] No such file or directory: 'G:\\develop-G\\file\\perf_test_images\\img_412.jpg'
2026-02-05 12:32:07,943 [ERROR] widgets: Failed to generate thumbnail for perf_test_images\img_413.jpg: [Errno 2] No such file or directory: 'G:\\develop-G\\file\\perf_test_images\\img_413.jpg'
2026-02-05 12:32:07,960 [ERROR] widgets: Failed to generate thumbnail for perf_test_images\img_414.jpg: [Errno 2] No such file or directory: 'G:\\develop-G\\file\\perf_test_images\\img_414.jpg'
2026-02-05 12:32:07,988 [ERROR] widgets: Failed to generate thumbnail for perf_test_images\img_415.jpg: [Errno 2] No such file or directory: 'G:\\develop-G\\file\\perf_test_images\\img_415.jpg'
2026-02-05 12:32:08,004 [ERROR] widgets: Failed to generate thumbnail for perf_test_images\img_416.jpg: [Errno 2] No such file or directory: 'G:\\develop-G\\file\\perf_test_images\\img_416.jpg'
2026-02-05 12:32:08,031 [ERROR] widgets: Failed to generate thumbnail for perf_test_images\img_417.jpg: [Errno 2] No such file or directory: 'G:\\develop-G\\file\\perf_test_images\\img_417.jpg'
2026-02-05 12:32:08,046 [ERROR] widgets: Failed to generate thumbnail for perf_test_images\img_418.jpg: [Errno 2] No such file or directory: 'G:\\develop-G\\file\\perf_test_images\\img_418.jpg'
2026-02-05 12:32:08,063 [ERROR] widgets: Failed to generate thumbnail for perf_test_images\img_419.jpg: [Errno 2] No such file or directory: 'G:\\develop-G\\file\\perf_test_images\\img_419.jpg'
2026-02-05 12:32:08,087 [ERROR] widgets: Failed to generate thumbnail for perf_test_images\img_420.jpg: [Errno 2] No such file or directory: 'G:\\develop-G\\file\\perf_test_images\\img_420.jpg'
2026-02-05 12:32:08,102 [ERROR] widgets: Failed to generate thumbnail for perf_test_images\img_421.jpg: [Errno 2] No such file or directory: 'G:\\develop-G\\file\\perf_test_images\\img_421.jpg'
2026-02-05 12:32:08,119 [ERROR] widgets: Failed to generate thumbnail for perf_test_images\img_422.jpg: [Errno 2] No such file or directory: 'G:\\develop-G\\file\\perf_test_images\\img_422.jpg'
2026-02-05 12:32:08,134 [ERROR] widgets: Failed to generate thumbnail for perf_test_images\img_423.jpg: [Errno 2] No such file or directory: 'G:\\develop-G\\file\\perf_test_images\\img_423.jpg'
2026-02-05 12:32:08,150 [ERROR] widgets: Failed to generate thumbnail for perf_test_images\img_424.jpg: [Errno 2] No such file or directory: 'G:\\develop-G\\file\\perf_test_images\\img_424.jpg'
2026-02-05 12:32:08,167 [ERROR] widgets: Failed to generate thumbnail for perf_test_images\img_425.jpg: [Errno 2] No such file or directory: 'G:\\develop-G\\file\\perf_test_images\\img_425.jpg'
2026-02-05 12:32:08,183 [ERROR] widgets: Failed to generate thumbnail for perf_test_images\img_426.jpg: [Errno 2] No such file or directory: 'G:\\develop-G\\file\\perf_test_images\\img_426.jpg'
2026-02-05 12:32:08,199 [ERROR] widgets: Failed to generate thumbnail for perf_test_images\img_427.jpg: [Errno 2] No such file or directory: 'G:\\develop-G\\file\\perf_test_images\\img_427.jpg'
2026-02-05 12:32:08,216 [ERROR] widgets: Failed to generate thumbnail for perf_test_images\img_428.jpg: [Errno 2] No such file or directory: 'G:\\develop-G\\file\\perf_test_images\\img_428.jpg'
2026-02-05 12:32:08,232 [ERROR] widgets: Failed to generate thumbnail for perf_test_images\img_429.jpg: [Errno 2] No such file or directory: 'G:\\develop-G\\file\\perf_test_images\\img_429.jpg'
2026-02-05 12:32:08,248 [ERROR] widgets: Failed to generate thumbnail for perf_test_images\img_430.jpg: [Errno 2] No such file or directory: 'G:\\develop-G\\file\\perf_test_images\\img_430.jpg'
2026-02-05 12:32:08,264 [ERROR] widgets: Failed to generate thumbnail for perf_test_images\img_431.jpg: [Errno 2] No such file or directory: 'G:\\develop-G\\file\\perf_test_images\\img_431.jpg'
2026-02-05 12:32:08,279 [ERROR] widgets: Failed to generate thumbnail for perf_test_images\img_432.jpg: [Errno 2] No such file or directory: 'G:\\develop-G\\file\\perf_test_images\\img_432.jpg'
2026-02-05 12:32:08,303 [ERROR] widgets: Failed to generate thumbnail for perf_test_images\img_433.jpg: [Errno 2] No such file or directory: 'G:\\develop-G\\file\\perf_test_images\\img_433.jpg'
2026-02-05 12:32:08,320 [ERROR] widgets: Failed to generate thumbnail for perf_test_images\img_434.jpg: [Errno 2] No such file or directory: 'G:\\develop-G\\file\\perf_test_images\\img_434.jpg'
2026-02-05 12:32:08,336 [ERROR] widgets: Failed to generate thumbnail for perf_test_images\img_435.jpg: [Errno 2] No such file or directory: 'G:\\develop-G\\file\\perf_test_images\\img_435.jpg'
2026-02-05 12:32:08,352 [ERROR] widgets: Failed to generate thumbnail for perf_test_images\img_436.jpg: [Errno 2] No such file or directory: 'G:\\develop-G\\file\\perf_test_images\\img_436.jpg'
2026-02-05 12:32:08,369 [ERROR] widgets: Failed to generate thumbnail for perf_test_images\img_437.jpg: [Errno 2] No such file or directory: 'G:\\develop-G\\file\\perf_test_images\\img_437.jpg'
2026-02-05 12:32:08,384 [ERROR] widgets: Failed to generate thumbnail for perf_test_images\img_438.jpg: [Errno 2] No such file or directory: 'G:\\develop-G\\file\\perf_test_images\\img_438.jpg'
2026-02-05 12:32:08,400 [ERROR] widgets: Failed to generate thumbnail for perf_test_images\img_439.jpg: [Errno 2] No such file or directory: 'G:\\develop-G\\file\\perf_test_images\\img_439.jpg'
2026-02-05 12:32:08,415 [ERROR] widgets: Failed to generate thumbnail for perf_test_images\img_440.jpg: [Errno 2] No such file or directory: 'G:\\develop-G\\file\\perf_test_images\\img_440.jpg'
2026-02-05 12:32:08,430 [ERROR] widgets: Failed to generate thumbnail for perf_test_images\img_441.jpg: [Errno 2] No such file or directory: 'G:\\develop-G\\file\\perf_test_images\\img_441.jpg'
2026-02-05 12:32:08,447 [ERROR] widgets: Failed to generate thumbnail for perf_test_images\img_442.jpg: [Errno 2] No such file or directory: 'G:\\develop-G\\file\\perf_test_images\\img_442.jpg'
2026-02-05 12:32:08,463 [ERROR] widgets: Failed to generate thumbnail for perf_test_images\img_443.jpg: [Errno 2] No such file or directory: 'G:\\develop-G\\file\\perf_test_images\\img_443.jpg'
2026-02-05 12:32:08,479 [ERROR] widgets: Failed to generate thumbnail for perf_test_images\img_444.jpg: [Errno 2] No such file or directory: 'G:\\develop-G\\file\\perf_test_images\\img_444.jpg'
2026-02-05 12:32:08,504 [ERROR] widgets: Failed to generate thumbnail for perf_test_images\img_445.jpg: [Errno 2] No such file or directory: 'G:\\develop-G\\file\\perf_test_images\\img_445.jpg'
2026-02-05 12:32:08,520 [ERROR] widgets: Failed to generate thumbnail for perf_test_images\img_446.jpg: [Errno 2] No such file or directory: 'G:\\develop-G\\file\\perf_test_images\\img_446.jpg'
2026-02-05 12:32:08,535 [ERROR] widgets: Failed to generate thumbnail for perf_test_images\img_447.jpg: [Errno 2] No such file or directory: 'G:\\develop-G\\file\\perf_test_images\\img_447.jpg'
2026-02-05 12:32:08,551 [ERROR] widgets: Failed to generate thumbnail for perf_test_images\img_448.jpg: [Errno 2] No such file or directory: 'G:\\develop-G\\file\\perf_test_images\\img_448.jpg'
2026-02-05 12:32:08,567 [ERROR] widgets: Failed to generate thumbnail for perf_test_images\img_449.jpg: [Errno 2] No such file or directory: 'G:\\develop-G\\file\\perf_test_images\\img_449.jpg'
2026-02-05 12:32:08,583 [ERROR] widgets: Failed to generate thumbnail for perf_test_images\img_450.jpg: [Errno 2] No such file or directory: 'G:\\develop-G\\file\\perf_test_images\\img_450.jpg'
2026-02-05 12:32:08,597 [ERROR] widgets: Failed to generate thumbnail for perf_test_images\img_451.jpg: [Errno 2] No such file or directory: 'G:\\develop-G\\file\\perf_test_images\\img_451.jpg'
2026-02-05 12:32:08,614 [ERROR] widgets: Failed to generate thumbnail for perf_test_images\img_452.jpg: [Errno 2] No such file or directory: 'G:\\develop-G\\file\\perf_test_images\\img_452.jpg'
2026-02-05 12:32:08,629 [ERROR] widgets: Failed to generate thumbnail for perf_test_images\img_453.jpg: [Errno 2] No such file or directory: 'G:\\develop-G\\file\\perf_test_images\\img_453.jpg'
2026-02-05 12:32:08,645 [ERROR] widgets: Failed to generate thumbnail for perf_test_images\img_454.jpg: [Errno 2] No such file or directory: 'G:\\develop-G\\file\\perf_test_images\\img_454.jpg'
2026-02-05 12:32:08,660 [ERROR] widgets: Failed to generate thumbnail for perf_test_images\img_455.jpg: [Errno 2] No such file or directory: 'G:\\develop-G\\file\\perf_test_images\\img_455.jpg'
2026-02-05 12:32:08,678 [ERROR] widgets: Failed to generate thumbnail for perf_test_images\img_456.jpg: [Errno 2] No such file or directory: 'G:\\develop-G\\file\\perf_test_images\\img_456.jpg'
2026-02-05 12:32:08,694 [ERROR] widgets: Failed to generate thumbnail for perf_test_images\img_457.jpg: [Errno 2] No such file or directory: 'G:\\develop-G\\file\\perf_test_images\\img_457.jpg'
2026-02-05 12:32:08,710 [ERROR] widgets: Failed to generate thumbnail for perf_test_images\img_458.jpg: [Errno 2] No such file or directory: 'G:\\develop-G\\file\\perf_test_images\\img_458.jpg'
2026-02-05 12:32:08,726 [ERROR] widgets: Failed to generate thumbnail for perf_test_images\img_459.jpg: [Errno 2] No such file or directory: 'G:\\develop-G\\file\\perf_test_images\\img_459.jpg'
2026-02-05 12:32:08,738 [ERROR] widgets: Failed to generate thumbnail for perf_test_images\img_460.jpg: [Errno 2] No such file or directory: 'G:\\develop-G\\file\\perf_test_images\\img_460.jpg'
2026-02-05 12:32:08,754 [ERROR] widgets: Failed to generate thumbnail for perf_test_images\img_461.jpg: [Errno 2] No such file or directory: 'G:\\develop-G\\file\\perf_test_images\\img_461.jpg'
2026-02-05 12:32:08,770 [ERROR] widgets: Failed to generate thumbnail for perf_test_images\img_462.jpg: [Errno 2] No such file or directory: 'G:\\develop-G\\file\\perf_test_images\\img_462.jpg'
2026-02-05 12:32:08,785 [ERROR] widgets: Failed to generate thumbnail for perf_test_images\img_463.jpg: [Errno 2] No such file or directory: 'G:\\develop-G\\file\\perf_test_images\\img_463.jpg'
2026-02-05 12:32:08,801 [ERROR] widgets: Failed to generate thumbnail for perf_test_images\img_464.jpg: [Errno 2] No such file or directory: 'G:\\develop-G\\file\\perf_test_images\\img_464.jpg'
2026-02-05 12:32:08,816 [ERROR] widgets: Failed to generate thumbnail for perf_test_images\img_465.jpg: [Errno 2] No such file or directory: 'G:\\develop-G\\file\\perf_test_images\\img_465.jpg'
2026-02-05 12:32:08,831 [ERROR] widgets: Failed to generate thumbnail for perf_test_images\img_466.jpg: [Errno 2] No such file or directory: 'G:\\develop-G\\file\\perf_test_images\\img_466.jpg'
2026-02-05 12:32:08,854 [ERROR] widgets: Failed to generate thumbnail for perf_test_images\img_467.jpg: [Errno 2] No such file or directory: 'G:\\develop-G\\file\\perf_test_images\\img_467.jpg'
2026-02-05 12:32:08,880 [ERROR] widgets: Failed to generate thumbnail for perf_test_images\img_468.jpg: [Errno 2] No such file or directory: 'G:\\develop-G\\file\\perf_test_images\\img_468.jpg'
2026-02-05 12:32:08,903 [ERROR] widgets: Failed to generate thumbnail for perf_test_images\img_469.jpg: [Errno 2] No such file or directory: 'G:\\develop-G\\file\\perf_test_images\\img_469.jpg'
2026-02-05 12:32:08,915 [ERROR] widgets: Failed to generate thumbnail for perf_test_images\img_470.jpg: [Errno 2] No such file or directory: 'G:\\develop-G\\file\\perf_test_images\\img_470.jpg'
2026-02-05 12:32:08,930 [ERROR] widgets: Failed to generate thumbnail for perf_test_images\img_471.jpg: [Errno 2] No such file or directory: 'G:\\develop-G\\file\\perf_test_images\\img_471.jpg'
2026-02-05 12:32:08,953 [ERROR] widgets: Failed to generate thumbnail for perf_test_images\img_472.jpg: [Errno 2] No such file or directory: 'G:\\develop-G\\file\\perf_test_images\\img_472.jpg'
2026-02-05 12:32:08,964 [ERROR] widgets: Failed to generate thumbnail for perf_test_images\img_473.jpg: [Errno 2] No such file or directory: 'G:\\develop-G\\file\\perf_test_images\\img_473.jpg'
2026-02-05 12:32:08,986 [ERROR] widgets: Failed to generate thumbnail for perf_test_images\img_474.jpg: [Errno 2] No such file or directory: 'G:\\develop-G\\file\\perf_test_images\\img_474.jpg'
2026-02-05 12:32:09,004 [ERROR] widgets: Failed to generate thumbnail for perf_test_images\img_475.jpg: [Errno 2] No such file or directory: 'G:\\develop-G\\file\\perf_test_images\\img_475.jpg'
2026-02-05 12:32:09,021 [ERROR] widgets: Failed to generate thumbnail for perf_test_images\img_476.jpg: [Errno 2] No such file or directory: 'G:\\develop-G\\file\\perf_test_images\\img_476.jpg'
2026-02-05 12:32:09,037 [ERROR] widgets: Failed to generate thumbnail for perf_test_images\img_477.jpg: [Errno 2] No such file or directory: 'G:\\develop-G\\file\\perf_test_images\\img_477.jpg'
2026-02-05 12:32:09,053 [ERROR] widgets: Failed to generate thumbnail for perf_test_images\img_478.jpg: [Errno 2] No such file or directory: 'G:\\develop-G\\file\\perf_test_images\\img_478.jpg'
2026-02-05 12:32:09,068 [ERROR] widgets: Failed to generate thumbnail for perf_test_images\img_479.jpg: [Errno 2] No such file or directory: 'G:\\develop-G\\file\\perf_test_images\\img_479.jpg'
2026-02-05 12:32:09,084 [ERROR] widgets: Failed to generate thumbnail for perf_test_images\img_480.jpg: [Errno 2] No such file or directory: 'G:\\develop-G\\file\\perf_test_images\\img_480.jpg'
2026-02-05 12:32:09,099 [ERROR] widgets: Failed to generate thumbnail for perf_test_images\img_481.jpg: [Errno 2] No such file or directory: 'G:\\develop-G\\file\\perf_test_images\\img_481.jpg'
2026-02-05 12:32:09,114 [ERROR] widgets: Failed to generate thumbnail for perf_test_images\img_482.jpg: [Errno 2] No such file or directory: 'G:\\develop-G\\file\\perf_test_images\\img_482.jpg'
2026-02-05 12:32:09,130 [ERROR] widgets: Failed to generate thumbnail for perf_test_images\img_483.jpg: [Errno 2] No such file or directory: 'G:\\develop-G\\file\\perf_test_images\\img_483.jpg'
2026-02-05 12:32:09,154 [ERROR] widgets: Failed to generate thumbnail for perf_test_images\img_484.jpg: [Errno 2] No such file or directory: 'G:\\develop-G\\file\\perf_test_images\\img_484.jpg'
2026-02-05 12:32:09,170 [ERROR] widgets: Failed to generate thumbnail for perf_test_images\img_485.jpg: [Errno 2] No such file or directory: 'G:\\develop-G\\file\\perf_test_images\\img_485.jpg'
2026-02-05 12:32:09,186 [ERROR] widgets: Failed to generate thumbnail for perf_test_images\img_486.jpg: [Errno 2] No such file or directory: 'G:\\develop-G\\file\\perf_test_images\\img_486.jpg'
2026-02-05 12:32:09,202 [ERROR] widgets: Failed to generate thumbnail for perf_test_images\img_487.jpg: [Errno 2] No such file or directory: 'G:\\develop-G\\file\\perf_test_images\\img_487.jpg'
2026-02-05 12:32:09,218 [ERROR] widgets: Failed to generate thumbnail for perf_test_images\img_488.jpg: [Errno 2] No such file or directory: 'G:\\develop-G\\file\\perf_test_images\\img_488.jpg'
2026-02-05 12:32:09,234 [ERROR] widgets: Failed to generate thumbnail for perf_test_images\img_489.jpg: [Errno 2] No such file or directory: 'G:\\develop-G\\file\\perf_test_images\\img_489.jpg'
2026-02-05 12:32:09,250 [ERROR] widgets: Failed to generate thumbnail for perf_test_images\img_490.jpg: [Errno 2] No such file or directory: 'G:\\develop-G\\file\\perf_test_images\\img_490.jpg'
2026-02-05 12:32:09,265 [ERROR] widgets: Failed to generate thumbnail for perf_test_images\img_491.jpg: [Errno 2] No such file or directory: 'G:\\develop-G\\file\\perf_test_images\\img_491.jpg'
2026-02-05 12:32:09,281 [ERROR] widgets: Failed to generate thumbnail for perf_test_images\img_492.jpg: [Errno 2] No such file or directory: 'G:\\develop-G\\file\\perf_test_images\\img_492.jpg'
2026-02-05 12:32:09,297 [ERROR] widgets: Failed to generate thumbnail for perf_test_images\img_493.jpg: [Errno 2] No such file or directory: 'G:\\develop-G\\file\\perf_test_images\\img_493.jpg'
2026-02-05 12:32:09,320 [ERROR] widgets: Failed to generate thumbnail for perf_test_images\img_494.jpg: [Errno 2] No such file or directory: 'G:\\develop-G\\file\\perf_test_images\\img_494.jpg'
2026-02-05 12:32:09,346 [ERROR] widgets: Failed to generate thumbnail for perf_test_images\img_495.jpg: [Errno 2] No such file or directory: 'G:\\develop-G\\file\\perf_test_images\\img_495.jpg'
2026-02-05 12:32:09,363 [ERROR] widgets: Failed to generate thumbnail for perf_test_images\img_496.jpg: [Errno 2] No such file or directory: 'G:\\develop-G\\file\\perf_test_images\\img_496.jpg'
2026-02-05 12:32:09,388 [ERROR] widgets: Failed to generate thumbnail for perf_test_images\img_497.jpg: [Errno 2] No such file or directory: 'G:\\develop-G\\file\\perf_test_images\\img_497.jpg'
2026-02-05 12:32:09,405 [ERROR] widgets: Failed to generate thumbnail for perf_test_images\img_498.jpg: [Errno 2] No such file or directory: 'G:\\develop-G\\file\\perf_test_images\\img_498.jpg'
2026-02-05 12:32:09,429 [ERROR] widgets: Failed to generate thumbnail for perf_test_images\img_499.jpg: [Errno 2] No such file or directory: 'G:\\develop-G\\file\\perf_test_images\\img_499.jpg'
2026-02-05 12:32:09,453 [ERROR] widgets: Failed to generate thumbnail for perf_test_images\img_500.jpg: [Errno 2] No such file or directory: 'G:\\develop-G\\file\\perf_test_images\\img_500.jpg'
2026-02-05 12:32:09,471 [ERROR] widgets: Failed to generate thumbnail for perf_test_images\img_501.jpg: [Errno 2] No such file or directory: 'G:\\develop-G\\file\\perf_test_images\\img_501.jpg'
2026-02-05 12:32:09,496 [ERROR] widgets: Failed to generate thumbnail for perf_test_images\img_502.jpg: [Errno 2] No such file or directory: 'G:\\develop-G\\file\\perf_test_images\\img_502.jpg'
2026-02-05 12:32:09,520 [ERROR] widgets: Failed to generate thumbnail for perf_test_images\img_503.jpg: [Errno 2] No such file or directory: 'G:\\develop-G\\file\\perf_test_images\\img_503.jpg'
2026-02-05 12:32:09,546 [ERROR] widgets: Failed to generate thumbnail for perf_test_images\img_504.jpg: [Errno 2] No such file or directory: 'G:\\develop-G\\file\\perf_test_images\\img_504.jpg'
2026-02-05 12:32:09,570 [ERROR] widgets: Failed to generate thumbnail for perf_test_images\img_505.jpg: [Errno 2] No such file or directory: 'G:\\develop-G\\file\\perf_test_images\\img_505.jpg'
2026-02-05 12:32:09,589 [ERROR] widgets: Failed to generate thumbnail for perf_test_images\img_506.jpg: [Errno 2] No such file or directory: 'G:\\develop-G\\file\\perf_test_images\\img_506.jpg'
2026-02-05 12:32:09,604 [ERROR] widgets: Failed to generate thumbnail for perf_test_images\img_507.jpg: [Errno 2] No such file or directory: 'G:\\develop-G\\file\\perf_test_images\\img_507.jpg'
2026-02-05 12:32:09,619 [ERROR] widgets: Failed to generate thumbnail for perf_test_images\img_508.jpg: [Errno 2] No such file or directory: 'G:\\develop-G\\file\\perf_test_images\\img_508.jpg'
2026-02-05 12:32:09,635 [ERROR] widgets: Failed to generate thumbnail for perf_test_images\img_509.jpg: [Errno 2] No such file or directory: 'G:\\develop-G\\file\\perf_test_images\\img_509.jpg'
2026-02-05 12:32:09,651 [ERROR] widgets: Failed to generate thumbnail for perf_test_images\img_510.jpg: [Errno 2] No such file or directory: 'G:\\develop-G\\file\\perf_test_images\\img_510.jpg'
2026-02-05 12:32:09,668 [ERROR] widgets: Failed to generate thumbnail for perf_test_images\img_511.jpg: [Errno 2] No such file or directory: 'G:\\develop-G\\file\\perf_test_images\\img_511.jpg'
2026-02-05 12:32:09,683 [ERROR] widgets: Failed to generate thumbnail for perf_test_images\img_512.jpg: [Errno 2] No such file or directory: 'G:\\develop-G\\file\\perf_test_images\\img_512.jpg'
2026-02-05 12:32:09,699 [ERROR] widgets: Failed to generate thumbnail for perf_test_images\img_513.jpg: [Errno 2] No such file or directory: 'G:\\develop-G\\file\\perf_test_images\\img_513.jpg'
2026-02-05 12:32:09,714 [ERROR] widgets: Failed to generate thumbnail for perf_test_images\img_514.jpg: [Errno 2] No such file or directory: 'G:\\develop-G\\file\\perf_test_images\\img_514.jpg'
2026-02-05 12:32:09,731 [ERROR] widgets: Failed to generate thumbnail for perf_test_images\img_515.jpg: [Errno 2] No such file or directory: 'G:\\develop-G\\file\\perf_test_images\\img_515.jpg'
2026-02-05 12:32:09,746 [ERROR] widgets: Failed to generate thumbnail for perf_test_images\img_516.jpg: [Errno 2] No such file or directory: 'G:\\develop-G\\file\\perf_test_images\\img_516.jpg'
2026-02-05 12:32:09,770 [ERROR] widgets: Failed to generate thumbnail for perf_test_images\img_517.jpg: [Errno 2] No such file or directory: 'G:\\develop-G\\file\\perf_test_images\\img_517.jpg'
2026-02-05 12:32:09,788 [ERROR] widgets: Failed to generate thumbnail for perf_test_images\img_518.jpg: [Errno 2] No such file or directory: 'G:\\develop-G\\file\\perf_test_images\\img_518.jpg'
2026-02-05 12:32:09,815 [ERROR] widgets: Failed to generate thumbnail for perf_test_images\img_519.jpg: [Errno 2] No such file or directory: 'G:\\develop-G\\file\\perf_test_images\\img_519.jpg'
2026-02-05 12:32:09,830 [ERROR] widgets: Failed to generate thumbnail for perf_test_images\img_520.jpg: [Errno 2] No such file or directory: 'G:\\develop-G\\file\\perf_test_images\\img_520.jpg'
2026-02-05 12:32:09,845 [ERROR] widgets: Failed to generate thumbnail for perf_test_images\img_521.jpg: [Errno 2] No such file or directory: 'G:\\develop-G\\file\\perf_test_images\\img_521.jpg'
2026-02-05 12:32:09,871 [ERROR] widgets: Failed to generate thumbnail for perf_test_images\img_522.jpg: [Errno 2] No such file or directory: 'G:\\develop-G\\file\\perf_test_images\\img_522.jpg'
2026-02-05 12:32:09,886 [ERROR] widgets: Failed to generate thumbnail for perf_test_images\img_523.jpg: [Errno 2] No such file or directory: 'G:\\develop-G\\file\\perf_test_images\\img_523.jpg'
2026-02-05 12:32:09,902 [ERROR] widgets: Failed to generate thumbnail for perf_test_images\img_524.jpg: [Errno 2] No such file or directory: 'G:\\develop-G\\file\\perf_test_images\\img_524.jpg'
2026-02-05 12:32:09,918 [ERROR] widgets: Failed to generate thumbnail for perf_test_images\img_525.jpg: [Errno 2] No such file or directory: 'G:\\develop-G\\file\\perf_test_images\\img_525.jpg'
2026-02-05 12:32:09,934 [ERROR] widgets: Failed to generate thumbnail for perf_test_images\img_526.jpg: [Errno 2] No such file or directory: 'G:\\develop-G\\file\\perf_test_images\\img_526.jpg'
2026-02-05 12:32:09,949 [ERROR] widgets: Failed to generate thumbnail for perf_test_images\img_527.jpg: [Errno 2] No such file or directory: 'G:\\develop-G\\file\\perf_test_images\\img_527.jpg'
2026-02-05 12:32:09,965 [ERROR] widgets: Failed to generate thumbnail for perf_test_images\img_528.jpg: [Errno 2] No such file or directory: 'G:\\develop-G\\file\\perf_test_images\\img_528.jpg'
2026-02-05 12:32:09,982 [ERROR] widgets: Failed to generate thumbnail for perf_test_images\img_529.jpg: [Errno 2] No such file or directory: 'G:\\develop-G\\file\\perf_test_images\\img_529.jpg'
2026-02-05 12:32:09,996 [ERROR] widgets: Failed to generate thumbnail for perf_test_images\img_530.jpg: [Errno 2] No such file or directory: 'G:\\develop-G\\file\\perf_test_images\\img_530.jpg'
2026-02-05 12:32:10,013 [ERROR] widgets: Failed to generate thumbnail for perf_test_images\img_531.jpg: [Errno 2] No such file or directory: 'G:\\develop-G\\file\\perf_test_images\\img_531.jpg'
2026-02-05 12:32:10,037 [ERROR] widgets: Failed to generate thumbnail for perf_test_images\img_532.jpg: [Errno 2] No such file or directory: 'G:\\develop-G\\file\\perf_test_images\\img_532.jpg'
2026-02-05 12:32:10,063 [ERROR] widgets: Failed to generate thumbnail for perf_test_images\img_533.jpg: [Errno 2] No such file or directory: 'G:\\develop-G\\file\\perf_test_images\\img_533.jpg'
2026-02-05 12:32:10,086 [ERROR] widgets: Failed to generate thumbnail for perf_test_images\img_534.jpg: [Errno 2] No such file or directory: 'G:\\develop-G\\file\\perf_test_images\\img_534.jpg'
2026-02-05 12:32:10,104 [ERROR] widgets: Failed to generate thumbnail for perf_test_images\img_535.jpg: [Errno 2] No such file or directory: 'G:\\develop-G\\file\\perf_test_images\\img_535.jpg'
2026-02-05 12:32:10,120 [ERROR] widgets: Failed to generate thumbnail for perf_test_images\img_536.jpg: [Errno 2] No such file or directory: 'G:\\develop-G\\file\\perf_test_images\\img_536.jpg'
2026-02-05 12:32:10,136 [ERROR] widgets: Failed to generate thumbnail for perf_test_images\img_537.jpg: [Errno 2] No such file or directory: 'G:\\develop-G\\file\\perf_test_images\\img_537.jpg'
2026-02-05 12:32:10,152 [ERROR] widgets: Failed to generate thumbnail for perf_test_images\img_538.jpg: [Errno 2] No such file or directory: 'G:\\develop-G\\file\\perf_test_images\\img_538.jpg'
2026-02-05 12:32:10,167 [ERROR] widgets: Failed to generate thumbnail for perf_test_images\img_539.jpg: [Errno 2] No such file or directory: 'G:\\develop-G\\file\\perf_test_images\\img_539.jpg'
2026-02-05 12:32:10,184 [ERROR] widgets: Failed to generate thumbnail for perf_test_images\img_540.jpg: [Errno 2] No such file or directory: 'G:\\develop-G\\file\\perf_test_images\\img_540.jpg'
2026-02-05 12:32:10,200 [ERROR] widgets: Failed to generate thumbnail for perf_test_images\img_541.jpg: [Errno 2] No such file or directory: 'G:\\develop-G\\file\\perf_test_images\\img_541.jpg'
2026-02-05 12:32:10,216 [ERROR] widgets: Failed to generate thumbnail for perf_test_images\img_542.jpg: [Errno 2] No such file or directory: 'G:\\develop-G\\file\\perf_test_images\\img_542.jpg'
2026-02-05 12:32:10,232 [ERROR] widgets: Failed to generate thumbnail for perf_test_images\img_543.jpg: [Errno 2] No such file or directory: 'G:\\develop-G\\file\\perf_test_images\\img_543.jpg'
2026-02-05 12:32:10,247 [ERROR] widgets: Failed to generate thumbnail for perf_test_images\img_544.jpg: [Errno 2] No such file or directory: 'G:\\develop-G\\file\\perf_test_images\\img_544.jpg'
2026-02-05 12:32:10,263 [ERROR] widgets: Failed to generate thumbnail for perf_test_images\img_545.jpg: [Errno 2] No such file or directory: 'G:\\develop-G\\file\\perf_test_images\\img_545.jpg'
2026-02-05 12:32:10,286 [ERROR] widgets: Failed to generate thumbnail for perf_test_images\img_546.jpg: [Errno 2] No such file or directory: 'G:\\develop-G\\file\\perf_test_images\\img_546.jpg'
2026-02-05 12:32:10,313 [ERROR] widgets: Failed to generate thumbnail for perf_test_images\img_547.jpg: [Errno 2] No such file or directory: 'G:\\develop-G\\file\\perf_test_images\\img_547.jpg'
2026-02-05 12:32:10,336 [ERROR] widgets: Failed to generate thumbnail for perf_test_images\img_548.jpg: [Errno 2] No such file or directory: 'G:\\develop-G\\file\\perf_test_images\\img_548.jpg'
2026-02-05 12:32:10,348 [ERROR] widgets: Failed to generate thumbnail for perf_test_images\img_549.jpg: [Errno 2] No such file or directory: 'G:\\develop-G\\file\\perf_test_images\\img_549.jpg'
2026-02-05 12:32:10,364 [ERROR] widgets: Failed to generate thumbnail for perf_test_images\img_550.jpg: [Errno 2] No such file or directory: 'G:\\develop-G\\file\\perf_test_images\\img_550.jpg'
2026-02-05 12:32:10,380 [ERROR] widgets: Failed to generate thumbnail for perf_test_images\img_551.jpg: [Errno 2] No such file or directory: 'G:\\develop-G\\file\\perf_test_images\\img_551.jpg'
2026-02-05 12:32:10,396 [ERROR] widgets: Failed to generate thumbnail for perf_test_images\img_552.jpg: [Errno 2] No such file or directory: 'G:\\develop-G\\file\\perf_test_images\\img_552.jpg'
2026-02-05 12:32:10,421 [ERROR] widgets: Failed to generate thumbnail for perf_test_images\img_553.jpg: [Errno 2] No such file or directory: 'G:\\develop-G\\file\\perf_test_images\\img_553.jpg'
2026-02-05 12:32:10,436 [ERROR] widgets: Failed to generate thumbnail for perf_test_images\img_554.jpg: [Errno 2] No such file or directory: 'G:\\develop-G\\file\\perf_test_images\\img_554.jpg'
2026-02-05 12:32:10,451 [ERROR] widgets: Failed to generate thumbnail for perf_test_images\img_555.jpg: [Errno 2] No such file or directory: 'G:\\develop-G\\file\\perf_test_images\\img_555.jpg'
2026-02-05 12:32:10,468 [ERROR] widgets: Failed to generate thumbnail for perf_test_images\img_556.jpg: [Errno 2] No such file or directory: 'G:\\develop-G\\file\\perf_test_images\\img_556.jpg'
2026-02-05 12:32:10,484 [ERROR] widgets: Failed to generate thumbnail for perf_test_images\img_557.jpg: [Errno 2] No such file or directory: 'G:\\develop-G\\file\\perf_test_images\\img_557.jpg'
2026-02-05 12:32:10,499 [ERROR] widgets: Failed to generate thumbnail for perf_test_images\img_558.jpg: [Errno 2] No such file or directory: 'G:\\develop-G\\file\\perf_test_images\\img_558.jpg'
2026-02-05 12:32:10,515 [ERROR] widgets: Failed to generate thumbnail for perf_test_images\img_559.jpg: [Errno 2] No such file or directory: 'G:\\develop-G\\file\\perf_test_images\\img_559.jpg'
2026-02-05 12:32:10,530 [ERROR] widgets: Failed to generate thumbnail for perf_test_images\img_560.jpg: [Errno 2] No such file or directory: 'G:\\develop-G\\file\\perf_test_images\\img_560.jpg'
2026-02-05 12:32:10,546 [ERROR] widgets: Failed to generate thumbnail for perf_test_images\img_561.jpg: [Errno 2] No such file or directory: 'G:\\develop-G\\file\\perf_test_images\\img_561.jpg'
2026-02-05 12:32:10,570 [ERROR] widgets: Failed to generate thumbnail for perf_test_images\img_562.jpg: [Errno 2] No such file or directory: 'G:\\develop-G\\file\\perf_test_images\\img_562.jpg'
2026-02-05 12:32:10,586 [ERROR] widgets: Failed to generate thumbnail for perf_test_images\img_563.jpg: [Errno 2] No such file or directory: 'G:\\develop-G\\file\\perf_test_images\\img_563.jpg'
2026-02-05 12:32:10,602 [ERROR] widgets: Failed to generate thumbnail for perf_test_images\img_564.jpg: [Errno 2] No such file or directory: 'G:\\develop-G\\file\\perf_test_images\\img_564.jpg'
2026-02-05 12:32:10,618 [ERROR] widgets: Failed to generate thumbnail for perf_test_images\img_565.jpg: [Errno 2] No such file or directory: 'G:\\develop-G\\file\\perf_test_images\\img_565.jpg'
2026-02-05 12:32:10,635 [ERROR] widgets: Failed to generate thumbnail for perf_test_images\img_566.jpg: [Errno 2] No such file or directory: 'G:\\develop-G\\file\\perf_test_images\\img_566.jpg'
2026-02-05 12:32:10,652 [ERROR] widgets: Failed to generate thumbnail for perf_test_images\img_567.jpg: [Errno 2] No such file or directory: 'G:\\develop-G\\file\\perf_test_images\\img_567.jpg'
2026-02-05 12:32:10,668 [ERROR] widgets: Failed to generate thumbnail for perf_test_images\img_568.jpg: [Errno 2] No such file or directory: 'G:\\develop-G\\file\\perf_test_images\\img_568.jpg'
2026-02-05 12:32:10,684 [ERROR] widgets: Failed to generate thumbnail for perf_test_images\img_569.jpg: [Errno 2] No such file or directory: 'G:\\develop-G\\file\\perf_test_images\\img_569.jpg'
2026-02-05 12:32:10,701 [ERROR] widgets: Failed to generate thumbnail for perf_test_images\img_570.jpg: [Errno 2] No such file or directory: 'G:\\develop-G\\file\\perf_test_images\\img_570.jpg'
2026-02-05 12:32:10,716 [ERROR] widgets: Failed to generate thumbnail for perf_test_images\img_571.jpg: [Errno 2] No such file or directory: 'G:\\develop-G\\file\\perf_test_images\\img_571.jpg'
2026-02-05 12:32:10,732 [ERROR] widgets: Failed to generate thumbnail for perf_test_images\img_572.jpg: [Errno 2] No such file or directory: 'G:\\develop-G\\file\\perf_test_images\\img_572.jpg'
2026-02-05 12:32:10,748 [ERROR] widgets: Failed to generate thumbnail for perf_test_images\img_573.jpg: [Errno 2] No such file or directory: 'G:\\develop-G\\file\\perf_test_images\\img_573.jpg'
2026-02-05 12:32:10,764 [ERROR] widgets: Failed to generate thumbnail for perf_test_images\img_574.jpg: [Errno 2] No such file or directory: 'G:\\develop-G\\file\\perf_test_images\\img_574.jpg'
2026-02-05 12:32:10,780 [ERROR] widgets: Failed to generate thumbnail for perf_test_images\img_575.jpg: [Errno 2] No such file or directory: 'G:\\develop-G\\file\\perf_test_images\\img_575.jpg'
2026-02-05 12:32:10,797 [ERROR] widgets: Failed to generate thumbnail for perf_test_images\img_576.jpg: [Errno 2] No such file or directory: 'G:\\develop-G\\file\\perf_test_images\\img_576.jpg'
2026-02-05 12:32:10,812 [ERROR] widgets: Failed to generate thumbnail for perf_test_images\img_577.jpg: [Errno 2] No such file or directory: 'G:\\develop-G\\file\\perf_test_images\\img_577.jpg'
2026-02-05 12:32:10,837 [ERROR] widgets: Failed to generate thumbnail for perf_test_images\img_578.jpg: [Errno 2] No such file or directory: 'G:\\develop-G\\file\\perf_test_images\\img_578.jpg'
2026-02-05 12:32:10,853 [ERROR] widgets: Failed to generate thumbnail for perf_test_images\img_579.jpg: [Errno 2] No such file or directory: 'G:\\develop-G\\file\\perf_test_images\\img_579.jpg'
2026-02-05 12:32:10,869 [ERROR] widgets: Failed to generate thumbnail for perf_test_images\img_580.jpg: [Errno 2] No such file or directory: 'G:\\develop-G\\file\\perf_test_images\\img_580.jpg'
2026-02-05 12:32:10,886 [ERROR] widgets: Failed to generate thumbnail for perf_test_images\img_581.jpg: [Errno 2] No such file or directory: 'G:\\develop-G\\file\\perf_test_images\\img_581.jpg'
2026-02-05 12:32:10,902 [ERROR] widgets: Failed to generate thumbnail for perf_test_images\img_582.jpg: [Errno 2] No such file or directory: 'G:\\develop-G\\file\\perf_test_images\\img_582.jpg'
2026-02-05 12:32:10,918 [ERROR] widgets: Failed to generate thumbnail for perf_test_images\img_583.jpg: [Errno 2] No such file or directory: 'G:\\develop-G\\file\\perf_test_images\\img_583.jpg'
2026-02-05 12:32:10,934 [ERROR] widgets: Failed to generate thumbnail for perf_test_images\img_584.jpg: [Errno 2] No such file or directory: 'G:\\develop-G\\file\\perf_test_images\\img_584.jpg'
2026-02-05 12:32:10,949 [ERROR] widgets: Failed to generate thumbnail for perf_test_images\img_585.jpg: [Errno 2] No such file or directory: 'G:\\develop-G\\file\\perf_test_images\\img_585.jpg'
2026-02-05 12:32:10,964 [ERROR] widgets: Failed to generate thumbnail for perf_test_images\img_586.jpg: [Errno 2] No such file or directory: 'G:\\develop-G\\file\\perf_test_images\\img_586.jpg'
2026-02-05 12:32:10,981 [ERROR] widgets: Failed to generate thumbnail for perf_test_images\img_587.jpg: [Errno 2] No such file or directory: 'G:\\develop-G\\file\\perf_test_images\\img_587.jpg'
2026-02-05 12:32:10,997 [ERROR] widgets: Failed to generate thumbnail for perf_test_images\img_588.jpg: [Errno 2] No such file or directory: 'G:\\develop-G\\file\\perf_test_images\\img_588.jpg'
2026-02-05 12:32:11,014 [ERROR] widgets: Failed to generate thumbnail for perf_test_images\img_589.jpg: [Errno 2] No such file or directory: 'G:\\develop-G\\file\\perf_test_images\\img_589.jpg'
2026-02-05 12:32:11,025 [ERROR] widgets: Failed to generate thumbnail for perf_test_images\img_590.jpg: [Errno 2] No such file or directory: 'G:\\develop-G\\file\\perf_test_images\\img_590.jpg'
2026-02-05 12:32:11,041 [ERROR] widgets: Failed to generate thumbnail for perf_test_images\img_591.jpg: [Errno 2] No such file or directory: 'G:\\develop-G\\file\\perf_test_images\\img_591.jpg'
2026-02-05 12:32:11,071 [ERROR] widgets: Failed to generate thumbnail for perf_test_images\img_592.jpg: [Errno 2] No such file or directory: 'G:\\develop-G\\file\\perf_test_images\\img_592.jpg'
2026-02-05 12:32:11,082 [ERROR] widgets: Failed to generate thumbnail for perf_test_images\img_593.jpg: [Errno 2] No such file or directory: 'G:\\develop-G\\file\\perf_test_images\\img_593.jpg'
2026-02-05 12:32:11,105 [ERROR] widgets: Failed to generate thumbnail for perf_test_images\img_594.jpg: [Errno 2] No such file or directory: 'G:\\develop-G\\file\\perf_test_images\\img_594.jpg'
2026-02-05 12:32:11,131 [ERROR] widgets: Failed to generate thumbnail for perf_test_images\img_595.jpg: [Errno 2] No such file or directory: 'G:\\develop-G\\file\\perf_test_images\\img_595.jpg'
2026-02-05 12:32:11,148 [ERROR] widgets: Failed to generate thumbnail for perf_test_images\img_596.jpg: [Errno 2] No such file or directory: 'G:\\develop-G\\file\\perf_test_images\\img_596.jpg'
2026-02-05 12:32:11,163 [ERROR] widgets: Failed to generate thumbnail for perf_test_images\img_597.jpg: [Errno 2] No such file or directory: 'G:\\develop-G\\file\\perf_test_images\\img_597.jpg'
2026-02-05 12:32:11,180 [ERROR] widgets: Failed to generate thumbnail for perf_test_images\img_598.jpg: [Errno 2] No such file or directory: 'G:\\develop-G\\file\\perf_test_images\\img_598.jpg'
2026-02-05 12:32:11,196 [ERROR] widgets: Failed to generate thumbnail for perf_test_images\img_599.jpg: [Errno 2] No such file or directory: 'G:\\develop-G\\file\\perf_test_images\\img_599.jpg'
2026-02-05 12:32:11,211 [ERROR] widgets: Failed to generate thumbnail for perf_test_images\img_600.jpg: [Errno 2] No such file or directory: 'G:\\develop-G\\file\\perf_test_images\\img_600.jpg'
2026-02-05 12:32:11,236 [ERROR] widgets: Failed to generate thumbnail for perf_test_images\img_601.jpg: [Errno 2] No such file or directory: 'G:\\develop-G\\file\\perf_test_images\\img_601.jpg'
2026-02-05 12:32:11,253 [ERROR] widgets: Failed to generate thumbnail for perf_test_images\img_602.jpg: [Errno 2] No such file or directory: 'G:\\develop-G\\file\\perf_test_images\\img_602.jpg'
2026-02-05 12:32:11,269 [ERROR] widgets: Failed to generate thumbnail for perf_test_images\img_603.jpg: [Errno 2] No such file or directory: 'G:\\develop-G\\file\\perf_test_images\\img_603.jpg'
2026-02-05 12:32:11,286 [ERROR] widgets: Failed to generate thumbnail for perf_test_images\img_604.jpg: [Errno 2] No such file or directory: 'G:\\develop-G\\file\\perf_test_images\\img_604.jpg'
2026-02-05 12:32:11,302 [ERROR] widgets: Failed to generate thumbnail for perf_test_images\img_605.jpg: [Errno 2] No such file or directory: 'G:\\develop-G\\file\\perf_test_images\\img_605.jpg'
2026-02-05 12:32:11,317 [ERROR] widgets: Failed to generate thumbnail for perf_test_images\img_606.jpg: [Errno 2] No such file or directory: 'G:\\develop-G\\file\\perf_test_images\\img_606.jpg'
2026-02-05 12:32:11,334 [ERROR] widgets: Failed to generate thumbnail for perf_test_images\img_607.jpg: [Errno 2] No such file or directory: 'G:\\develop-G\\file\\perf_test_images\\img_607.jpg'
2026-02-05 12:32:11,349 [ERROR] widgets: Failed to generate thumbnail for perf_test_images\img_608.jpg: [Errno 2] No such file or directory: 'G:\\develop-G\\file\\perf_test_images\\img_608.jpg'
2026-02-05 12:32:11,364 [ERROR] widgets: Failed to generate thumbnail for perf_test_images\img_609.jpg: [Errno 2] No such file or directory: 'G:\\develop-G\\file\\perf_test_images\\img_609.jpg'
2026-02-05 12:32:11,380 [ERROR] widgets: Failed to generate thumbnail for perf_test_images\img_610.jpg: [Errno 2] No such file or directory: 'G:\\develop-G\\file\\perf_test_images\\img_610.jpg'
2026-02-05 12:32:11,395 [ERROR] widgets: Failed to generate thumbnail for perf_test_images\img_611.jpg: [Errno 2] No such file or directory: 'G:\\develop-G\\file\\perf_test_images\\img_611.jpg'
2026-02-05 12:32:11,412 [ERROR] widgets: Failed to generate thumbnail for perf_test_images\img_612.jpg: [Errno 2] No such file or directory: 'G:\\develop-G\\file\\perf_test_images\\img_612.jpg'
2026-02-05 12:32:11,428 [ERROR] widgets: Failed to generate thumbnail for perf_test_images\img_613.jpg: [Errno 2] No such file or directory: 'G:\\develop-G\\file\\perf_test_images\\img_613.jpg'
2026-02-05 12:32:11,443 [ERROR] widgets: Failed to generate thumbnail for perf_test_images\img_614.jpg: [Errno 2] No such file or directory: 'G:\\develop-G\\file\\perf_test_images\\img_614.jpg'
2026-02-05 12:32:11,458 [ERROR] widgets: Failed to generate thumbnail for perf_test_images\img_615.jpg: [Errno 2] No such file or directory: 'G:\\develop-G\\file\\perf_test_images\\img_615.jpg'
2026-02-05 12:32:11,475 [ERROR] widgets: Failed to generate thumbnail for perf_test_images\img_616.jpg: [Errno 2] No such file or directory: 'G:\\develop-G\\file\\perf_test_images\\img_616.jpg'
2026-02-05 12:32:11,487 [ERROR] widgets: Failed to generate thumbnail for perf_test_images\img_617.jpg: [Errno 2] No such file or directory: 'G:\\develop-G\\file\\perf_test_images\\img_617.jpg'
2026-02-05 12:32:11,503 [ERROR] widgets: Failed to generate thumbnail for perf_test_images\img_618.jpg: [Errno 2] No such file or directory: 'G:\\develop-G\\file\\perf_test_images\\img_618.jpg'
2026-02-05 12:32:11,519 [ERROR] widgets: Failed to generate thumbnail for perf_test_images\img_619.jpg: [Errno 2] No such file or directory: 'G:\\develop-G\\file\\perf_test_images\\img_619.jpg'
2026-02-05 12:32:11,535 [ERROR] widgets: Failed to generate thumbnail for perf_test_images\img_620.jpg: [Errno 2] No such file or directory: 'G:\\develop-G\\file\\perf_test_images\\img_620.jpg'
2026-02-05 12:32:11,551 [ERROR] widgets: Failed to generate thumbnail for perf_test_images\img_621.jpg: [Errno 2] No such file or directory: 'G:\\develop-G\\file\\perf_test_images\\img_621.jpg'
2026-02-05 12:32:11,567 [ERROR] widgets: Failed to generate thumbnail for perf_test_images\img_622.jpg: [Errno 2] No such file or directory: 'G:\\develop-G\\file\\perf_test_images\\img_622.jpg'
2026-02-05 12:32:11,583 [ERROR] widgets: Failed to generate thumbnail for perf_test_images\img_623.jpg: [Errno 2] No such file or directory: 'G:\\develop-G\\file\\perf_test_images\\img_623.jpg'
2026-02-05 12:32:11,600 [ERROR] widgets: Failed to generate thumbnail for perf_test_images\img_624.jpg: [Errno 2] No such file or directory: 'G:\\develop-G\\file\\perf_test_images\\img_624.jpg'
2026-02-05 12:32:11,616 [ERROR] widgets: Failed to generate thumbnail for perf_test_images\img_625.jpg: [Errno 2] No such file or directory: 'G:\\develop-G\\file\\perf_test_images\\img_625.jpg'
2026-02-05 12:32:11,632 [ERROR] widgets: Failed to generate thumbnail for perf_test_images\img_626.jpg: [Errno 2] No such file or directory: 'G:\\develop-G\\file\\perf_test_images\\img_626.jpg'
2026-02-05 12:32:11,648 [ERROR] widgets: Failed to generate thumbnail for perf_test_images\img_627.jpg: [Errno 2] No such file or directory: 'G:\\develop-G\\file\\perf_test_images\\img_627.jpg'
2026-02-05 12:32:11,665 [ERROR] widgets: Failed to generate thumbnail for perf_test_images\img_628.jpg: [Errno 2] No such file or directory: 'G:\\develop-G\\file\\perf_test_images\\img_628.jpg'
2026-02-05 12:32:11,681 [ERROR] widgets: Failed to generate thumbnail for perf_test_images\img_629.jpg: [Errno 2] No such file or directory: 'G:\\develop-G\\file\\perf_test_images\\img_629.jpg'
2026-02-05 12:32:11,697 [ERROR] widgets: Failed to generate thumbnail for perf_test_images\img_630.jpg: [Errno 2] No such file or directory: 'G:\\develop-G\\file\\perf_test_images\\img_630.jpg'
2026-02-05 12:32:11,713 [ERROR] widgets: Failed to generate thumbnail for perf_test_images\img_631.jpg: [Errno 2] No such file or directory: 'G:\\develop-G\\file\\perf_test_images\\img_631.jpg'
2026-02-05 12:32:11,728 [ERROR] widgets: Failed to generate thumbnail for perf_test_images\img_632.jpg: [Errno 2] No such file or directory: 'G:\\develop-G\\file\\perf_test_images\\img_632.jpg'
2026-02-05 12:32:11,744 [ERROR] widgets: Failed to generate thumbnail for perf_test_images\img_633.jpg: [Errno 2] No such file or directory: 'G:\\develop-G\\file\\perf_test_images\\img_633.jpg'
2026-02-05 12:32:11,761 [ERROR] widgets: Failed to generate thumbnail for perf_test_images\img_634.jpg: [Errno 2] No such file or directory: 'G:\\develop-G\\file\\perf_test_images\\img_634.jpg'
2026-02-05 12:32:11,776 [ERROR] widgets: Failed to generate thumbnail for perf_test_images\img_635.jpg: [Errno 2] No such file or directory: 'G:\\develop-G\\file\\perf_test_images\\img_635.jpg'
2026-02-05 12:32:11,788 [ERROR] widgets: Failed to generate thumbnail for perf_test_images\img_636.jpg: [Errno 2] No such file or directory: 'G:\\develop-G\\file\\perf_test_images\\img_636.jpg'
2026-02-05 12:32:11,803 [ERROR] widgets: Failed to generate thumbnail for perf_test_images\img_637.jpg: [Errno 2] No such file or directory: 'G:\\develop-G\\file\\perf_test_images\\img_637.jpg'
2026-02-05 12:32:11,820 [ERROR] widgets: Failed to generate thumbnail for perf_test_images\img_638.jpg: [Errno 2] No such file or directory: 'G:\\develop-G\\file\\perf_test_images\\img_638.jpg'
2026-02-05 12:32:11,835 [ERROR] widgets: Failed to generate thumbnail for perf_test_images\img_639.jpg: [Errno 2] No such file or directory: 'G:\\develop-G\\file\\perf_test_images\\img_639.jpg'
2026-02-05 12:32:11,851 [ERROR] widgets: Failed to generate thumbnail for perf_test_images\img_640.jpg: [Errno 2] No such file or directory: 'G:\\develop-G\\file\\perf_test_images\\img_640.jpg'
2026-02-05 12:32:11,866 [ERROR] widgets: Failed to generate thumbnail for perf_test_images\img_641.jpg: [Errno 2] No such file or directory: 'G:\\develop-G\\file\\perf_test_images\\img_641.jpg'
2026-02-05 12:32:11,882 [ERROR] widgets: Failed to generate thumbnail for perf_test_images\img_642.jpg: [Errno 2] No such file or directory: 'G:\\develop-G\\file\\perf_test_images\\img_642.jpg'
2026-02-05 12:32:11,897 [ERROR] widgets: Failed to generate thumbnail for perf_test_images\img_643.jpg: [Errno 2] No such file or directory: 'G:\\develop-G\\file\\perf_test_images\\img_643.jpg'
2026-02-05 12:32:11,913 [ERROR] widgets: Failed to generate thumbnail for perf_test_images\img_644.jpg: [Errno 2] No such file or directory: 'G:\\develop-G\\file\\perf_test_images\\img_644.jpg'
2026-02-05 12:32:11,937 [ERROR] widgets: Failed to generate thumbnail for perf_test_images\img_645.jpg: [Errno 2] No such file or directory: 'G:\\develop-G\\file\\perf_test_images\\img_645.jpg'
2026-02-05 12:32:11,954 [ERROR] widgets: Failed to generate thumbnail for perf_test_images\img_646.jpg: [Errno 2] No such file or directory: 'G:\\develop-G\\file\\perf_test_images\\img_646.jpg'
2026-02-05 12:32:11,970 [ERROR] widgets: Failed to generate thumbnail for perf_test_images\img_647.jpg: [Errno 2] No such file or directory: 'G:\\develop-G\\file\\perf_test_images\\img_647.jpg'
2026-02-05 12:32:11,987 [ERROR] widgets: Failed to generate thumbnail for perf_test_images\img_648.jpg: [Errno 2] No such file or directory: 'G:\\develop-G\\file\\perf_test_images\\img_648.jpg'
2026-02-05 12:32:12,003 [ERROR] widgets: Failed to generate thumbnail for perf_test_images\img_649.jpg: [Errno 2] No such file or directory: 'G:\\develop-G\\file\\perf_test_images\\img_649.jpg'
2026-02-05 12:32:12,019 [ERROR] widgets: Failed to generate thumbnail for perf_test_images\img_650.jpg: [Errno 2] No such file or directory: 'G:\\develop-G\\file\\perf_test_images\\img_650.jpg'
2026-02-05 12:32:12,036 [ERROR] widgets: Failed to generate thumbnail for perf_test_images\img_651.jpg: [Errno 2] No such file or directory: 'G:\\develop-G\\file\\perf_test_images\\img_651.jpg'
2026-02-05 12:32:12,057 [ERROR] widgets: Failed to generate thumbnail for perf_test_images\img_652.jpg: [Errno 2] No such file or directory: 'G:\\develop-G\\file\\perf_test_images\\img_652.jpg'
2026-02-05 12:32:12,068 [ERROR] widgets: Failed to generate thumbnail for perf_test_images\img_653.jpg: [Errno 2] No such file or directory: 'G:\\develop-G\\file\\perf_test_images\\img_653.jpg'
2026-02-05 12:32:12,081 [ERROR] widgets: Failed to generate thumbnail for perf_test_images\img_654.jpg: [Errno 2] No such file or directory: 'G:\\develop-G\\file\\perf_test_images\\img_654.jpg'
2026-02-05 12:32:12,097 [ERROR] widgets: Failed to generate thumbnail for perf_test_images\img_655.jpg: [Errno 2] No such file or directory: 'G:\\develop-G\\file\\perf_test_images\\img_655.jpg'
2026-02-05 12:32:12,114 [ERROR] widgets: Failed to generate thumbnail for perf_test_images\img_656.jpg: [Errno 2] No such file or directory: 'G:\\develop-G\\file\\perf_test_images\\img_656.jpg'
2026-02-05 12:32:12,129 [ERROR] widgets: Failed to generate thumbnail for perf_test_images\img_657.jpg: [Errno 2] No such file or directory: 'G:\\develop-G\\file\\perf_test_images\\img_657.jpg'
2026-02-05 12:32:12,145 [ERROR] widgets: Failed to generate thumbnail for perf_test_images\img_658.jpg: [Errno 2] No such file or directory: 'G:\\develop-G\\file\\perf_test_images\\img_658.jpg'
2026-02-05 12:32:12,160 [ERROR] widgets: Failed to generate thumbnail for perf_test_images\img_659.jpg: [Errno 2] No such file or directory: 'G:\\develop-G\\file\\perf_test_images\\img_659.jpg'
2026-02-05 12:32:12,171 [ERROR] widgets: Failed to generate thumbnail for perf_test_images\img_660.jpg: [Errno 2] No such file or directory: 'G:\\develop-G\\file\\perf_test_images\\img_660.jpg'
2026-02-05 12:32:12,187 [ERROR] widgets: Failed to generate thumbnail for perf_test_images\img_661.jpg: [Errno 2] No such file or directory: 'G:\\develop-G\\file\\perf_test_images\\img_661.jpg'
2026-02-05 12:32:12,204 [ERROR] widgets: Failed to generate thumbnail for perf_test_images\img_662.jpg: [Errno 2] No such file or directory: 'G:\\develop-G\\file\\perf_test_images\\img_662.jpg'
2026-02-05 12:32:12,220 [ERROR] widgets: Failed to generate thumbnail for perf_test_images\img_663.jpg: [Errno 2] No such file or directory: 'G:\\develop-G\\file\\perf_test_images\\img_663.jpg'
2026-02-05 12:32:12,237 [ERROR] widgets: Failed to generate thumbnail for perf_test_images\img_664.jpg: [Errno 2] No such file or directory: 'G:\\develop-G\\file\\perf_test_images\\img_664.jpg'
2026-02-05 12:32:12,252 [ERROR] widgets: Failed to generate thumbnail for perf_test_images\img_665.jpg: [Errno 2] No such file or directory: 'G:\\develop-G\\file\\perf_test_images\\img_665.jpg'
2026-02-05 12:32:12,267 [ERROR] widgets: Failed to generate thumbnail for perf_test_images\img_666.jpg: [Errno 2] No such file or directory: 'G:\\develop-G\\file\\perf_test_images\\img_666.jpg'
2026-02-05 12:32:12,283 [ERROR] widgets: Failed to generate thumbnail for perf_test_images\img_667.jpg: [Errno 2] No such file or directory: 'G:\\develop-G\\file\\perf_test_images\\img_667.jpg'
2026-02-05 12:32:12,299 [ERROR] widgets: Failed to generate thumbnail for perf_test_images\img_668.jpg: [Errno 2] No such file or directory: 'G:\\develop-G\\file\\perf_test_images\\img_668.jpg'
2026-02-05 12:32:12,314 [ERROR] widgets: Failed to generate thumbnail for perf_test_images\img_669.jpg: [Errno 2] No such file or directory: 'G:\\develop-G\\file\\perf_test_images\\img_669.jpg'
2026-02-05 12:32:12,330 [ERROR] widgets: Failed to generate thumbnail for perf_test_images\img_670.jpg: [Errno 2] No such file or directory: 'G:\\develop-G\\file\\perf_test_images\\img_670.jpg'
2026-02-05 12:40:40,170 [INFO] main_window: Multithreading with maximum 32 threads
2026-02-05 12:40:40,269 [INFO] main: Application started
2026-02-05 12:41:16,854 [INFO] processor: Successfully split image: C:/Users/sky/Desktop/1770264037990_1770260187146319745_8791.png into 2x2
2026-02-05 12:41:18,819 [INFO] processor: Successfully split image: C:/Users/sky/Desktop/1770264037990_1770260187146319745_8791.png into 2x2
2026-02-05 12:41:19,304 [INFO] processor: Successfully split image: C:/Users/sky/Desktop/1770264037990_1770260187146319745_8791.png into 2x2
2026-02-05 12:41:21,779 [INFO] processor: Successfully split image: C:/Users/sky/Desktop/1770264037990_1770260187146319745_8791.png into 2x2
2026-02-05 12:42:28,207 [INFO] processor: Successfully split image: C:/Users/sky/Desktop/1770264037990_1770260187146319745_8791.png into 2x2
2026-02-05 13:00:54,495 [INFO] main_window: Multithreading with maximum 32 threads
2026-02-05 13:00:54,592 [INFO] main: Application started
2026-02-05 13:02:05,351 [INFO] main_window: Multithreading with maximum 32 threads
2026-02-05 13:02:05,443 [INFO] main: Application started
2026-02-05 13:02:48,482 [INFO] processor: Successfully split image: C:/Users/sky/Desktop/1770264037990_1770260187146319745_8791.png into 2x2
2026-02-05 13:15:34,752 [INFO] main_window: Multithreading with maximum 32 threads
2026-02-05 13:15:34,841 [INFO] main: Application started
2026-02-05 13:16:05,336 [INFO] main_window: Multithreading with maximum 32 threads
2026-02-05 13:16:05,424 [INFO] main: Application started
2026-02-05 13:19:48,183 [INFO] main_window: Multithreading with maximum 32 threads
2026-02-05 13:19:48,274 [INFO] main: Application started
2026-02-05 13:20:39,041 [INFO] processor: Successfully stitched 4 images to C:/Users/sky/Desktop\stitched_1770264037990_1770260187146319745_8791_1.jpg
2026-02-05 13:31:28,912 [INFO] main_window: Multithreading with maximum 32 threads
2026-02-05 13:31:29,023 [INFO] main: Application started
2026-02-05 13:41:26,425 [INFO] main_window: Multithreading with maximum 32 threads
2026-02-05 13:41:26,472 [CRITICAL] main: Critical error: name 'background' is not defined
Traceback (most recent call last):
  File "G:\develop-G\file\src\main.py", line 11, in main
    window = MainWindow()
  File "G:\develop-G\file\src\ui\main_window.py", line 67, in __init__
    self.apply_theme() # Apply initial theme
    ~~~~~~~~~~~~~~~~^^
  File "G:\develop-G\file\src\ui\main_window.py", line 296, in apply_theme
    qss = get_stylesheet(self.is_dark_mode)
  File "G:\develop-G\file\src\ui\theme.py", line 195, in get_stylesheet
    background-color: {t.SURFACE_SECONDARY};
    ^^^^^^^^^^
NameError: name 'background' is not defined
2026-02-05 13:43:44,590 [INFO] main_window: Multithreading with maximum 32 threads
2026-02-05 13:43:44,654 [CRITICAL] main: Critical error: name 'background' is not defined
Traceback (most recent call last):
  File "G:\develop-G\file\src\main.py", line 11, in main
    window = MainWindow()
  File "G:\develop-G\file\src\ui\main_window.py", line 67, in __init__
    self.apply_theme() # Apply initial theme
    ~~~~~~~~~~~~~~~~^^
  File "G:\develop-G\file\src\ui\main_window.py", line 296, in apply_theme
    qss = get_stylesheet(self.is_dark_mode)
  File "G:\develop-G\file\src\ui\theme.py", line 195, in get_stylesheet
    background-color: {t.SURFACE_SECONDARY};
    ^^^^^^^^^^
NameError: name 'background' is not defined
2026-02-05 13:44:26,357 [INFO] main_window: Multithreading with maximum 32 threads
2026-02-05 13:44:27,182 [INFO] main: Application started
2026-02-05 13:46:28,907 [INFO] main_window: Multithreading with maximum 32 threads
2026-02-05 13:46:29,549 [INFO] main: Application started
2026-02-05 14:02:12,071 [INFO] main_window: Multithreading with maximum 32 threads
2026-02-05 14:02:13,190 [INFO] main: Application started
2026-02-05 14:28:35,588 [INFO] main_window: Multithreading with maximum 32 threads
2026-02-05 14:28:36,399 [INFO] main: Application started
2026-02-05 14:33:25,452 [INFO] main_window: Multithreading with maximum 32 threads
2026-02-05 14:33:26,430 [INFO] main: Application started
2026-02-05 14:33:45,701 [INFO] main_window: Multithreading with maximum 32 threads
2026-02-05 14:33:46,359 [INFO] main: Application started
2026-02-05 14:34:47,670 [INFO] main_window: Multithreading with maximum 32 threads
2026-02-05 14:34:48,295 [INFO] main: Application started
2026-02-05 14:36:55,240 [INFO] main_window: Multithreading with maximum 32 threads
2026-02-05 14:36:56,149 [INFO] main: Application started
2026-02-05 14:37:29,502 [INFO] main_window: Multithreading with maximum 32 threads
2026-02-05 14:37:30,171 [INFO] main: Application started
2026-02-05 14:43:21,383 [INFO] main_window: Multithreading with maximum 32 threads
2026-02-05 14:43:22,221 [INFO] main: Application started
2026-02-05 14:43:50,937 [INFO] main_window: Multithreading with maximum 32 threads
2026-02-05 14:43:51,622 [INFO] main: Application started
2026-02-05 14:49:18,341 [INFO] main_window: Multithreading with maximum 32 threads
2026-02-05 14:49:19,081 [INFO] main: Application started
2026-02-05 14:52:28,882 [INFO] main_window: Multithreading with maximum 32 threads
2026-02-05 14:52:29,514 [INFO] main: Application started
2026-02-05 14:55:49,260 [INFO] main_window: Multithreading with maximum 32 threads
2026-02-05 14:55:50,099 [INFO] main: Application started
2026-02-05 14:56:27,965 [INFO] main_window: Multithreading with maximum 32 threads
2026-02-05 14:56:28,600 [INFO] main: Application started
2026-02-05 14:58:37,129 [INFO] main_window: Multithreading with maximum 32 threads
2026-02-05 14:58:37,891 [INFO] main: Application started
2026-02-05 15:00:17,143 [INFO] main_window: Multithreading with maximum 32 threads
2026-02-05 15:00:17,817 [INFO] main: Application started
2026-02-05 15:02:41,278 [INFO] main_window: Multithreading with maximum 32 threads
2026-02-05 15:02:42,105 [INFO] main: Application started
2026-02-05 15:04:00,949 [INFO] main_window: Multithreading with maximum 32 threads
2026-02-05 15:04:01,631 [INFO] main: Application started
2026-02-05 15:06:28,627 [INFO] main_window: Multithreading with maximum 32 threads
2026-02-05 15:06:29,605 [INFO] main: Application started
2026-02-05 15:07:34,094 [INFO] main_window: Multithreading with maximum 32 threads
2026-02-05 15:07:34,719 [INFO] main: Application started
2026-02-05 15:09:20,677 [INFO] main_window: Multithreading with maximum 32 threads
2026-02-05 15:09:21,512 [INFO] main: Application started
2026-02-05 15:10:04,417 [INFO] main_window: Multithreading with maximum 32 threads
2026-02-05 15:10:05,116 [INFO] main: Application started
